<?xml version="1.0" encoding="UTF-8"?>
<coverage generated="1590018403365" clover="3.2.0">
  <project timestamp="1590018403366" name="All files">
    <metrics statements="11747" coveredstatements="1977" conditionals="6794" coveredconditionals="949" methods="1673" coveredmethods="351" elements="20214" coveredelements="3277" complexity="0" loc="11747" ncloc="11747" packages="24" files="110" classes="110">
      <package name="diagram">
        <metrics statements="2485" coveredstatements="806" conditionals="1461" coveredconditionals="360" methods="402" coveredmethods="141"/>
        <file name="Diagram.js" path="/opt/app/src/js/diagram/Diagram.js">
          <metrics statements="490" coveredstatements="169" conditionals="236" coveredconditionals="59" methods="59" coveredmethods="24"/>
          <line num="185" count="85" type="stmt"/>
          <line num="192" count="85" type="stmt"/>
          <line num="199" count="85" type="stmt"/>
          <line num="200" count="85" type="stmt"/>
          <line num="201" count="85" type="stmt"/>
          <line num="202" count="85" type="stmt"/>
          <line num="204" count="85" type="stmt"/>
          <line num="207" count="85" type="stmt"/>
          <line num="208" count="85" type="stmt"/>
          <line num="210" count="85" type="cond" truecount="1" falsecount="1"/>
          <line num="211" count="85" type="stmt"/>
          <line num="212" count="85" type="cond" truecount="1" falsecount="1"/>
          <line num="213" count="85" type="stmt"/>
          <line num="214" count="85" type="stmt"/>
          <line num="215" count="85" type="stmt"/>
          <line num="216" count="425" type="stmt"/>
          <line num="217" count="425" type="cond" truecount="4" falsecount="0"/>
          <line num="219" count="170" type="stmt"/>
          <line num="221" count="425" type="cond" truecount="3" falsecount="1"/>
          <line num="223" count="0" type="stmt"/>
          <line num="225" count="425" type="cond" truecount="4" falsecount="0"/>
          <line num="227" count="170" type="stmt"/>
          <line num="229" count="425" type="cond" truecount="3" falsecount="1"/>
          <line num="231" count="0" type="stmt"/>
          <line num="233" count="425" type="cond" truecount="2" falsecount="0"/>
          <line num="235" count="85" type="stmt"/>
          <line num="238" count="85" type="cond" truecount="1" falsecount="1"/>
          <line num="239" count="0" type="stmt"/>
          <line num="240" count="0" type="stmt"/>
          <line num="241" count="0" type="stmt"/>
          <line num="243" count="85" type="cond" truecount="1" falsecount="1"/>
          <line num="244" count="0" type="stmt"/>
          <line num="245" count="0" type="stmt"/>
          <line num="246" count="0" type="stmt"/>
          <line num="248" count="85" type="cond" truecount="1" falsecount="1"/>
          <line num="249" count="0" type="stmt"/>
          <line num="250" count="0" type="stmt"/>
          <line num="251" count="0" type="stmt"/>
          <line num="254" count="85" type="stmt"/>
          <line num="255" count="85" type="stmt"/>
          <line num="256" count="85" type="stmt"/>
          <line num="257" count="85" type="stmt"/>
          <line num="271" count="85" type="stmt"/>
          <line num="273" count="85" type="stmt"/>
          <line num="274" count="85" type="stmt"/>
          <line num="278" count="85" type="stmt"/>
          <line num="279" count="85" type="cond" truecount="1" falsecount="1"/>
          <line num="280" count="0" type="stmt"/>
          <line num="284" count="0" type="stmt"/>
          <line num="286" count="85" type="stmt"/>
          <line num="287" count="85" type="cond" truecount="1" falsecount="1"/>
          <line num="288" count="0" type="stmt"/>
          <line num="289" count="0" type="stmt"/>
          <line num="295" count="85" type="cond" truecount="1" falsecount="1"/>
          <line num="296" count="0" type="stmt"/>
          <line num="297" count="0" type="cond" truecount="0" falsecount="2"/>
          <line num="298" count="0" type="stmt"/>
          <line num="301" count="85" type="cond" truecount="1" falsecount="1"/>
          <line num="302" count="85" type="stmt"/>
          <line num="305" count="85" type="cond" truecount="1" falsecount="1"/>
          <line num="306" count="85" type="stmt"/>
          <line num="309" count="85" type="stmt"/>
          <line num="310" count="85" type="stmt"/>
          <line num="312" count="85" type="stmt"/>
          <line num="313" count="85" type="stmt"/>
          <line num="314" count="85" type="stmt"/>
          <line num="315" count="85" type="stmt"/>
          <line num="316" count="85" type="stmt"/>
          <line num="317" count="85" type="stmt"/>
          <line num="318" count="85" type="stmt"/>
          <line num="319" count="85" type="stmt"/>
          <line num="320" count="85" type="stmt"/>
          <line num="334" count="85" type="stmt"/>
          <line num="335" count="85" type="stmt"/>
          <line num="336" count="85" type="stmt"/>
          <line num="337" count="85" type="stmt"/>
          <line num="339" count="85" type="stmt"/>
          <line num="340" count="85" type="stmt"/>
          <line num="341" count="85" type="stmt"/>
          <line num="343" count="85" type="stmt"/>
          <line num="344" count="85" type="stmt"/>
          <line num="346" count="85" type="stmt"/>
          <line num="347" count="85" type="stmt"/>
          <line num="348" count="85" type="cond" truecount="1" falsecount="1"/>
          <line num="349" count="85" type="stmt"/>
          <line num="351" count="85" type="stmt"/>
          <line num="355" count="85" type="stmt"/>
          <line num="356" count="85" type="stmt"/>
          <line num="357" count="85" type="stmt"/>
          <line num="358" count="85" type="stmt"/>
          <line num="359" count="85" type="stmt"/>
          <line num="360" count="85" type="cond" truecount="1" falsecount="1"/>
          <line num="362" count="0" type="stmt"/>
          <line num="363" count="0" type="stmt"/>
          <line num="365" count="85" type="stmt"/>
          <line num="366" count="85" type="stmt"/>
          <line num="367" count="85" type="stmt"/>
          <line num="368" count="85" type="stmt"/>
          <line num="369" count="85" type="stmt"/>
          <line num="370" count="85" type="stmt"/>
          <line num="371" count="85" type="stmt"/>
          <line num="375" count="85" type="stmt"/>
          <line num="384" count="85" type="stmt"/>
          <line num="385" count="3" type="stmt"/>
          <line num="386" count="3" type="cond" truecount="2" falsecount="0"/>
          <line num="387" count="1" type="stmt"/>
          <line num="389" count="2" type="stmt"/>
          <line num="392" count="85" type="stmt"/>
          <line num="393" count="3" type="stmt"/>
          <line num="394" count="3" type="cond" truecount="2" falsecount="0"/>
          <line num="395" count="1" type="stmt"/>
          <line num="397" count="2" type="stmt"/>
          <line num="400" count="85" type="stmt"/>
          <line num="401" count="9" type="stmt"/>
          <line num="402" count="9" type="stmt"/>
          <line num="405" count="85" type="stmt"/>
          <line num="406" count="85" type="stmt"/>
          <line num="407" count="85" type="stmt"/>
          <line num="411" count="0" type="stmt"/>
          <line num="412" count="0" type="stmt"/>
          <line num="416" count="0" type="stmt"/>
          <line num="424" count="0" type="stmt"/>
          <line num="432" count="141" type="stmt"/>
          <line num="433" count="141" type="stmt"/>
          <line num="442" count="44" type="stmt"/>
          <line num="444" count="44" type="stmt"/>
          <line num="445" count="44" type="stmt"/>
          <line num="446" count="44" type="cond" truecount="1" falsecount="1"/>
          <line num="447" count="0" type="stmt"/>
          <line num="449" count="44" type="stmt"/>
          <line num="470" count="85" type="stmt"/>
          <line num="485" count="13" type="stmt"/>
          <line num="496" count="415" type="cond" truecount="2" falsecount="0"/>
          <line num="497" count="44" type="stmt"/>
          <line num="499" count="371" type="stmt"/>
          <line num="503" count="0" type="cond" truecount="0" falsecount="2"/>
          <line num="504" count="0" type="stmt"/>
          <line num="506" count="0" type="stmt"/>
          <line num="511" count="255" type="stmt"/>
          <line num="512" count="255" type="cond" truecount="1" falsecount="1"/>
          <line num="513" count="0" type="stmt"/>
          <line num="515" count="255" type="stmt"/>
          <line num="516" count="255" type="cond" truecount="1" falsecount="1"/>
          <line num="517" count="0" type="stmt"/>
          <line num="523" count="255" type="stmt"/>
          <line num="534" count="255" type="stmt"/>
          <line num="538" count="255" type="stmt"/>
          <line num="542" count="255" type="stmt"/>
          <line num="543" count="255" type="stmt"/>
          <line num="548" count="255" type="stmt"/>
          <line num="557" count="85" type="stmt"/>
          <line num="558" count="85" type="stmt"/>
          <line num="559" count="85" type="stmt"/>
          <line num="560" count="85" type="cond" truecount="1" falsecount="1"/>
          <line num="561" count="0" type="stmt"/>
          <line num="562" count="0" type="stmt"/>
          <line num="563" count="0" type="stmt"/>
          <line num="564" count="0" type="cond" truecount="0" falsecount="2"/>
          <line num="565" count="0" type="stmt"/>
          <line num="567" count="0" type="stmt"/>
          <line num="571" count="85" type="stmt"/>
          <line num="575" count="0" type="stmt"/>
          <line num="576" count="0" type="stmt"/>
          <line num="581" count="170" type="stmt"/>
          <line num="585" count="170" type="stmt"/>
          <line num="590" count="170" type="stmt"/>
          <line num="591" count="170" type="stmt"/>
          <line num="596" count="170" type="stmt"/>
          <line num="601" count="170" type="stmt"/>
          <line num="621" count="183" type="stmt"/>
          <line num="622" count="183" type="stmt"/>
          <line num="626" count="183" type="stmt"/>
          <line num="630" count="85" type="stmt"/>
          <line num="631" count="85" type="stmt"/>
          <line num="636" count="0" type="cond" truecount="0" falsecount="2"/>
          <line num="637" count="0" type="stmt"/>
          <line num="639" count="0" type="stmt"/>
          <line num="640" count="0" type="stmt"/>
          <line num="641" count="0" type="stmt"/>
          <line num="642" count="0" type="cond" truecount="0" falsecount="2"/>
          <line num="647" count="0" type="stmt"/>
          <line num="648" count="0" type="stmt"/>
          <line num="649" count="0" type="stmt"/>
          <line num="652" count="0" type="cond" truecount="0" falsecount="2"/>
          <line num="653" count="0" type="stmt"/>
          <line num="654" count="0" type="stmt"/>
          <line num="655" count="0" type="stmt"/>
          <line num="656" count="0" type="stmt"/>
          <line num="665" count="0" type="stmt"/>
          <line num="666" count="0" type="stmt"/>
          <line num="667" count="0" type="stmt"/>
          <line num="668" count="0" type="stmt"/>
          <line num="672" count="0" type="stmt"/>
          <line num="673" count="0" type="stmt"/>
          <line num="677" count="0" type="stmt"/>
          <line num="678" count="0" type="stmt"/>
          <line num="681" count="0" type="stmt"/>
          <line num="682" count="0" type="stmt"/>
          <line num="683" count="0" type="stmt"/>
          <line num="684" count="0" type="cond" truecount="0" falsecount="2"/>
          <line num="685" count="0" type="stmt"/>
          <line num="686" count="0" type="stmt"/>
          <line num="687" count="0" type="stmt"/>
          <line num="688" count="0" type="stmt"/>
          <line num="689" count="0" type="stmt"/>
          <line num="690" count="0" type="stmt"/>
          <line num="693" count="0" type="stmt"/>
          <line num="697" count="0" type="stmt"/>
          <line num="698" count="0" type="stmt"/>
          <line num="706" count="0" type="stmt"/>
          <line num="707" count="0" type="stmt"/>
          <line num="709" count="0" type="stmt"/>
          <line num="710" count="0" type="stmt"/>
          <line num="713" count="0" type="stmt"/>
          <line num="714" count="0" type="stmt"/>
          <line num="717" count="0" type="stmt"/>
          <line num="718" count="0" type="stmt"/>
          <line num="719" count="0" type="cond" truecount="0" falsecount="2"/>
          <line num="720" count="0" type="stmt"/>
          <line num="722" count="0" type="stmt"/>
          <line num="731" count="0" type="stmt"/>
          <line num="732" count="0" type="cond" truecount="0" falsecount="2"/>
          <line num="733" count="0" type="stmt"/>
          <line num="736" count="0" type="cond" truecount="0" falsecount="2"/>
          <line num="737" count="0" type="stmt"/>
          <line num="740" count="0" type="stmt"/>
          <line num="741" count="0" type="stmt"/>
          <line num="743" count="0" type="stmt"/>
          <line num="744" count="0" type="cond" truecount="0" falsecount="2"/>
          <line num="745" count="0" type="stmt"/>
          <line num="746" count="0" type="stmt"/>
          <line num="750" count="0" type="stmt"/>
          <line num="751" count="0" type="cond" truecount="0" falsecount="2"/>
          <line num="752" count="0" type="stmt"/>
          <line num="753" count="0" type="stmt"/>
          <line num="755" count="0" type="stmt"/>
          <line num="760" count="0" type="stmt"/>
          <line num="761" count="0" type="stmt"/>
          <line num="762" count="0" type="stmt"/>
          <line num="768" count="0" type="stmt"/>
          <line num="769" count="0" type="stmt"/>
          <line num="770" count="0" type="stmt"/>
          <line num="771" count="0" type="cond" truecount="0" falsecount="2"/>
          <line num="772" count="0" type="stmt"/>
          <line num="774" count="0" type="stmt"/>
          <line num="777" count="0" type="cond" truecount="0" falsecount="2"/>
          <line num="778" count="0" type="stmt"/>
          <line num="780" count="0" type="stmt"/>
          <line num="782" count="0" type="cond" truecount="0" falsecount="2"/>
          <line num="785" count="0" type="stmt"/>
          <line num="786" count="0" type="stmt"/>
          <line num="788" count="0" type="stmt"/>
          <line num="789" count="0" type="stmt"/>
          <line num="794" count="0" type="cond" truecount="0" falsecount="2"/>
          <line num="795" count="0" type="stmt"/>
          <line num="821" count="0" type="stmt"/>
          <line num="822" count="0" type="cond" truecount="0" falsecount="2"/>
          <line num="823" count="0" type="cond" truecount="0" falsecount="2"/>
          <line num="824" count="0" type="stmt"/>
          <line num="825" count="0" type="cond" truecount="0" falsecount="2"/>
          <line num="826" count="0" type="stmt"/>
          <line num="828" count="0" type="stmt"/>
          <line num="830" count="0" type="stmt"/>
          <line num="832" count="0" type="stmt"/>
          <line num="833" count="0" type="stmt"/>
          <line num="839" count="25" type="stmt"/>
          <line num="840" count="25" type="cond" truecount="1" falsecount="1"/>
          <line num="841" count="0" type="stmt"/>
          <line num="843" count="25" type="stmt"/>
          <line num="844" count="25" type="stmt"/>
          <line num="845" count="25" type="cond" truecount="3" falsecount="1"/>
          <line num="846" count="0" type="stmt"/>
          <line num="848" count="25" type="cond" truecount="2" falsecount="0"/>
          <line num="849" count="7" type="stmt"/>
          <line num="850" count="7" type="stmt"/>
          <line num="851" count="18" type="cond" truecount="2" falsecount="0"/>
          <line num="852" count="4" type="stmt"/>
          <line num="853" count="4" type="stmt"/>
          <line num="855" count="14" type="stmt"/>
          <line num="857" count="25" type="cond" truecount="2" falsecount="0"/>
          <line num="858" count="9" type="stmt"/>
          <line num="860" count="25" type="stmt"/>
          <line num="868" count="0" type="cond" truecount="0" falsecount="2"/>
          <line num="869" count="0" type="stmt"/>
          <line num="870" count="0" type="stmt"/>
          <line num="871" count="0" type="stmt"/>
          <line num="872" count="0" type="cond" truecount="0" falsecount="2"/>
          <line num="873" count="0" type="stmt"/>
          <line num="877" count="0" type="cond" truecount="0" falsecount="2"/>
          <line num="878" count="0" type="stmt"/>
          <line num="880" count="0" type="cond" truecount="0" falsecount="2"/>
          <line num="881" count="0" type="stmt"/>
          <line num="882" count="0" type="stmt"/>
          <line num="884" count="0" type="cond" truecount="0" falsecount="2"/>
          <line num="885" count="0" type="stmt"/>
          <line num="887" count="0" type="stmt"/>
          <line num="890" count="0" type="stmt"/>
          <line num="892" count="0" type="stmt"/>
          <line num="899" count="0" type="stmt"/>
          <line num="900" count="0" type="cond" truecount="0" falsecount="2"/>
          <line num="901" count="0" type="cond" truecount="0" falsecount="2"/>
          <line num="902" count="0" type="stmt"/>
          <line num="905" count="0" type="stmt"/>
          <line num="910" count="0" type="stmt"/>
          <line num="911" count="0" type="stmt"/>
          <line num="912" count="0" type="stmt"/>
          <line num="913" count="0" type="cond" truecount="0" falsecount="2"/>
          <line num="914" count="0" type="stmt"/>
          <line num="915" count="0" type="stmt"/>
          <line num="918" count="0" type="cond" truecount="0" falsecount="2"/>
          <line num="919" count="0" type="stmt"/>
          <line num="921" count="0" type="cond" truecount="0" falsecount="2"/>
          <line num="922" count="0" type="stmt"/>
          <line num="924" count="0" type="stmt"/>
          <line num="946" count="0" type="cond" truecount="0" falsecount="2"/>
          <line num="947" count="0" type="stmt"/>
          <line num="948" count="0" type="cond" truecount="0" falsecount="2"/>
          <line num="949" count="0" type="stmt"/>
          <line num="954" count="0" type="stmt"/>
          <line num="955" count="0" type="stmt"/>
          <line num="956" count="0" type="cond" truecount="0" falsecount="2"/>
          <line num="957" count="0" type="stmt"/>
          <line num="958" count="0" type="stmt"/>
          <line num="961" count="0" type="stmt"/>
          <line num="962" count="0" type="stmt"/>
          <line num="963" count="0" type="stmt"/>
          <line num="976" count="18" type="stmt"/>
          <line num="977" count="18" type="cond" truecount="1" falsecount="1"/>
          <line num="978" count="0" type="stmt"/>
          <line num="980" count="18" type="stmt"/>
          <line num="982" count="18" type="stmt"/>
          <line num="986" count="0" type="cond" truecount="0" falsecount="2"/>
          <line num="987" count="0" type="stmt"/>
          <line num="988" count="0" type="stmt"/>
          <line num="989" count="0" type="stmt"/>
          <line num="990" count="0" type="cond" truecount="0" falsecount="2"/>
          <line num="991" count="0" type="stmt"/>
          <line num="992" count="0" type="stmt"/>
          <line num="1002" count="0" type="stmt"/>
          <line num="1003" count="0" type="cond" truecount="0" falsecount="2"/>
          <line num="1004" count="0" type="stmt"/>
          <line num="1006" count="0" type="stmt"/>
          <line num="1008" count="0" type="stmt"/>
          <line num="1009" count="0" type="stmt"/>
          <line num="1023" count="0" type="stmt"/>
          <line num="1027" count="0" type="stmt"/>
          <line num="1031" count="0" type="stmt"/>
          <line num="1032" count="0" type="stmt"/>
          <line num="1033" count="0" type="stmt"/>
          <line num="1034" count="0" type="cond" truecount="0" falsecount="2"/>
          <line num="1035" count="0" type="stmt"/>
          <line num="1037" count="0" type="stmt"/>
          <line num="1044" count="0" type="stmt"/>
          <line num="1045" count="0" type="stmt"/>
          <line num="1053" count="0" type="stmt"/>
          <line num="1054" count="0" type="stmt"/>
          <line num="1057" count="0" type="stmt"/>
          <line num="1059" count="0" type="stmt"/>
          <line num="1060" count="0" type="stmt"/>
          <line num="1062" count="0" type="stmt"/>
          <line num="1063" count="0" type="stmt"/>
          <line num="1065" count="0" type="stmt"/>
          <line num="1067" count="0" type="stmt"/>
          <line num="1068" count="0" type="stmt"/>
          <line num="1069" count="0" type="cond" truecount="0" falsecount="2"/>
          <line num="1070" count="0" type="stmt"/>
          <line num="1071" count="0" type="stmt"/>
          <line num="1072" count="0" type="stmt"/>
          <line num="1082" count="0" type="stmt"/>
          <line num="1083" count="0" type="stmt"/>
          <line num="1092" count="0" type="stmt"/>
          <line num="1094" count="0" type="stmt"/>
          <line num="1095" count="0" type="stmt"/>
          <line num="1098" count="0" type="stmt"/>
          <line num="1099" count="0" type="cond" truecount="0" falsecount="2"/>
          <line num="1100" count="0" type="stmt"/>
          <line num="1101" count="0" type="stmt"/>
          <line num="1102" count="0" type="stmt"/>
          <line num="1103" count="0" type="cond" truecount="0" falsecount="2"/>
          <line num="1104" count="0" type="stmt"/>
          <line num="1105" count="0" type="cond" truecount="0" falsecount="2"/>
          <line num="1106" count="0" type="stmt"/>
          <line num="1108" count="0" type="stmt"/>
          <line num="1110" count="0" type="stmt"/>
          <line num="1115" count="0" type="stmt"/>
          <line num="1147" count="0" type="cond" truecount="0" falsecount="2"/>
          <line num="1148" count="0" type="stmt"/>
          <line num="1149" count="0" type="stmt"/>
          <line num="1151" count="0" type="stmt"/>
          <line num="1152" count="0" type="cond" truecount="0" falsecount="2"/>
          <line num="1153" count="0" type="stmt"/>
          <line num="1157" count="0" type="cond" truecount="0" falsecount="2"/>
          <line num="1158" count="0" type="stmt"/>
          <line num="1160" count="0" type="cond" truecount="0" falsecount="2"/>
          <line num="1161" count="0" type="stmt"/>
          <line num="1163" count="0" type="stmt"/>
          <line num="1167" count="0" type="stmt"/>
          <line num="1170" count="0" type="stmt"/>
          <line num="1171" count="0" type="stmt"/>
          <line num="1172" count="0" type="cond" truecount="0" falsecount="2"/>
          <line num="1173" count="0" type="cond" truecount="0" falsecount="4"/>
          <line num="1175" count="0" type="cond" truecount="0" falsecount="2"/>
          <line num="1176" count="0" type="cond" truecount="0" falsecount="2"/>
          <line num="1177" count="0" type="stmt"/>
          <line num="1179" count="0" type="cond" truecount="0" falsecount="2"/>
          <line num="1180" count="0" type="stmt"/>
          <line num="1182" count="0" type="cond" truecount="0" falsecount="2"/>
          <line num="1183" count="0" type="stmt"/>
          <line num="1188" count="0" type="cond" truecount="0" falsecount="2"/>
          <line num="1189" count="0" type="stmt"/>
          <line num="1194" count="0" type="cond" truecount="0" falsecount="2"/>
          <line num="1195" count="0" type="stmt"/>
          <line num="1201" count="0" type="cond" truecount="0" falsecount="2"/>
          <line num="1202" count="0" type="stmt"/>
          <line num="1209" count="0" type="stmt"/>
          <line num="1217" count="0" type="cond" truecount="0" falsecount="2"/>
          <line num="1218" count="0" type="stmt"/>
          <line num="1221" count="0" type="stmt"/>
          <line num="1222" count="0" type="stmt"/>
          <line num="1226" count="0" type="stmt"/>
          <line num="1233" count="85" type="stmt"/>
          <line num="1234" count="85" type="stmt"/>
          <line num="1241" count="0" type="stmt"/>
          <line num="1245" count="0" type="stmt"/>
          <line num="1246" count="0" type="stmt"/>
          <line num="1250" count="0" type="cond" truecount="0" falsecount="2"/>
          <line num="1251" count="0" type="stmt"/>
          <line num="1252" count="0" type="stmt"/>
          <line num="1254" count="0" type="stmt"/>
          <line num="1255" count="0" type="stmt"/>
          <line num="1259" count="0" type="stmt"/>
          <line num="1276" count="0" type="stmt"/>
          <line num="1277" count="0" type="stmt"/>
          <line num="1281" count="31" type="stmt"/>
          <line num="1282" count="31" type="stmt"/>
          <line num="1283" count="31" type="stmt"/>
          <line num="1291" count="61" type="stmt"/>
          <line num="1292" count="61" type="stmt"/>
          <line num="1293" count="61" type="stmt"/>
          <line num="1294" count="61" type="stmt"/>
          <line num="1298" count="0" type="stmt"/>
          <line num="1299" count="0" type="cond" truecount="0" falsecount="2"/>
          <line num="1300" count="0" type="stmt"/>
          <line num="1303" count="0" type="stmt"/>
          <line num="1305" count="0" type="cond" truecount="0" falsecount="2"/>
          <line num="1306" count="0" type="stmt"/>
          <line num="1307" count="0" type="cond" truecount="0" falsecount="2"/>
          <line num="1317" count="0" type="stmt"/>
          <line num="1319" count="0" type="stmt"/>
          <line num="1320" count="0" type="cond" truecount="0" falsecount="2"/>
          <line num="1321" count="0" type="stmt"/>
          <line num="1322" count="0" type="stmt"/>
          <line num="1324" count="0" type="stmt"/>
          <line num="1329" count="0" type="cond" truecount="0" falsecount="2"/>
          <line num="1330" count="0" type="stmt"/>
          <line num="1332" count="0" type="stmt"/>
          <line num="1333" count="0" type="stmt"/>
          <line num="1335" count="0" type="stmt"/>
          <line num="1340" count="0" type="stmt"/>
          <line num="1347" count="0" type="cond" truecount="0" falsecount="2"/>
          <line num="1348" count="0" type="stmt"/>
          <line num="1351" count="0" type="cond" truecount="0" falsecount="2"/>
          <line num="1352" count="0" type="stmt"/>
          <line num="1355" count="0" type="cond" truecount="0" falsecount="2"/>
          <line num="1356" count="0" type="stmt"/>
          <line num="1357" count="0" type="stmt"/>
          <line num="1380" count="0" type="cond" truecount="0" falsecount="2"/>
          <line num="1381" count="0" type="stmt"/>
          <line num="1383" count="0" type="cond" truecount="0" falsecount="2"/>
          <line num="1384" count="0" type="cond" truecount="0" falsecount="2"/>
          <line num="1385" count="0" type="stmt"/>
          <line num="1390" count="0" type="stmt"/>
          <line num="1392" count="0" type="cond" truecount="0" falsecount="2"/>
          <line num="1393" count="0" type="stmt"/>
          <line num="1395" count="0" type="stmt"/>
          <line num="1396" count="0" type="cond" truecount="0" falsecount="2"/>
          <line num="1397" count="0" type="stmt"/>
          <line num="1398" count="0" type="stmt"/>
          <line num="1399" count="0" type="stmt"/>
          <line num="1401" count="0" type="stmt"/>
          <line num="1405" count="467" type="stmt"/>
          <line num="1406" count="467" type="cond" truecount="2" falsecount="0"/>
          <line num="1407" count="85" type="cond" truecount="1" falsecount="1"/>
          <line num="1408" count="85" type="stmt"/>
          <line num="1410" count="85" type="stmt"/>
          <line num="1415" count="0" type="stmt"/>
          <line num="1419" count="0" type="stmt"/>
          <line num="1420" count="0" type="stmt"/>
          <line num="1427" count="0" type="stmt"/>
          <line num="1428" count="0" type="stmt"/>
        </file>
        <file name="DrawContext2D.js" path="/opt/app/src/js/diagram/DrawContext2D.js">
          <metrics statements="13" coveredstatements="0" conditionals="10" coveredconditionals="0" methods="3" coveredmethods="0"/>
          <line num="9" count="0" type="stmt"/>
          <line num="10" count="0" type="stmt"/>
          <line num="13" count="0" type="cond" truecount="0" falsecount="6"/>
          <line num="23" count="0" type="cond" truecount="0" falsecount="2"/>
          <line num="24" count="0" type="cond" truecount="0" falsecount="2"/>
          <line num="25" count="0" type="stmt"/>
          <line num="28" count="0" type="stmt"/>
          <line num="29" count="0" type="stmt"/>
          <line num="33" count="0" type="stmt"/>
          <line num="34" count="0" type="stmt"/>
          <line num="35" count="0" type="stmt"/>
          <line num="36" count="0" type="stmt"/>
          <line num="40" count="0" type="stmt"/>
        </file>
        <file name="Element.js" path="/opt/app/src/js/diagram/Element.js">
          <metrics statements="1346" coveredstatements="170" conditionals="832" coveredconditionals="52" methods="234" coveredmethods="37"/>
          <line num="273" count="451" type="stmt"/>
          <line num="274" count="451" type="stmt"/>
          <line num="275" count="451" type="stmt"/>
          <line num="276" count="451" type="stmt"/>
          <line num="277" count="451" type="stmt"/>
          <line num="278" count="451" type="stmt"/>
          <line num="279" count="451" type="stmt"/>
          <line num="280" count="451" type="stmt"/>
          <line num="281" count="451" type="stmt"/>
          <line num="282" count="451" type="stmt"/>
          <line num="283" count="451" type="stmt"/>
          <line num="284" count="451" type="stmt"/>
          <line num="285" count="451" type="stmt"/>
          <line num="286" count="451" type="stmt"/>
          <line num="287" count="451" type="stmt"/>
          <line num="288" count="451" type="stmt"/>
          <line num="289" count="451" type="stmt"/>
          <line num="290" count="451" type="stmt"/>
          <line num="291" count="451" type="stmt"/>
          <line num="292" count="451" type="stmt"/>
          <line num="297" count="451" type="stmt"/>
          <line num="298" count="451" type="stmt"/>
          <line num="299" count="451" type="stmt"/>
          <line num="300" count="451" type="stmt"/>
          <line num="301" count="451" type="stmt"/>
          <line num="302" count="451" type="stmt"/>
          <line num="307" count="451" type="stmt"/>
          <line num="312" count="451" type="stmt"/>
          <line num="315" count="451" type="stmt"/>
          <line num="317" count="0" type="stmt"/>
          <line num="318" count="0" type="stmt"/>
          <line num="321" count="0" type="stmt"/>
          <line num="322" count="0" type="stmt"/>
          <line num="325" count="0" type="stmt"/>
          <line num="326" count="0" type="stmt"/>
          <line num="329" count="0" type="stmt"/>
          <line num="330" count="0" type="stmt"/>
          <line num="333" count="0" type="stmt"/>
          <line num="334" count="0" type="stmt"/>
          <line num="337" count="0" type="stmt"/>
          <line num="338" count="0" type="stmt"/>
          <line num="341" count="0" type="stmt"/>
          <line num="342" count="0" type="stmt"/>
          <line num="345" count="0" type="stmt"/>
          <line num="346" count="0" type="stmt"/>
          <line num="350" count="0" type="stmt"/>
          <line num="352" count="0" type="cond" truecount="0" falsecount="2"/>
          <line num="353" count="0" type="stmt"/>
          <line num="355" count="0" type="stmt"/>
          <line num="357" count="0" type="stmt"/>
          <line num="361" count="0" type="stmt"/>
          <line num="363" count="0" type="cond" truecount="0" falsecount="2"/>
          <line num="364" count="0" type="stmt"/>
          <line num="366" count="0" type="stmt"/>
          <line num="368" count="0" type="stmt"/>
          <line num="372" count="0" type="stmt"/>
          <line num="374" count="0" type="cond" truecount="0" falsecount="2"/>
          <line num="375" count="0" type="stmt"/>
          <line num="377" count="0" type="stmt"/>
          <line num="379" count="0" type="stmt"/>
          <line num="383" count="0" type="stmt"/>
          <line num="385" count="0" type="cond" truecount="0" falsecount="2"/>
          <line num="386" count="0" type="stmt"/>
          <line num="388" count="0" type="stmt"/>
          <line num="390" count="0" type="stmt"/>
          <line num="393" count="0" type="stmt"/>
          <line num="400" count="0" type="stmt"/>
          <line num="401" count="0" type="stmt"/>
          <line num="402" count="0" type="cond" truecount="0" falsecount="4"/>
          <line num="403" count="0" type="stmt"/>
          <line num="404" count="0" type="stmt"/>
          <line num="406" count="0" type="cond" truecount="0" falsecount="4"/>
          <line num="407" count="0" type="stmt"/>
          <line num="408" count="0" type="stmt"/>
          <line num="410" count="0" type="stmt"/>
          <line num="411" count="0" type="stmt"/>
          <line num="412" count="0" type="stmt"/>
          <line num="413" count="0" type="cond" truecount="0" falsecount="2"/>
          <line num="414" count="0" type="stmt"/>
          <line num="415" count="0" type="stmt"/>
          <line num="421" count="0" type="cond" truecount="0" falsecount="2"/>
          <line num="422" count="0" type="stmt"/>
          <line num="423" count="0" type="stmt"/>
          <line num="424" count="0" type="stmt"/>
          <line num="426" count="0" type="stmt"/>
          <line num="427" count="0" type="stmt"/>
          <line num="428" count="0" type="stmt"/>
          <line num="431" count="0" type="cond" truecount="0" falsecount="4"/>
          <line num="432" count="0" type="stmt"/>
          <line num="434" count="0" type="cond" truecount="0" falsecount="4"/>
          <line num="435" count="0" type="stmt"/>
          <line num="437" count="0" type="cond" truecount="0" falsecount="4"/>
          <line num="438" count="0" type="stmt"/>
          <line num="440" count="0" type="cond" truecount="0" falsecount="4"/>
          <line num="441" count="0" type="stmt"/>
          <line num="443" count="0" type="stmt"/>
          <line num="448" count="0" type="stmt"/>
          <line num="452" count="0" type="stmt"/>
          <line num="456" count="0" type="stmt"/>
          <line num="457" count="0" type="stmt"/>
          <line num="458" count="0" type="cond" truecount="0" falsecount="4"/>
          <line num="461" count="0" type="stmt"/>
          <line num="462" count="0" type="stmt"/>
          <line num="464" count="0" type="cond" truecount="0" falsecount="4"/>
          <line num="467" count="0" type="stmt"/>
          <line num="468" count="0" type="stmt"/>
          <line num="470" count="0" type="cond" truecount="0" falsecount="4"/>
          <line num="473" count="0" type="stmt"/>
          <line num="474" count="0" type="stmt"/>
          <line num="476" count="0" type="stmt"/>
          <line num="480" count="0" type="stmt"/>
          <line num="481" count="0" type="stmt"/>
          <line num="482" count="0" type="stmt"/>
          <line num="483" count="0" type="stmt"/>
          <line num="484" count="0" type="stmt"/>
          <line num="485" count="0" type="stmt"/>
          <line num="486" count="0" type="stmt"/>
          <line num="487" count="0" type="stmt"/>
          <line num="489" count="0" type="stmt"/>
          <line num="492" count="451" type="stmt"/>
          <line num="493" count="451" type="stmt"/>
          <line num="511" count="451" type="stmt"/>
          <line num="513" count="451" type="stmt"/>
          <line num="514" count="0" type="cond" truecount="0" falsecount="5"/>
          <line num="515" count="0" type="stmt"/>
          <line num="517" count="0" type="stmt"/>
          <line num="522" count="451" type="stmt"/>
          <line num="523" count="451" type="stmt"/>
          <line num="524" count="451" type="stmt"/>
          <line num="525" count="451" type="stmt"/>
          <line num="526" count="451" type="stmt"/>
          <line num="539" count="451" type="stmt"/>
          <line num="553" count="451" type="stmt"/>
          <line num="554" count="451" type="stmt"/>
          <line num="555" count="451" type="stmt"/>
          <line num="561" count="451" type="stmt"/>
          <line num="562" count="451" type="stmt"/>
          <line num="563" count="451" type="stmt"/>
          <line num="564" count="451" type="stmt"/>
          <line num="568" count="13" type="stmt"/>
          <line num="575" count="825" type="stmt"/>
          <line num="594" count="825" type="stmt"/>
          <line num="612" count="597" type="cond" truecount="1" falsecount="1"/>
          <line num="613" count="0" type="stmt"/>
          <line num="615" count="597" type="cond" truecount="1" falsecount="1"/>
          <line num="616" count="0" type="stmt"/>
          <line num="618" count="597" type="cond" truecount="1" falsecount="1"/>
          <line num="619" count="0" type="stmt"/>
          <line num="669" count="0" type="cond" truecount="0" falsecount="2"/>
          <line num="670" count="0" type="stmt"/>
          <line num="672" count="0" type="cond" truecount="0" falsecount="2"/>
          <line num="673" count="0" type="stmt"/>
          <line num="674" count="0" type="stmt"/>
          <line num="675" count="0" type="stmt"/>
          <line num="676" count="0" type="stmt"/>
          <line num="677" count="0" type="stmt"/>
          <line num="678" count="0" type="stmt"/>
          <line num="679" count="0" type="stmt"/>
          <line num="680" count="0" type="stmt"/>
          <line num="682" count="0" type="stmt"/>
          <line num="686" count="0" type="stmt"/>
          <line num="690" count="0" type="stmt"/>
          <line num="691" count="0" type="stmt"/>
          <line num="692" count="0" type="stmt"/>
          <line num="693" count="0" type="stmt"/>
          <line num="694" count="0" type="stmt"/>
          <line num="695" count="0" type="stmt"/>
          <line num="697" count="0" type="stmt"/>
          <line num="699" count="0" type="stmt"/>
          <line num="700" count="0" type="stmt"/>
          <line num="701" count="0" type="stmt"/>
          <line num="702" count="0" type="stmt"/>
          <line num="705" count="0" type="cond" truecount="0" falsecount="2"/>
          <line num="706" count="0" type="stmt"/>
          <line num="707" count="0" type="stmt"/>
          <line num="709" count="0" type="stmt"/>
          <line num="710" count="0" type="stmt"/>
          <line num="711" count="0" type="stmt"/>
          <line num="715" count="0" type="cond" truecount="0" falsecount="2"/>
          <line num="716" count="0" type="stmt"/>
          <line num="717" count="0" type="cond" truecount="0" falsecount="2"/>
          <line num="718" count="0" type="stmt"/>
          <line num="719" count="0" type="stmt"/>
          <line num="720" count="0" type="stmt"/>
          <line num="722" count="0" type="stmt"/>
          <line num="723" count="0" type="stmt"/>
          <line num="724" count="0" type="stmt"/>
          <line num="729" count="0" type="cond" truecount="0" falsecount="2"/>
          <line num="730" count="0" type="stmt"/>
          <line num="731" count="0" type="stmt"/>
          <line num="736" count="0" type="cond" truecount="0" falsecount="4"/>
          <line num="737" count="0" type="stmt"/>
          <line num="742" count="0" type="stmt"/>
          <line num="747" count="0" type="cond" truecount="0" falsecount="2"/>
          <line num="751" count="0" type="stmt"/>
          <line num="752" count="0" type="stmt"/>
          <line num="754" count="0" type="stmt"/>
          <line num="755" count="0" type="stmt"/>
          <line num="759" count="0" type="stmt"/>
          <line num="762" count="0" type="stmt"/>
          <line num="766" count="0" type="stmt"/>
          <line num="780" count="0" type="cond" truecount="0" falsecount="2"/>
          <line num="781" count="0" type="stmt"/>
          <line num="783" count="0" type="stmt"/>
          <line num="787" count="0" type="cond" truecount="0" falsecount="4"/>
          <line num="788" count="0" type="cond" truecount="0" falsecount="2"/>
          <line num="790" count="0" type="stmt"/>
          <line num="793" count="0" type="stmt"/>
          <line num="824" count="0" type="stmt"/>
          <line num="829" count="0" type="cond" truecount="0" falsecount="2"/>
          <line num="833" count="0" type="stmt"/>
          <line num="834" count="0" type="stmt"/>
          <line num="835" count="0" type="stmt"/>
          <line num="837" count="0" type="stmt"/>
          <line num="848" count="0" type="stmt"/>
          <line num="850" count="0" type="cond" truecount="0" falsecount="4"/>
          <line num="851" count="0" type="stmt"/>
          <line num="852" count="0" type="stmt"/>
          <line num="853" count="0" type="cond" truecount="0" falsecount="2"/>
          <line num="854" count="0" type="stmt"/>
          <line num="855" count="0" type="stmt"/>
          <line num="857" count="0" type="stmt"/>
          <line num="858" count="0" type="stmt"/>
          <line num="860" count="0" type="cond" truecount="0" falsecount="2"/>
          <line num="864" count="0" type="stmt"/>
          <line num="868" count="0" type="stmt"/>
          <line num="894" count="0" type="stmt"/>
          <line num="898" count="0" type="stmt"/>
          <line num="903" count="0" type="stmt"/>
          <line num="907" count="155" type="stmt"/>
          <line num="911" count="327" type="stmt"/>
          <line num="915" count="68" type="stmt"/>
          <line num="916" count="68" type="cond" truecount="2" falsecount="0"/>
          <line num="917" count="50" type="stmt"/>
          <line num="919" count="68" type="stmt"/>
          <line num="920" count="68" type="stmt"/>
          <line num="921" count="68" type="stmt"/>
          <line num="925" count="27" type="stmt"/>
          <line num="926" count="27" type="stmt"/>
          <line num="927" count="27" type="stmt"/>
          <line num="931" count="0" type="stmt"/>
          <line num="932" count="0" type="cond" truecount="0" falsecount="2"/>
          <line num="933" count="0" type="cond" truecount="0" falsecount="2"/>
          <line num="934" count="0" type="stmt"/>
          <line num="936" count="0" type="stmt"/>
          <line num="939" count="0" type="stmt"/>
          <line num="940" count="0" type="stmt"/>
          <line num="941" count="0" type="stmt"/>
          <line num="947" count="95" type="cond" truecount="1" falsecount="1"/>
          <line num="948" count="0" type="stmt"/>
          <line num="950" count="95" type="stmt"/>
          <line num="956" count="95" type="cond" truecount="1" falsecount="1"/>
          <line num="957" count="0" type="stmt"/>
          <line num="959" count="95" type="stmt"/>
          <line num="982" count="0" type="cond" truecount="0" falsecount="2"/>
          <line num="985" count="0" type="cond" truecount="0" falsecount="2"/>
          <line num="986" count="0" type="stmt"/>
          <line num="987" count="0" type="stmt"/>
          <line num="991" count="0" type="stmt"/>
          <line num="993" count="0" type="stmt"/>
          <line num="994" count="0" type="stmt"/>
          <line num="995" count="0" type="stmt"/>
          <line num="999" count="0" type="cond" truecount="0" falsecount="2"/>
          <line num="1000" count="0" type="stmt"/>
          <line num="1001" count="0" type="stmt"/>
          <line num="1003" count="0" type="stmt"/>
          <line num="1013" count="0" type="cond" truecount="0" falsecount="2"/>
          <line num="1014" count="0" type="stmt"/>
          <line num="1016" count="0" type="stmt"/>
          <line num="1020" count="0" type="cond" truecount="0" falsecount="2"/>
          <line num="1021" count="0" type="cond" truecount="0" falsecount="2"/>
          <line num="1022" count="0" type="stmt"/>
          <line num="1027" count="0" type="stmt"/>
          <line num="1031" count="0" type="cond" truecount="0" falsecount="2"/>
          <line num="1035" count="0" type="stmt"/>
          <line num="1040" count="0" type="stmt"/>
          <line num="1046" count="0" type="stmt"/>
          <line num="1047" count="0" type="cond" truecount="0" falsecount="2"/>
          <line num="1048" count="0" type="stmt"/>
          <line num="1049" count="0" type="cond" truecount="0" falsecount="2"/>
          <line num="1050" count="0" type="stmt"/>
          <line num="1052" count="0" type="cond" truecount="0" falsecount="2"/>
          <line num="1053" count="0" type="stmt"/>
          <line num="1056" count="0" type="cond" truecount="0" falsecount="2"/>
          <line num="1057" count="0" type="stmt"/>
          <line num="1059" count="0" type="cond" truecount="0" falsecount="2"/>
          <line num="1060" count="0" type="stmt"/>
          <line num="1063" count="0" type="stmt"/>
          <line num="1069" count="0" type="stmt"/>
          <line num="1070" count="0" type="stmt"/>
          <line num="1071" count="0" type="stmt"/>
          <line num="1072" count="0" type="stmt"/>
          <line num="1073" count="0" type="cond" truecount="0" falsecount="2"/>
          <line num="1074" count="0" type="stmt"/>
          <line num="1075" count="0" type="cond" truecount="0" falsecount="2"/>
          <line num="1076" count="0" type="stmt"/>
          <line num="1078" count="0" type="cond" truecount="0" falsecount="2"/>
          <line num="1079" count="0" type="stmt"/>
          <line num="1082" count="0" type="cond" truecount="0" falsecount="2"/>
          <line num="1083" count="0" type="stmt"/>
          <line num="1085" count="0" type="cond" truecount="0" falsecount="2"/>
          <line num="1086" count="0" type="stmt"/>
          <line num="1088" count="0" type="cond" truecount="0" falsecount="2"/>
          <line num="1089" count="0" type="stmt"/>
          <line num="1094" count="0" type="cond" truecount="0" falsecount="2"/>
          <line num="1095" count="0" type="stmt"/>
          <line num="1098" count="0" type="stmt"/>
          <line num="1107" count="0" type="cond" truecount="0" falsecount="2"/>
          <line num="1108" count="0" type="stmt"/>
          <line num="1109" count="0" type="stmt"/>
          <line num="1111" count="0" type="cond" truecount="0" falsecount="2"/>
          <line num="1112" count="0" type="stmt"/>
          <line num="1114" count="0" type="stmt"/>
          <line num="1120" count="0" type="cond" truecount="0" falsecount="2"/>
          <line num="1121" count="0" type="stmt"/>
          <line num="1126" count="0" type="stmt"/>
          <line num="1134" count="0" type="stmt"/>
          <line num="1138" count="0" type="cond" truecount="0" falsecount="2"/>
          <line num="1139" count="0" type="stmt"/>
          <line num="1141" count="0" type="stmt"/>
          <line num="1149" count="0" type="stmt"/>
          <line num="1150" count="0" type="stmt"/>
          <line num="1151" count="0" type="stmt"/>
          <line num="1152" count="0" type="stmt"/>
          <line num="1153" count="0" type="stmt"/>
          <line num="1154" count="0" type="stmt"/>
          <line num="1155" count="0" type="stmt"/>
          <line num="1173" count="0" type="stmt"/>
          <line num="1182" count="0" type="stmt"/>
          <line num="1183" count="0" type="stmt"/>
          <line num="1184" count="0" type="stmt"/>
          <line num="1185" count="0" type="cond" truecount="0" falsecount="2"/>
          <line num="1186" count="0" type="stmt"/>
          <line num="1188" count="0" type="stmt"/>
          <line num="1189" count="0" type="cond" truecount="0" falsecount="2"/>
          <line num="1190" count="0" type="stmt"/>
          <line num="1192" count="0" type="cond" truecount="0" falsecount="2"/>
          <line num="1193" count="0" type="stmt"/>
          <line num="1195" count="0" type="cond" truecount="0" falsecount="2"/>
          <line num="1196" count="0" type="stmt"/>
          <line num="1198" count="0" type="cond" truecount="0" falsecount="2"/>
          <line num="1199" count="0" type="stmt"/>
          <line num="1205" count="0" type="stmt"/>
          <line num="1208" count="0" type="cond" truecount="0" falsecount="2"/>
          <line num="1209" count="0" type="stmt"/>
          <line num="1211" count="0" type="cond" truecount="0" falsecount="2"/>
          <line num="1212" count="0" type="stmt"/>
          <line num="1214" count="0" type="stmt"/>
          <line num="1220" count="0" type="stmt"/>
          <line num="1226" count="0" type="cond" truecount="0" falsecount="2"/>
          <line num="1227" count="0" type="stmt"/>
          <line num="1228" count="0" type="stmt"/>
          <line num="1229" count="0" type="stmt"/>
          <line num="1230" count="0" type="stmt"/>
          <line num="1231" count="0" type="stmt"/>
          <line num="1232" count="0" type="cond" truecount="0" falsecount="10"/>
          <line num="1241" count="0" type="stmt"/>
          <line num="1242" count="0" type="cond" truecount="0" falsecount="2"/>
          <line num="1243" count="0" type="stmt"/>
          <line num="1245" count="0" type="cond" truecount="0" falsecount="5"/>
          <line num="1246" count="0" type="cond" truecount="0" falsecount="2"/>
          <line num="1247" count="0" type="stmt"/>
          <line num="1249" count="0" type="stmt"/>
          <line num="1252" count="0" type="cond" truecount="0" falsecount="5"/>
          <line num="1253" count="0" type="cond" truecount="0" falsecount="2"/>
          <line num="1254" count="0" type="stmt"/>
          <line num="1256" count="0" type="stmt"/>
          <line num="1259" count="0" type="stmt"/>
          <line num="1261" count="0" type="cond" truecount="0" falsecount="6"/>
          <line num="1265" count="0" type="cond" truecount="0" falsecount="4"/>
          <line num="1266" count="0" type="cond" truecount="0" falsecount="2"/>
          <line num="1267" count="0" type="stmt"/>
          <line num="1269" count="0" type="stmt"/>
          <line num="1272" count="0" type="stmt"/>
          <line num="1275" count="0" type="stmt"/>
          <line num="1277" count="0" type="stmt"/>
          <line num="1284" count="0" type="stmt"/>
          <line num="1285" count="0" type="stmt"/>
          <line num="1286" count="0" type="stmt"/>
          <line num="1287" count="0" type="stmt"/>
          <line num="1288" count="0" type="stmt"/>
          <line num="1290" count="0" type="stmt"/>
          <line num="1294" count="0" type="stmt"/>
          <line num="1295" count="0" type="stmt"/>
          <line num="1299" count="1167" type="cond" truecount="2" falsecount="0"/>
          <line num="1300" count="141" type="stmt"/>
          <line num="1302" count="1026" type="cond" truecount="4" falsecount="0"/>
          <line num="1303" count="684" type="stmt"/>
          <line num="1305" count="342" type="stmt"/>
          <line num="1311" count="0" type="stmt"/>
          <line num="1312" count="0" type="stmt"/>
          <line num="1313" count="0" type="stmt"/>
          <line num="1314" count="0" type="stmt"/>
          <line num="1315" count="0" type="stmt"/>
          <line num="1316" count="0" type="stmt"/>
          <line num="1317" count="0" type="stmt"/>
          <line num="1318" count="0" type="cond" truecount="0" falsecount="2"/>
          <line num="1319" count="0" type="stmt"/>
          <line num="1324" count="0" type="stmt"/>
          <line num="1325" count="0" type="stmt"/>
          <line num="1326" count="0" type="cond" truecount="0" falsecount="2"/>
          <line num="1327" count="0" type="stmt"/>
          <line num="1337" count="0" type="stmt"/>
          <line num="1340" count="0" type="cond" truecount="0" falsecount="2"/>
          <line num="1341" count="0" type="cond" truecount="0" falsecount="2"/>
          <line num="1342" count="0" type="stmt"/>
          <line num="1345" count="0" type="cond" truecount="0" falsecount="4"/>
          <line num="1346" count="0" type="stmt"/>
          <line num="1354" count="0" type="stmt"/>
          <line num="1355" count="0" type="stmt"/>
          <line num="1359" count="0" type="stmt"/>
          <line num="1360" count="0" type="cond" truecount="0" falsecount="2"/>
          <line num="1361" count="0" type="stmt"/>
          <line num="1362" count="0" type="stmt"/>
          <line num="1365" count="0" type="stmt"/>
          <line num="1368" count="0" type="cond" truecount="0" falsecount="2"/>
          <line num="1369" count="0" type="stmt"/>
          <line num="1371" count="0" type="stmt"/>
          <line num="1377" count="0" type="stmt"/>
          <line num="1381" count="0" type="stmt"/>
          <line num="1382" count="0" type="stmt"/>
          <line num="1383" count="0" type="stmt"/>
          <line num="1389" count="0" type="stmt"/>
          <line num="1390" count="0" type="stmt"/>
          <line num="1391" count="0" type="cond" truecount="0" falsecount="2"/>
          <line num="1393" count="0" type="stmt"/>
          <line num="1395" count="0" type="stmt"/>
          <line num="1396" count="0" type="stmt"/>
          <line num="1397" count="0" type="stmt"/>
          <line num="1401" count="0" type="cond" truecount="0" falsecount="2"/>
          <line num="1402" count="0" type="stmt"/>
          <line num="1414" count="0" type="stmt"/>
          <line num="1415" count="0" type="stmt"/>
          <line num="1416" count="0" type="cond" truecount="0" falsecount="2"/>
          <line num="1417" count="0" type="stmt"/>
          <line num="1418" count="0" type="stmt"/>
          <line num="1432" count="0" type="stmt"/>
          <line num="1436" count="0" type="cond" truecount="0" falsecount="2"/>
          <line num="1438" count="0" type="cond" truecount="0" falsecount="2"/>
          <line num="1439" count="0" type="stmt"/>
          <line num="1443" count="0" type="stmt"/>
          <line num="1448" count="0" type="cond" truecount="0" falsecount="4"/>
          <line num="1450" count="0" type="stmt"/>
          <line num="1451" count="0" type="stmt"/>
          <line num="1456" count="0" type="stmt"/>
          <line num="1458" count="0" type="stmt"/>
          <line num="1468" count="0" type="stmt"/>
          <line num="1479" count="0" type="cond" truecount="0" falsecount="2"/>
          <line num="1480" count="0" type="stmt"/>
          <line num="1485" count="0" type="stmt"/>
          <line num="1487" count="0" type="stmt"/>
          <line num="1495" count="0" type="stmt"/>
          <line num="1496" count="0" type="cond" truecount="0" falsecount="4"/>
          <line num="1497" count="0" type="stmt"/>
          <line num="1499" count="0" type="cond" truecount="0" falsecount="2"/>
          <line num="1500" count="0" type="stmt"/>
          <line num="1502" count="0" type="cond" truecount="0" falsecount="4"/>
          <line num="1503" count="0" type="stmt"/>
          <line num="1506" count="0" type="stmt"/>
          <line num="1507" count="0" type="stmt"/>
          <line num="1508" count="0" type="stmt"/>
          <line num="1509" count="0" type="stmt"/>
          <line num="1510" count="0" type="stmt"/>
          <line num="1512" count="0" type="stmt"/>
          <line num="1513" count="0" type="stmt"/>
          <line num="1524" count="0" type="stmt"/>
          <line num="1525" count="0" type="stmt"/>
          <line num="1526" count="0" type="stmt"/>
          <line num="1540" count="0" type="cond" truecount="0" falsecount="2"/>
          <line num="1541" count="0" type="stmt"/>
          <line num="1543" count="0" type="stmt"/>
          <line num="1545" count="0" type="stmt"/>
          <line num="1558" count="0" type="cond" truecount="0" falsecount="4"/>
          <line num="1559" count="0" type="stmt"/>
          <line num="1561" count="0" type="stmt"/>
          <line num="1569" count="0" type="stmt"/>
          <line num="1570" count="0" type="stmt"/>
          <line num="1571" count="0" type="cond" truecount="0" falsecount="2"/>
          <line num="1572" count="0" type="stmt"/>
          <line num="1573" count="0" type="stmt"/>
          <line num="1574" count="0" type="stmt"/>
          <line num="1575" count="0" type="stmt"/>
          <line num="1576" count="0" type="stmt"/>
          <line num="1577" count="0" type="stmt"/>
          <line num="1578" count="0" type="stmt"/>
          <line num="1579" count="0" type="stmt"/>
          <line num="1582" count="0" type="stmt"/>
          <line num="1583" count="0" type="stmt"/>
          <line num="1584" count="0" type="stmt"/>
          <line num="1585" count="0" type="stmt"/>
          <line num="1586" count="0" type="stmt"/>
          <line num="1587" count="0" type="stmt"/>
          <line num="1588" count="0" type="stmt"/>
          <line num="1596" count="0" type="stmt"/>
          <line num="1597" count="0" type="stmt"/>
          <line num="1598" count="0" type="stmt"/>
          <line num="1602" count="0" type="stmt"/>
          <line num="1603" count="0" type="cond" truecount="0" falsecount="2"/>
          <line num="1604" count="0" type="stmt"/>
          <line num="1605" count="0" type="stmt"/>
          <line num="1606" count="0" type="stmt"/>
          <line num="1614" count="0" type="cond" truecount="0" falsecount="4"/>
          <line num="1615" count="0" type="stmt"/>
          <line num="1616" count="0" type="cond" truecount="0" falsecount="4"/>
          <line num="1617" count="0" type="stmt"/>
          <line num="1619" count="0" type="stmt"/>
          <line num="1621" count="0" type="stmt"/>
          <line num="1622" count="0" type="stmt"/>
          <line num="1623" count="0" type="stmt"/>
          <line num="1627" count="0" type="stmt"/>
          <line num="1634" count="0" type="stmt"/>
          <line num="1635" count="0" type="stmt"/>
          <line num="1640" count="0" type="cond" truecount="0" falsecount="4"/>
          <line num="1641" count="0" type="stmt"/>
          <line num="1650" count="0" type="stmt"/>
          <line num="1655" count="0" type="stmt"/>
          <line num="1660" count="0" type="stmt"/>
          <line num="1665" count="0" type="stmt"/>
          <line num="1669" count="0" type="cond" truecount="0" falsecount="2"/>
          <line num="1670" count="0" type="stmt"/>
          <line num="1672" count="0" type="cond" truecount="0" falsecount="2"/>
          <line num="1673" count="0" type="stmt"/>
          <line num="1675" count="0" type="cond" truecount="0" falsecount="2"/>
          <line num="1676" count="0" type="stmt"/>
          <line num="1678" count="0" type="cond" truecount="0" falsecount="2"/>
          <line num="1679" count="0" type="stmt"/>
          <line num="1681" count="0" type="stmt"/>
          <line num="1689" count="0" type="stmt"/>
          <line num="1694" count="0" type="stmt"/>
          <line num="1699" count="0" type="stmt"/>
          <line num="1704" count="0" type="stmt"/>
          <line num="1705" count="0" type="stmt"/>
          <line num="1709" count="0" type="stmt"/>
          <line num="1720" count="0" type="cond" truecount="0" falsecount="2"/>
          <line num="1721" count="0" type="stmt"/>
          <line num="1723" count="0" type="cond" truecount="0" falsecount="2"/>
          <line num="1724" count="0" type="stmt"/>
          <line num="1726" count="0" type="cond" truecount="0" falsecount="2"/>
          <line num="1727" count="0" type="stmt"/>
          <line num="1729" count="0" type="cond" truecount="0" falsecount="2"/>
          <line num="1730" count="0" type="stmt"/>
          <line num="1732" count="0" type="stmt"/>
          <line num="1741" count="0" type="stmt"/>
          <line num="1742" count="0" type="stmt"/>
          <line num="1743" count="0" type="stmt"/>
          <line num="1753" count="0" type="stmt"/>
          <line num="1757" count="0" type="stmt"/>
          <line num="1758" count="0" type="stmt"/>
          <line num="1762" count="0" type="stmt"/>
          <line num="1771" count="0" type="stmt"/>
          <line num="1772" count="0" type="stmt"/>
          <line num="1779" count="0" type="stmt"/>
          <line num="1780" count="0" type="stmt"/>
          <line num="1781" count="0" type="cond" truecount="0" falsecount="2"/>
          <line num="1782" count="0" type="stmt"/>
          <line num="1784" count="0" type="stmt"/>
          <line num="1788" count="0" type="stmt"/>
          <line num="1789" count="0" type="stmt"/>
          <line num="1790" count="0" type="cond" truecount="0" falsecount="2"/>
          <line num="1791" count="0" type="stmt"/>
          <line num="1793" count="0" type="cond" truecount="0" falsecount="4"/>
          <line num="1794" count="0" type="stmt"/>
          <line num="1796" count="0" type="stmt"/>
          <line num="1800" count="0" type="stmt"/>
          <line num="1801" count="0" type="stmt"/>
          <line num="1805" count="0" type="stmt"/>
          <line num="1815" count="0" type="stmt"/>
          <line num="1816" count="0" type="stmt"/>
          <line num="1820" count="43" type="stmt"/>
          <line num="1821" count="43" type="stmt"/>
          <line num="1822" count="43" type="cond" truecount="1" falsecount="1"/>
          <line num="1823" count="43" type="stmt"/>
          <line num="1825" count="43" type="stmt"/>
          <line num="1845" count="0" type="stmt"/>
          <line num="1846" count="0" type="stmt"/>
          <line num="1847" count="0" type="cond" truecount="0" falsecount="2"/>
          <line num="1848" count="0" type="stmt"/>
          <line num="1849" count="0" type="cond" truecount="0" falsecount="2"/>
          <line num="1850" count="0" type="stmt"/>
          <line num="1851" count="0" type="cond" truecount="0" falsecount="2"/>
          <line num="1852" count="0" type="stmt"/>
          <line num="1853" count="0" type="cond" truecount="0" falsecount="2"/>
          <line num="1854" count="0" type="stmt"/>
          <line num="1856" count="0" type="cond" truecount="0" falsecount="2"/>
          <line num="1857" count="0" type="stmt"/>
          <line num="1858" count="0" type="cond" truecount="0" falsecount="2"/>
          <line num="1859" count="0" type="stmt"/>
          <line num="1860" count="0" type="cond" truecount="0" falsecount="2"/>
          <line num="1861" count="0" type="stmt"/>
          <line num="1862" count="0" type="cond" truecount="0" falsecount="2"/>
          <line num="1863" count="0" type="stmt"/>
          <line num="1865" count="0" type="stmt"/>
          <line num="1874" count="43" type="cond" truecount="3" falsecount="1"/>
          <line num="1875" count="0" type="stmt"/>
          <line num="1877" count="43" type="cond" truecount="1" falsecount="1"/>
          <line num="1878" count="0" type="stmt"/>
          <line num="1880" count="43" type="cond" truecount="1" falsecount="1"/>
          <line num="1881" count="43" type="stmt"/>
          <line num="1883" count="0" type="cond" truecount="0" falsecount="2"/>
          <line num="1886" count="0" type="stmt"/>
          <line num="1888" count="0" type="cond" truecount="0" falsecount="2"/>
          <line num="1891" count="0" type="stmt"/>
          <line num="1893" count="0" type="stmt"/>
          <line num="1897" count="0" type="stmt"/>
          <line num="1898" count="0" type="stmt"/>
          <line num="1899" count="0" type="stmt"/>
          <line num="1900" count="0" type="stmt"/>
          <line num="1901" count="0" type="stmt"/>
          <line num="1905" count="0" type="stmt"/>
          <line num="1906" count="0" type="stmt"/>
          <line num="1913" count="0" type="stmt"/>
          <line num="1918" count="0" type="stmt"/>
          <line num="1922" count="0" type="stmt"/>
          <line num="1926" count="0" type="stmt"/>
          <line num="1930" count="0" type="stmt"/>
          <line num="1934" count="0" type="stmt"/>
          <line num="1938" count="0" type="stmt"/>
          <line num="1948" count="0" type="stmt"/>
          <line num="1949" count="0" type="stmt"/>
          <line num="1950" count="0" type="stmt"/>
          <line num="1951" count="0" type="stmt"/>
          <line num="1952" count="0" type="stmt"/>
          <line num="1956" count="0" type="stmt"/>
          <line num="1957" count="0" type="stmt"/>
          <line num="1961" count="0" type="stmt"/>
          <line num="1962" count="0" type="cond" truecount="0" falsecount="2"/>
          <line num="1963" count="0" type="stmt"/>
          <line num="1971" count="601" type="cond" truecount="1" falsecount="1"/>
          <line num="1972" count="601" type="stmt"/>
          <line num="1974" count="0" type="cond" truecount="0" falsecount="2"/>
          <line num="1975" count="0" type="stmt"/>
          <line num="1977" count="0" type="cond" truecount="0" falsecount="2"/>
          <line num="1978" count="0" type="stmt"/>
          <line num="1981" count="0" type="cond" truecount="0" falsecount="2"/>
          <line num="1982" count="0" type="stmt"/>
          <line num="1983" count="0" type="stmt"/>
          <line num="1984" count="0" type="cond" truecount="0" falsecount="2"/>
          <line num="1985" count="0" type="stmt"/>
          <line num="1987" count="0" type="stmt"/>
          <line num="1990" count="0" type="stmt"/>
          <line num="1994" count="0" type="stmt"/>
          <line num="2004" count="0" type="stmt"/>
          <line num="2005" count="0" type="stmt"/>
          <line num="2006" count="0" type="stmt"/>
          <line num="2010" count="0" type="stmt"/>
          <line num="2011" count="0" type="stmt"/>
          <line num="2013" count="0" type="stmt"/>
          <line num="2014" count="0" type="stmt"/>
          <line num="2016" count="0" type="stmt"/>
          <line num="2017" count="0" type="stmt"/>
          <line num="2018" count="0" type="stmt"/>
          <line num="2019" count="0" type="stmt"/>
          <line num="2020" count="0" type="stmt"/>
          <line num="2024" count="0" type="stmt"/>
          <line num="2031" count="12" type="stmt"/>
          <line num="2032" count="12" type="stmt"/>
          <line num="2033" count="12" type="cond" truecount="1" falsecount="1"/>
          <line num="2034" count="12" type="cond" truecount="2" falsecount="0"/>
          <line num="2035" count="1" type="stmt"/>
          <line num="2041" count="0" type="cond" truecount="0" falsecount="2"/>
          <line num="2042" count="0" type="stmt"/>
          <line num="2044" count="0" type="stmt"/>
          <line num="2046" count="0" type="cond" truecount="0" falsecount="2"/>
          <line num="2047" count="0" type="stmt"/>
          <line num="2052" count="0" type="cond" truecount="0" falsecount="2"/>
          <line num="2053" count="0" type="stmt"/>
          <line num="2054" count="0" type="stmt"/>
          <line num="2056" count="0" type="stmt"/>
          <line num="2057" count="0" type="stmt"/>
          <line num="2063" count="0" type="stmt"/>
          <line num="2064" count="0" type="cond" truecount="0" falsecount="2"/>
          <line num="2065" count="0" type="stmt"/>
          <line num="2066" count="0" type="stmt"/>
          <line num="2069" count="0" type="cond" truecount="0" falsecount="2"/>
          <line num="2070" count="0" type="stmt"/>
          <line num="2071" count="0" type="cond" truecount="0" falsecount="2"/>
          <line num="2073" count="0" type="stmt"/>
          <line num="2075" count="0" type="stmt"/>
          <line num="2076" count="0" type="cond" truecount="0" falsecount="2"/>
          <line num="2078" count="0" type="stmt"/>
          <line num="2084" count="0" type="stmt"/>
          <line num="2088" count="0" type="cond" truecount="0" falsecount="2"/>
          <line num="2089" count="0" type="stmt"/>
          <line num="2090" count="0" type="stmt"/>
          <line num="2092" count="0" type="cond" truecount="0" falsecount="2"/>
          <line num="2093" count="0" type="stmt"/>
          <line num="2098" count="11" type="stmt"/>
          <line num="2102" count="25" type="stmt"/>
          <line num="2106" count="0" type="stmt"/>
          <line num="2110" count="0" type="cond" truecount="0" falsecount="2"/>
          <line num="2111" count="0" type="stmt"/>
          <line num="2113" count="0" type="stmt"/>
          <line num="2118" count="0" type="cond" truecount="0" falsecount="4"/>
          <line num="2120" count="0" type="stmt"/>
          <line num="2132" count="601" type="stmt"/>
          <line num="2156" count="268" type="stmt"/>
          <line num="2157" count="268" type="stmt"/>
          <line num="2158" count="268" type="cond" truecount="1" falsecount="1"/>
          <line num="2159" count="268" type="stmt"/>
          <line num="2160" count="268" type="stmt"/>
          <line num="2161" count="268" type="stmt"/>
          <line num="2162" count="268" type="stmt"/>
          <line num="2163" count="268" type="stmt"/>
          <line num="2164" count="268" type="stmt"/>
          <line num="2165" count="268" type="stmt"/>
          <line num="2170" count="483" type="stmt"/>
          <line num="2180" count="0" type="stmt"/>
          <line num="2184" count="0" type="stmt"/>
          <line num="2185" count="0" type="cond" truecount="0" falsecount="2"/>
          <line num="2186" count="0" type="stmt"/>
          <line num="2187" count="0" type="stmt"/>
          <line num="2192" count="0" type="cond" truecount="0" falsecount="2"/>
          <line num="2193" count="0" type="stmt"/>
          <line num="2196" count="0" type="stmt"/>
          <line num="2198" count="0" type="stmt"/>
          <line num="2199" count="0" type="stmt"/>
          <line num="2200" count="0" type="stmt"/>
          <line num="2201" count="0" type="cond" truecount="0" falsecount="2"/>
          <line num="2202" count="0" type="stmt"/>
          <line num="2203" count="0" type="cond" truecount="0" falsecount="2"/>
          <line num="2204" count="0" type="stmt"/>
          <line num="2205" count="0" type="stmt"/>
          <line num="2206" count="0" type="cond" truecount="0" falsecount="4"/>
          <line num="2207" count="0" type="cond" truecount="0" falsecount="2"/>
          <line num="2208" count="0" type="stmt"/>
          <line num="2209" count="0" type="stmt"/>
          <line num="2214" count="0" type="cond" truecount="0" falsecount="2"/>
          <line num="2215" count="0" type="stmt"/>
          <line num="2219" count="0" type="stmt"/>
          <line num="2230" count="0" type="stmt"/>
          <line num="2240" count="0" type="stmt"/>
          <line num="2241" count="0" type="cond" truecount="0" falsecount="2"/>
          <line num="2242" count="0" type="stmt"/>
          <line num="2244" count="0" type="stmt"/>
          <line num="2248" count="0" type="cond" truecount="0" falsecount="2"/>
          <line num="2249" count="0" type="stmt"/>
          <line num="2254" count="0" type="stmt"/>
          <line num="2255" count="0" type="stmt"/>
          <line num="2257" count="0" type="cond" truecount="0" falsecount="2"/>
          <line num="2258" count="0" type="stmt"/>
          <line num="2260" count="0" type="stmt"/>
          <line num="2267" count="0" type="cond" truecount="0" falsecount="2"/>
          <line num="2268" count="0" type="cond" truecount="0" falsecount="2"/>
          <line num="2269" count="0" type="stmt"/>
          <line num="2271" count="0" type="cond" truecount="0" falsecount="2"/>
          <line num="2272" count="0" type="cond" truecount="0" falsecount="2"/>
          <line num="2273" count="0" type="stmt"/>
          <line num="2275" count="0" type="cond" truecount="0" falsecount="2"/>
          <line num="2277" count="0" type="stmt"/>
          <line num="2284" count="13" type="stmt"/>
          <line num="2285" count="13" type="cond" truecount="1" falsecount="1"/>
          <line num="2286" count="13" type="cond" truecount="1" falsecount="1"/>
          <line num="2287" count="0" type="stmt"/>
          <line num="2289" count="13" type="cond" truecount="1" falsecount="1"/>
          <line num="2293" count="0" type="stmt"/>
          <line num="2299" count="11" type="stmt"/>
          <line num="2300" count="11" type="cond" truecount="1" falsecount="1"/>
          <line num="2301" count="0" type="stmt"/>
          <line num="2311" count="0" type="stmt"/>
          <line num="2320" count="11" type="stmt"/>
          <line num="2321" count="11" type="cond" truecount="1" falsecount="1"/>
          <line num="2322" count="0" type="stmt"/>
          <line num="2323" count="0" type="stmt"/>
          <line num="2332" count="0" type="cond" truecount="0" falsecount="2"/>
          <line num="2333" count="0" type="stmt"/>
          <line num="2335" count="0" type="cond" truecount="0" falsecount="2"/>
          <line num="2336" count="0" type="stmt"/>
          <line num="2338" count="0" type="stmt"/>
          <line num="2342" count="0" type="cond" truecount="0" falsecount="2"/>
          <line num="2343" count="0" type="stmt"/>
          <line num="2348" count="0" type="cond" truecount="0" falsecount="2"/>
          <line num="2349" count="0" type="stmt"/>
          <line num="2354" count="0" type="cond" truecount="0" falsecount="2"/>
          <line num="2355" count="0" type="cond" truecount="0" falsecount="2"/>
          <line num="2356" count="0" type="cond" truecount="0" falsecount="2"/>
          <line num="2357" count="0" type="stmt"/>
          <line num="2359" count="0" type="stmt"/>
          <line num="2362" count="0" type="cond" truecount="0" falsecount="2"/>
          <line num="2363" count="0" type="stmt"/>
          <line num="2365" count="0" type="cond" truecount="0" falsecount="2"/>
          <line num="2366" count="0" type="stmt"/>
          <line num="2367" count="0" type="stmt"/>
          <line num="2370" count="0" type="cond" truecount="0" falsecount="2"/>
          <line num="2371" count="0" type="stmt"/>
          <line num="2373" count="0" type="stmt"/>
          <line num="2378" count="0" type="stmt"/>
          <line num="2379" count="0" type="stmt"/>
          <line num="2380" count="0" type="stmt"/>
          <line num="2383" count="0" type="stmt"/>
          <line num="2428" count="0" type="cond" truecount="0" falsecount="2"/>
          <line num="2429" count="0" type="stmt"/>
          <line num="2430" count="0" type="cond" truecount="0" falsecount="2"/>
          <line num="2431" count="0" type="stmt"/>
          <line num="2432" count="0" type="cond" truecount="0" falsecount="2"/>
          <line num="2433" count="0" type="stmt"/>
          <line num="2435" count="0" type="cond" truecount="0" falsecount="2"/>
          <line num="2436" count="0" type="stmt"/>
          <line num="2438" count="0" type="cond" truecount="0" falsecount="2"/>
          <line num="2439" count="0" type="stmt"/>
          <line num="2442" count="0" type="stmt"/>
          <line num="2445" count="0" type="stmt"/>
          <line num="2446" count="0" type="cond" truecount="0" falsecount="2"/>
          <line num="2448" count="0" type="stmt"/>
          <line num="2450" count="0" type="stmt"/>
          <line num="2455" count="0" type="cond" truecount="0" falsecount="2"/>
          <line num="2456" count="0" type="stmt"/>
          <line num="2457" count="0" type="stmt"/>
          <line num="2459" count="0" type="cond" truecount="0" falsecount="2"/>
          <line num="2460" count="0" type="stmt"/>
          <line num="2461" count="0" type="stmt"/>
          <line num="2466" count="0" type="cond" truecount="0" falsecount="2"/>
          <line num="2467" count="0" type="stmt"/>
          <line num="2473" count="307" type="stmt"/>
          <line num="2478" count="307" type="stmt"/>
          <line num="2479" count="307" type="stmt"/>
          <line num="2480" count="307" type="cond" truecount="1" falsecount="1"/>
          <line num="2481" count="0" type="stmt"/>
          <line num="2483" count="307" type="stmt"/>
          <line num="2487" count="0" type="cond" truecount="0" falsecount="2"/>
          <line num="2496" count="0" type="stmt"/>
          <line num="2498" count="0" type="stmt"/>
          <line num="2525" count="0" type="stmt"/>
          <line num="2529" count="0" type="stmt"/>
          <line num="2533" count="0" type="stmt"/>
          <line num="2537" count="0" type="stmt"/>
          <line num="2542" count="0" type="stmt"/>
          <line num="2546" count="0" type="stmt"/>
          <line num="2550" count="0" type="stmt"/>
          <line num="2554" count="0" type="stmt"/>
          <line num="2558" count="0" type="stmt"/>
          <line num="2562" count="0" type="stmt"/>
          <line num="2571" count="0" type="cond" truecount="0" falsecount="2"/>
          <line num="2572" count="0" type="stmt"/>
          <line num="2573" count="0" type="stmt"/>
          <line num="2575" count="0" type="stmt"/>
          <line num="2576" count="0" type="cond" truecount="0" falsecount="2"/>
          <line num="2577" count="0" type="stmt"/>
          <line num="2579" count="0" type="stmt"/>
          <line num="2582" count="0" type="cond" truecount="0" falsecount="2"/>
          <line num="2583" count="0" type="stmt"/>
          <line num="2584" count="0" type="stmt"/>
          <line num="2585" count="0" type="stmt"/>
          <line num="2586" count="0" type="stmt"/>
          <line num="2587" count="0" type="stmt"/>
          <line num="2624" count="183" type="stmt"/>
          <line num="2625" count="183" type="stmt"/>
          <line num="2626" count="183" type="stmt"/>
          <line num="2627" count="183" type="stmt"/>
          <line num="2628" count="183" type="stmt"/>
          <line num="2629" count="183" type="stmt"/>
          <line num="2633" count="342" type="stmt"/>
          <line num="2641" count="0" type="stmt"/>
          <line num="2647" count="0" type="stmt"/>
          <line num="2648" count="0" type="stmt"/>
          <line num="2649" count="0" type="stmt"/>
          <line num="2650" count="0" type="stmt"/>
          <line num="2651" count="0" type="stmt"/>
          <line num="2654" count="0" type="stmt"/>
          <line num="2658" count="0" type="stmt"/>
          <line num="2659" count="0" type="stmt"/>
          <line num="2660" count="0" type="cond" truecount="0" falsecount="2"/>
          <line num="2661" count="0" type="stmt"/>
          <line num="2663" count="0" type="stmt"/>
          <line num="2666" count="0" type="stmt"/>
          <line num="2667" count="0" type="stmt"/>
          <line num="2668" count="0" type="cond" truecount="0" falsecount="2"/>
          <line num="2669" count="0" type="stmt"/>
          <line num="2672" count="0" type="stmt"/>
          <line num="2676" count="0" type="stmt"/>
          <line num="2677" count="0" type="stmt"/>
          <line num="2678" count="0" type="cond" truecount="0" falsecount="2"/>
          <line num="2679" count="0" type="stmt"/>
          <line num="2681" count="0" type="stmt"/>
          <line num="2684" count="0" type="stmt"/>
[...]
          <line num="216" count="270" type="stmt"/>
          <line num="218" count="34484" type="cond" truecount="9" falsecount="0"/>
          <line num="229" count="29704" type="cond" truecount="2" falsecount="2"/>
          <line num="230" count="29704" type="cond" truecount="1" falsecount="1"/>
          <line num="231" count="0" type="stmt"/>
          <line num="233" count="29704" type="stmt"/>
          <line num="239" count="4780" type="stmt"/>
          <line num="240" count="4780" type="cond" truecount="8" falsecount="0"/>
          <line num="248" count="833" type="stmt"/>
          <line num="250" count="4780" type="stmt"/>
          <line num="259" count="1626" type="stmt"/>
          <line num="260" count="1626" type="stmt"/>
          <line num="261" count="1626" type="cond" truecount="2" falsecount="0"/>
          <line num="262" count="1613" type="stmt"/>
          <line num="264" count="1626" type="cond" truecount="1" falsecount="1"/>
          <line num="265" count="1626" type="stmt"/>
          <line num="268" count="1626" type="stmt"/>
          <line num="269" count="1626" type="stmt"/>
          <line num="270" count="1626" type="stmt"/>
          <line num="271" count="2646" type="stmt"/>
          <line num="272" count="2646" type="cond" truecount="1" falsecount="1"/>
          <line num="273" count="2646" type="stmt"/>
          <line num="276" count="1626" type="stmt"/>
          <line num="282" count="1613" type="stmt"/>
          <line num="290" count="0" type="stmt"/>
          <line num="294" count="0" type="stmt"/>
          <line num="295" count="0" type="stmt"/>
          <line num="296" count="0" type="cond" truecount="0" falsecount="2"/>
          <line num="297" count="0" type="stmt"/>
          <line num="299" count="0" type="stmt"/>
          <line num="300" count="0" type="stmt"/>
          <line num="301" count="0" type="stmt"/>
          <line num="302" count="0" type="stmt"/>
          <line num="303" count="0" type="stmt"/>
          <line num="304" count="0" type="cond" truecount="0" falsecount="2"/>
          <line num="305" count="0" type="stmt"/>
          <line num="308" count="0" type="stmt"/>
          <line num="312" count="0" type="stmt"/>
          <line num="313" count="0" type="stmt"/>
          <line num="317" count="0" type="cond" truecount="0" falsecount="5"/>
          <line num="318" count="0" type="stmt"/>
          <line num="324" count="0" type="stmt"/>
          <line num="325" count="0" type="stmt"/>
          <line num="333" count="0" type="stmt"/>
          <line num="334" count="0" type="cond" truecount="0" falsecount="2"/>
          <line num="335" count="0" type="stmt"/>
          <line num="336" count="0" type="stmt"/>
          <line num="337" count="0" type="stmt"/>
          <line num="338" count="0" type="stmt"/>
          <line num="339" count="0" type="cond" truecount="0" falsecount="2"/>
          <line num="340" count="0" type="stmt"/>
          <line num="342" count="0" type="stmt"/>
          <line num="343" count="0" type="cond" truecount="0" falsecount="2"/>
          <line num="344" count="0" type="stmt"/>
          <line num="347" count="0" type="cond" truecount="0" falsecount="2"/>
          <line num="348" count="0" type="stmt"/>
          <line num="357" count="0" type="stmt"/>
          <line num="358" count="0" type="cond" truecount="0" falsecount="2"/>
          <line num="359" count="0" type="stmt"/>
          <line num="360" count="0" type="stmt"/>
          <line num="361" count="0" type="stmt"/>
          <line num="362" count="0" type="stmt"/>
          <line num="363" count="0" type="stmt"/>
          <line num="364" count="0" type="cond" truecount="0" falsecount="2"/>
          <line num="365" count="0" type="stmt"/>
          <line num="367" count="0" type="stmt"/>
          <line num="368" count="0" type="cond" truecount="0" falsecount="2"/>
          <line num="369" count="0" type="stmt"/>
          <line num="372" count="0" type="cond" truecount="0" falsecount="2"/>
          <line num="373" count="0" type="stmt"/>
          <line num="387" count="3" type="stmt"/>
          <line num="388" count="0" type="stmt"/>
          <line num="389" count="0" type="cond" truecount="0" falsecount="2"/>
          <line num="390" count="0" type="stmt"/>
          <line num="392" count="0" type="cond" truecount="0" falsecount="2"/>
          <line num="393" count="0" type="cond" truecount="0" falsecount="2"/>
          <line num="394" count="0" type="stmt"/>
          <line num="397" count="0" type="stmt"/>
          <line num="399" count="0" type="stmt"/>
          <line num="400" count="0" type="stmt"/>
          <line num="401" count="0" type="stmt"/>
          <line num="402" count="0" type="stmt"/>
          <line num="403" count="0" type="cond" truecount="0" falsecount="2"/>
          <line num="412" count="0" type="stmt"/>
          <line num="418" count="0" type="stmt"/>
          <line num="419" count="0" type="cond" truecount="0" falsecount="2"/>
          <line num="421" count="0" type="stmt"/>
          <line num="427" count="0" type="stmt"/>
          <line num="428" count="0" type="cond" truecount="0" falsecount="2"/>
          <line num="430" count="0" type="stmt"/>
          <line num="436" count="0" type="stmt"/>
          <line num="445" count="11" type="stmt"/>
          <line num="446" count="11" type="stmt"/>
          <line num="447" count="11" type="stmt"/>
          <line num="448" count="11" type="stmt"/>
          <line num="449" count="11" type="stmt"/>
          <line num="453" count="0" type="stmt"/>
          <line num="454" count="0" type="stmt"/>
          <line num="458" count="5617" type="cond" truecount="2" falsecount="0"/>
          <line num="459" count="5064" type="stmt"/>
          <line num="461" count="553" type="stmt"/>
          <line num="462" count="553" type="stmt"/>
          <line num="463" count="553" type="stmt"/>
          <line num="467" count="553" type="cond" truecount="1" falsecount="1"/>
          <line num="468" count="0" type="stmt"/>
          <line num="470" count="553" type="stmt"/>
          <line num="471" count="553" type="stmt"/>
          <line num="472" count="553" type="stmt"/>
          <line num="473" count="553" type="stmt"/>
          <line num="474" count="937" type="stmt"/>
          <line num="475" count="937" type="stmt"/>
          <line num="476" count="937" type="stmt"/>
          <line num="478" count="553" type="stmt"/>
          <line num="479" count="553" type="stmt"/>
          <line num="483" count="12" type="stmt"/>
          <line num="484" count="12" type="stmt"/>
          <line num="485" count="574" type="stmt"/>
          <line num="486" count="574" type="stmt"/>
          <line num="491" count="5672" type="cond" truecount="2" falsecount="0"/>
          <line num="492" count="28" type="stmt"/>
          <line num="494" count="5644" type="cond" truecount="2" falsecount="0"/>
          <line num="495" count="5627" type="stmt"/>
          <line num="497" count="17" type="stmt"/>
          <line num="509" count="13409" type="cond" truecount="2" falsecount="0"/>
          <line num="513" count="3300" type="cond" truecount="4" falsecount="0"/>
          <line num="514" count="1667" type="stmt"/>
          <line num="516" count="1633" type="cond" truecount="1" falsecount="1"/>
          <line num="517" count="1633" type="stmt"/>
          <line num="519" count="0" type="stmt"/>
          <line num="521" count="10109" type="cond" truecount="2" falsecount="0"/>
          <line num="522" count="4220" type="cond" truecount="4" falsecount="0"/>
          <line num="523" count="2118" type="stmt"/>
          <line num="525" count="2102" type="stmt"/>
          <line num="527" count="5889" type="cond" truecount="2" falsecount="0"/>
          <line num="532" count="1250" type="stmt"/>
          <line num="535" count="4639" type="cond" truecount="2" falsecount="0"/>
          <line num="536" count="28" type="stmt"/>
          <line num="539" count="4611" type="cond" truecount="2" falsecount="0"/>
          <line num="540" count="1822" type="stmt"/>
          <line num="541" count="5398" type="stmt"/>
          <line num="543" count="1822" type="stmt"/>
          <line num="546" count="2789" type="cond" truecount="1" falsecount="1"/>
          <line num="547" count="2789" type="stmt"/>
          <line num="548" count="2789" type="stmt"/>
          <line num="549" count="2789" type="stmt"/>
          <line num="550" count="7989" type="stmt"/>
          <line num="551" count="7989" type="stmt"/>
          <line num="552" count="7989" type="cond" truecount="4" falsecount="0"/>
          <line num="553" count="4005" type="stmt"/>
          <line num="554" count="3984" type="cond" truecount="1" falsecount="1"/>
          <line num="555" count="3984" type="stmt"/>
          <line num="557" count="0" type="stmt"/>
          <line num="560" count="2789" type="cond" truecount="1" falsecount="1"/>
          <line num="561" count="2789" type="stmt"/>
          <line num="563" count="0" type="stmt"/>
          <line num="565" count="0" type="stmt"/>
          <line num="574" count="12" type="stmt"/>
          <line num="578" count="10" type="stmt"/>
          <line num="579" count="10" type="stmt"/>
          <line num="589" count="12" type="stmt"/>
          <line num="590" count="12" type="cond" truecount="2" falsecount="0"/>
          <line num="591" count="1" type="stmt"/>
          <line num="592" count="1" type="stmt"/>
          <line num="593" count="1" type="stmt"/>
          <line num="594" count="1" type="stmt"/>
          <line num="595" count="1" type="stmt"/>
          <line num="597" count="12" type="stmt"/>
          <line num="598" count="12" type="stmt"/>
          <line num="602" count="207674" type="cond" truecount="2" falsecount="0"/>
          <line num="608" count="63486" type="stmt"/>
          <line num="609" count="63486" type="stmt"/>
          <line num="611" count="144188" type="cond" truecount="2" falsecount="0"/>
          <line num="612" count="64819" type="cond" truecount="2" falsecount="0"/>
          <line num="613" count="64802" type="stmt"/>
          <line num="615" count="17" type="stmt"/>
          <line num="617" count="64819" type="stmt"/>
          <line num="619" count="79369" type="cond" truecount="2" falsecount="0"/>
          <line num="620" count="9148" type="stmt"/>
          <line num="621" count="9148" type="stmt"/>
          <line num="623" count="70221" type="cond" truecount="2" falsecount="0"/>
          <line num="625" count="28" type="stmt"/>
          <line num="627" count="70193" type="cond" truecount="2" falsecount="0"/>
          <line num="628" count="28128" type="stmt"/>
          <line num="629" count="83212" type="stmt"/>
          <line num="631" count="28128" type="stmt"/>
          <line num="633" count="42065" type="stmt"/>
          <line num="634" count="124229" type="stmt"/>
          <line num="636" count="42065" type="stmt"/>
          <line num="647" count="112" type="stmt"/>
          <line num="648" count="112" type="cond" truecount="2" falsecount="0"/>
          <line num="649" count="2" type="stmt"/>
          <line num="651" count="112" type="stmt"/>
          <line num="652" count="112" type="stmt"/>
          <line num="653" count="112" type="stmt"/>
          <line num="654" count="112" type="stmt"/>
          <line num="655" count="112" type="stmt"/>
          <line num="656" count="112" type="stmt"/>
          <line num="657" count="68718" type="cond" truecount="1" falsecount="1"/>
          <line num="658" count="0" type="stmt"/>
          <line num="659" count="0" type="stmt"/>
          <line num="661" count="68718" type="cond" truecount="2" falsecount="0"/>
          <line num="662" count="113" type="cond" truecount="1" falsecount="1"/>
          <line num="663" count="0" type="stmt"/>
          <line num="665" count="113" type="stmt"/>
          <line num="669" count="112" type="stmt"/>
          <line num="670" count="68718" type="cond" truecount="1" falsecount="1"/>
          <line num="671" count="0" type="stmt"/>
          <line num="674" count="112" type="stmt"/>
          <line num="675" count="112" type="cond" truecount="2" falsecount="0"/>
          <line num="676" count="67" type="stmt"/>
          <line num="678" count="112" type="cond" truecount="1" falsecount="1"/>
          <line num="679" count="0" type="stmt"/>
          <line num="681" count="112" type="cond" truecount="1" falsecount="1"/>
          <line num="682" count="0" type="stmt"/>
          <line num="684" count="112" type="stmt"/>
          <line num="694" count="232" type="stmt"/>
          <line num="695" count="232" type="cond" truecount="1" falsecount="1"/>
          <line num="696" count="0" type="stmt"/>
          <line num="698" count="232" type="stmt"/>
          <line num="699" count="232" type="stmt"/>
          <line num="700" count="232" type="cond" truecount="3" falsecount="2"/>
          <line num="701" count="0" type="stmt"/>
          <line num="702" count="0" type="stmt"/>
          <line num="704" count="232" type="cond" truecount="2" falsecount="0"/>
          <line num="705" count="68" type="stmt"/>
          <line num="708" count="68" type="cond" truecount="4" falsecount="0"/>
          <line num="709" count="12" type="stmt"/>
          <line num="713" count="68" type="stmt"/>
          <line num="714" count="68" type="stmt"/>
          <line num="715" count="68" type="stmt"/>
          <line num="716" count="68" type="stmt"/>
          <line num="717" count="68" type="cond" truecount="2" falsecount="0"/>
          <line num="718" count="14" type="stmt"/>
          <line num="719" count="22" type="stmt"/>
          <line num="722" count="68" type="cond" truecount="1" falsecount="1"/>
          <line num="724" count="0" type="cond" truecount="0" falsecount="2"/>
          <line num="725" count="0" type="stmt"/>
          <line num="727" count="0" type="stmt"/>
          <line num="730" count="68" type="cond" truecount="3" falsecount="1"/>
          <line num="731" count="0" type="stmt"/>
          <line num="732" count="0" type="stmt"/>
          <line num="734" count="68" type="cond" truecount="2" falsecount="0"/>
          <line num="735" count="34" type="stmt"/>
          <line num="736" count="34" type="stmt"/>
          <line num="738" count="34" type="cond" truecount="4" falsecount="0"/>
          <line num="739" count="6" type="stmt"/>
          <line num="741" count="34" type="stmt"/>
          <line num="742" count="34" type="stmt"/>
          <line num="749" count="164" type="cond" truecount="2" falsecount="0"/>
          <line num="750" count="27" type="stmt"/>
          <line num="751" count="27" type="stmt"/>
          <line num="753" count="137" type="cond" truecount="2" falsecount="0"/>
          <line num="754" count="25" type="stmt"/>
          <line num="756" count="137" type="stmt"/>
          <line num="760" count="8" type="stmt"/>
          <line num="761" count="8" type="stmt"/>
          <line num="762" count="73" type="stmt"/>
          <line num="763" count="16" type="stmt"/>
          <line num="764" count="16" type="cond" truecount="1" falsecount="1"/>
          <line num="765" count="0" type="stmt"/>
          <line num="767" count="16" type="stmt"/>
          <line num="770" count="8" type="stmt"/>
          <line num="781" count="40" type="stmt"/>
          <line num="782" count="40" type="cond" truecount="1" falsecount="0"/>
          <line num="784" count="19" type="stmt"/>
          <line num="786" count="220" type="stmt"/>
          <line num="787" count="45" type="stmt"/>
          <line num="788" count="45" type="cond" truecount="1" falsecount="1"/>
          <line num="789" count="0" type="stmt"/>
          <line num="791" count="45" type="stmt"/>
          <line num="796" count="40" type="stmt"/>
          <line num="798" count="41" type="stmt"/>
          <line num="800" count="41" type="cond" truecount="1" falsecount="1"/>
          <line num="801" count="0" type="stmt"/>
          <line num="804" count="41" type="cond" truecount="1" falsecount="1"/>
          <line num="805" count="0" type="stmt"/>
          <line num="808" count="41" type="cond" truecount="2" falsecount="0"/>
          <line num="809" count="19" type="stmt"/>
          <line num="812" count="40" type="stmt"/>
          <line num="816" count="13" type="stmt"/>
          <line num="817" count="13" type="cond" truecount="4" falsecount="0"/>
          <line num="818" count="8" type="stmt"/>
          <line num="820" count="13" type="cond" truecount="2" falsecount="2"/>
          <line num="821" count="0" type="stmt"/>
          <line num="823" count="13" type="cond" truecount="2" falsecount="2"/>
          <line num="824" count="0" type="stmt"/>
          <line num="826" count="13" type="stmt"/>
          <line num="830" count="15" type="stmt"/>
          <line num="831" count="15" type="cond" truecount="4" falsecount="0"/>
          <line num="832" count="9" type="stmt"/>
          <line num="834" count="15" type="cond" truecount="2" falsecount="2"/>
          <line num="835" count="0" type="stmt"/>
          <line num="837" count="15" type="cond" truecount="2" falsecount="2"/>
          <line num="838" count="0" type="stmt"/>
          <line num="840" count="15" type="stmt"/>
          <line num="861" count="285" type="stmt"/>
          <line num="862" count="285" type="stmt"/>
          <line num="866" count="5" type="stmt"/>
          <line num="867" count="5" type="stmt"/>
          <line num="868" count="1" type="stmt"/>
          <line num="873" count="12" type="stmt"/>
          <line num="874" count="5" type="stmt"/>
          <line num="884" count="6" type="stmt"/>
          <line num="885" count="6" type="stmt"/>
          <line num="886" count="1" type="stmt"/>
          <line num="891" count="6" type="stmt"/>
          <line num="892" count="6" type="stmt"/>
          <line num="893" count="6" type="stmt"/>
          <line num="894" count="14" type="stmt"/>
          <line num="898" count="285" type="stmt"/>
          <line num="899" count="285" type="stmt"/>
          <line num="900" count="285" type="stmt"/>
          <line num="901" count="285" type="stmt"/>
          <line num="905" count="48" type="stmt"/>
          <line num="906" count="48" type="stmt"/>
          <line num="914" count="5" type="cond" truecount="3" falsecount="1"/>
          <line num="915" count="0" type="stmt"/>
          <line num="917" count="5" type="cond" truecount="1" falsecount="1"/>
          <line num="918" count="5" type="stmt"/>
          <line num="922" count="5" type="stmt"/>
          <line num="927" count="155" type="cond" truecount="2" falsecount="0"/>
          <line num="928" count="150" type="stmt"/>
          <line num="930" count="5" type="cond" truecount="1" falsecount="1"/>
          <line num="931" count="0" type="stmt"/>
          <line num="933" count="5" type="stmt"/>
          <line num="939" count="2" type="stmt"/>
          <line num="940" count="2" type="stmt"/>
          <line num="947" count="112" type="stmt"/>
          <line num="948" count="112" type="stmt"/>
          <line num="955" count="36" type="stmt"/>
          <line num="956" count="36" type="stmt"/>
          <line num="957" count="36" type="stmt"/>
          <line num="961" count="107" type="cond" truecount="2" falsecount="0"/>
          <line num="962" count="45" type="stmt"/>
          <line num="964" count="107" type="stmt"/>
          <line num="965" count="107" type="stmt"/>
          <line num="969" count="36" type="cond" truecount="1" falsecount="1"/>
          <line num="970" count="0" type="stmt"/>
          <line num="972" count="36" type="stmt"/>
          <line num="973" count="36" type="stmt"/>
        </file>
      </package>
    </metrics>
  </project>
</coverage>
