TN:
SF:/opt/app/src/js/diagram/Diagram.js
FN:184,(anonymous_0)
FN:374,(anonymous_1)
FN:384,(anonymous_2)
FN:392,(anonymous_3)
FN:400,(anonymous_4)
FN:410,(anonymous_5)
FN:415,(anonymous_6)
FN:423,(anonymous_7)
FN:431,(anonymous_8)
FN:440,(anonymous_9)
FN:465,(anonymous_10)
FN:480,(anonymous_11)
FN:495,(anonymous_12)
FN:502,(anonymous_13)
FN:510,(anonymous_14)
FN:533,(anonymous_15)
FN:541,(anonymous_16)
FN:556,(anonymous_17)
FN:574,(anonymous_18)
FN:580,(anonymous_19)
FN:620,(anonymous_20)
FN:625,(anonymous_21)
FN:629,(anonymous_22)
FN:635,(anonymous_23)
FN:640,(anonymous_24)
FN:663,(anonymous_25)
FN:666,(anonymous_26)
FN:672,(anonymous_27)
FN:717,(anonymous_28)
FN:728,(anonymous_29)
FN:758,(anonymous_30)
FN:767,(anonymous_31)
FN:793,(anonymous_32)
FN:820,(anonymous_33)
FN:838,(anonymous_34)
FN:867,(anonymous_35)
FN:905,(anonymous_36)
FN:945,(anonymous_37)
FN:975,(anonymous_38)
FN:985,(anonymous_39)
FN:997,(anonymous_40)
FN:1048,(anonymous_41)
FN:1076,(anonymous_42)
FN:1114,(anonymous_43)
FN:1146,(anonymous_44)
FN:1225,(anonymous_45)
FN:1231,(anonymous_46)
FN:1237,(anonymous_47)
FN:1244,(anonymous_48)
FN:1249,(anonymous_49)
FN:1275,(anonymous_50)
FN:1280,(anonymous_51)
FN:1290,(anonymous_52)
FN:1297,(anonymous_53)
FN:1379,(anonymous_54)
FN:1404,(anonymous_55)
FN:1414,(anonymous_56)
FN:1418,(anonymous_57)
FN:1426,(anonymous_58)
FNF:59
FNH:24
FNDA:85,(anonymous_0)
FNDA:85,(anonymous_1)
FNDA:3,(anonymous_2)
FNDA:3,(anonymous_3)
FNDA:9,(anonymous_4)
FNDA:0,(anonymous_5)
FNDA:0,(anonymous_6)
FNDA:0,(anonymous_7)
FNDA:141,(anonymous_8)
FNDA:44,(anonymous_9)
FNDA:85,(anonymous_10)
FNDA:13,(anonymous_11)
FNDA:415,(anonymous_12)
FNDA:0,(anonymous_13)
FNDA:255,(anonymous_14)
FNDA:255,(anonymous_15)
FNDA:255,(anonymous_16)
FNDA:85,(anonymous_17)
FNDA:0,(anonymous_18)
FNDA:170,(anonymous_19)
FNDA:183,(anonymous_20)
FNDA:183,(anonymous_21)
FNDA:85,(anonymous_22)
FNDA:0,(anonymous_23)
FNDA:0,(anonymous_24)
FNDA:0,(anonymous_25)
FNDA:0,(anonymous_26)
FNDA:0,(anonymous_27)
FNDA:0,(anonymous_28)
FNDA:0,(anonymous_29)
FNDA:0,(anonymous_30)
FNDA:0,(anonymous_31)
FNDA:0,(anonymous_32)
FNDA:0,(anonymous_33)
FNDA:25,(anonymous_34)
FNDA:0,(anonymous_35)
FNDA:0,(anonymous_36)
FNDA:0,(anonymous_37)
FNDA:18,(anonymous_38)
FNDA:0,(anonymous_39)
FNDA:0,(anonymous_40)
FNDA:0,(anonymous_41)
FNDA:0,(anonymous_42)
FNDA:0,(anonymous_43)
FNDA:0,(anonymous_44)
FNDA:0,(anonymous_45)
FNDA:85,(anonymous_46)
FNDA:0,(anonymous_47)
FNDA:0,(anonymous_48)
FNDA:0,(anonymous_49)
FNDA:0,(anonymous_50)
FNDA:31,(anonymous_51)
FNDA:61,(anonymous_52)
FNDA:0,(anonymous_53)
FNDA:0,(anonymous_54)
FNDA:467,(anonymous_55)
FNDA:0,(anonymous_56)
FNDA:0,(anonymous_57)
FNDA:0,(anonymous_58)
DA:185,85
DA:192,85
DA:199,85
DA:200,85
DA:201,85
DA:202,85
DA:204,85
DA:207,85
DA:208,85
DA:210,85
DA:211,85
DA:212,85
DA:213,85
DA:214,85
DA:215,85
DA:216,425
DA:217,425
DA:219,170
DA:221,425
DA:223,0
DA:225,425
DA:227,170
DA:229,425
DA:231,0
DA:233,425
DA:235,85
DA:238,85
DA:239,0
DA:240,0
DA:241,0
DA:243,85
DA:244,0
DA:245,0
DA:246,0
DA:248,85
DA:249,0
DA:250,0
DA:251,0
DA:254,85
DA:255,85
DA:256,85
DA:257,85
DA:271,85
DA:273,85
DA:274,85
DA:278,85
DA:279,85
DA:280,0
DA:284,0
DA:286,85
DA:287,85
DA:288,0
DA:289,0
DA:295,85
DA:296,0
DA:297,0
DA:298,0
DA:301,85
DA:302,85
DA:305,85
DA:306,85
DA:309,85
DA:310,85
DA:312,85
DA:313,85
DA:314,85
DA:315,85
DA:316,85
DA:317,85
DA:318,85
DA:319,85
DA:320,85
DA:334,85
DA:335,85
DA:336,85
DA:337,85
DA:339,85
DA:340,85
DA:341,85
DA:343,85
DA:344,85
DA:346,85
DA:347,85
DA:348,85
DA:349,85
DA:351,85
DA:355,85
DA:356,85
DA:357,85
DA:358,85
DA:359,85
DA:360,85
DA:362,0
DA:363,0
DA:365,85
DA:366,85
DA:367,85
DA:368,85
DA:369,85
DA:370,85
DA:371,85
DA:375,85
DA:384,85
DA:385,3
DA:386,3
DA:387,1
DA:389,2
DA:392,85
DA:393,3
DA:394,3
DA:395,1
DA:397,2
DA:400,85
DA:401,9
DA:402,9
DA:405,85
DA:406,85
DA:407,85
DA:411,0
DA:412,0
DA:416,0
DA:424,0
DA:432,141
DA:433,141
DA:442,44
DA:444,44
DA:445,44
DA:446,44
DA:447,0
DA:449,44
DA:470,85
DA:485,13
DA:496,415
DA:497,44
DA:499,371
DA:503,0
DA:504,0
DA:506,0
DA:511,255
DA:512,255
DA:513,0
DA:515,255
DA:516,255
DA:517,0
DA:523,255
DA:534,255
DA:538,255
DA:542,255
DA:543,255
DA:548,255
DA:557,85
DA:558,85
DA:559,85
DA:560,85
DA:561,0
DA:562,0
DA:563,0
DA:564,0
DA:565,0
DA:567,0
DA:571,85
DA:575,0
DA:576,0
DA:581,170
DA:585,170
DA:590,170
DA:591,170
DA:596,170
DA:601,170
DA:621,183
DA:622,183
DA:626,183
DA:630,85
DA:631,85
DA:636,0
DA:637,0
DA:639,0
DA:640,0
DA:641,0
DA:642,0
DA:647,0
DA:648,0
DA:649,0
DA:652,0
DA:653,0
DA:654,0
DA:655,0
DA:656,0
DA:665,0
DA:666,0
DA:667,0
DA:668,0
DA:672,0
DA:673,0
DA:677,0
DA:678,0
DA:681,0
DA:682,0
DA:683,0
DA:684,0
DA:685,0
DA:686,0
DA:687,0
DA:688,0
DA:689,0
DA:690,0
DA:693,0
DA:697,0
DA:698,0
DA:706,0
DA:707,0
DA:709,0
DA:710,0
DA:713,0
DA:714,0
DA:717,0
DA:718,0
DA:719,0
DA:720,0
DA:722,0
DA:731,0
DA:732,0
DA:733,0
DA:736,0
DA:737,0
DA:740,0
DA:741,0
DA:743,0
DA:744,0
DA:745,0
DA:746,0
DA:750,0
DA:751,0
DA:752,0
DA:753,0
DA:755,0
DA:760,0
DA:761,0
DA:762,0
DA:768,0
DA:769,0
DA:770,0
DA:771,0
DA:772,0
DA:774,0
DA:777,0
DA:778,0
DA:780,0
DA:782,0
DA:785,0
DA:786,0
DA:788,0
DA:789,0
DA:794,0
DA:795,0
DA:821,0
DA:822,0
DA:823,0
DA:824,0
DA:825,0
DA:826,0
DA:828,0
DA:830,0
DA:832,0
DA:833,0
DA:839,25
DA:840,25
DA:841,0
DA:843,25
DA:844,25
DA:845,25
DA:846,0
DA:848,25
DA:849,7
DA:850,7
DA:851,18
DA:852,4
DA:853,4
DA:855,14
DA:857,25
DA:858,9
DA:860,25
DA:868,0
DA:869,0
DA:870,0
DA:871,0
DA:872,0
DA:873,0
DA:877,0
DA:878,0
DA:880,0
DA:881,0
DA:882,0
DA:884,0
DA:885,0
DA:887,0
DA:890,0
DA:892,0
DA:899,0
DA:900,0
DA:901,0
DA:902,0
DA:905,0
DA:910,0
DA:911,0
DA:912,0
DA:913,0
DA:914,0
DA:915,0
DA:918,0
DA:919,0
DA:921,0
DA:922,0
DA:924,0
DA:946,0
DA:947,0
DA:948,0
DA:949,0
DA:954,0
DA:955,0
DA:956,0
DA:957,0
DA:958,0
DA:961,0
DA:962,0
DA:963,0
DA:976,18
DA:977,18
DA:978,0
DA:980,18
DA:982,18
DA:986,0
DA:987,0
DA:988,0
DA:989,0
DA:990,0
DA:991,0
DA:992,0
DA:1002,0
DA:1003,0
DA:1004,0
DA:1006,0
DA:1008,0
DA:1009,0
DA:1023,0
DA:1027,0
DA:1031,0
DA:1032,0
DA:1033,0
DA:1034,0
DA:1035,0
DA:1037,0
DA:1044,0
DA:1045,0
DA:1053,0
DA:1054,0
DA:1057,0
DA:1059,0
DA:1060,0
DA:1062,0
DA:1063,0
DA:1065,0
DA:1067,0
DA:1068,0
DA:1069,0
DA:1070,0
DA:1071,0
DA:1072,0
DA:1082,0
DA:1083,0
DA:1092,0
DA:1094,0
DA:1095,0
DA:1098,0
DA:1099,0
DA:1100,0
DA:1101,0
DA:1102,0
DA:1103,0
DA:1104,0
DA:1105,0
DA:1106,0
DA:1108,0
DA:1110,0
DA:1115,0
DA:1147,0
DA:1148,0
DA:1149,0
DA:1151,0
DA:1152,0
DA:1153,0
DA:1157,0
DA:1158,0
DA:1160,0
DA:1161,0
DA:1163,0
DA:1167,0
DA:1170,0
DA:1171,0
DA:1172,0
DA:1173,0
DA:1175,0
DA:1176,0
DA:1177,0
DA:1179,0
DA:1180,0
DA:1182,0
DA:1183,0
DA:1188,0
DA:1189,0
DA:1194,0
DA:1195,0
DA:1201,0
DA:1202,0
DA:1209,0
DA:1217,0
DA:1218,0
DA:1221,0
DA:1222,0
DA:1226,0
DA:1233,85
DA:1234,85
DA:1241,0
DA:1245,0
DA:1246,0
DA:1250,0
DA:1251,0
DA:1252,0
DA:1254,0
DA:1255,0
DA:1259,0
DA:1276,0
DA:1277,0
DA:1281,31
DA:1282,31
DA:1283,31
DA:1291,61
DA:1292,61
DA:1293,61
DA:1294,61
DA:1298,0
DA:1299,0
DA:1300,0
DA:1303,0
DA:1305,0
DA:1306,0
DA:1307,0
DA:1317,0
DA:1319,0
DA:1320,0
DA:1321,0
DA:1322,0
DA:1324,0
DA:1329,0
DA:1330,0
DA:1332,0
DA:1333,0
DA:1335,0
DA:1340,0
DA:1347,0
DA:1348,0
DA:1351,0
DA:1352,0
DA:1355,0
DA:1356,0
DA:1357,0
DA:1380,0
DA:1381,0
DA:1383,0
DA:1384,0
DA:1385,0
DA:1390,0
DA:1392,0
DA:1393,0
DA:1395,0
DA:1396,0
DA:1397,0
DA:1398,0
DA:1399,0
DA:1401,0
DA:1405,467
DA:1406,467
DA:1407,85
DA:1408,85
DA:1410,85
DA:1415,0
DA:1419,0
DA:1420,0
DA:1427,0
DA:1428,0
LF:490
LH:169
BRDA:210,0,0,85
BRDA:210,0,1,0
BRDA:212,1,0,85
BRDA:212,1,1,0
BRDA:217,2,0,170
BRDA:217,2,1,255
BRDA:217,3,0,425
BRDA:217,3,1,340
BRDA:221,4,0,0
BRDA:221,4,1,425
BRDA:221,5,0,425
BRDA:221,5,1,340
BRDA:225,6,0,170
BRDA:225,6,1,255
BRDA:225,7,0,425
BRDA:225,7,1,340
BRDA:229,8,0,0
BRDA:229,8,1,425
BRDA:229,9,0,425
BRDA:229,9,1,340
BRDA:233,10,0,85
BRDA:233,10,1,340
BRDA:238,11,0,0
BRDA:238,11,1,85
BRDA:243,12,0,0
BRDA:243,12,1,85
BRDA:248,13,0,0
BRDA:248,13,1,85
BRDA:279,14,0,0
BRDA:279,14,1,85
BRDA:287,15,0,0
BRDA:287,15,1,85
BRDA:295,16,0,0
BRDA:295,16,1,85
BRDA:297,17,0,0
BRDA:297,17,1,0
BRDA:301,18,0,85
BRDA:301,18,1,0
BRDA:305,19,0,85
BRDA:305,19,1,0
BRDA:348,20,0,85
BRDA:348,20,1,0
BRDA:360,21,0,0
BRDA:360,21,1,85
BRDA:386,22,0,1
BRDA:386,22,1,2
BRDA:394,23,0,1
BRDA:394,23,1,2
BRDA:446,24,0,0
BRDA:446,24,1,44
BRDA:467,25,0,85
BRDA:468,26,0,85
BRDA:482,27,0,13
BRDA:483,28,0,13
BRDA:496,29,0,44
BRDA:496,29,1,371
BRDA:502,30,0,0
BRDA:503,31,0,0
BRDA:503,31,1,0
BRDA:512,32,0,0
BRDA:512,32,1,255
BRDA:516,33,0,0
BRDA:516,33,1,255
BRDA:560,34,0,0
BRDA:560,34,1,85
BRDA:564,35,0,0
BRDA:564,35,1,0
BRDA:635,36,0,0
BRDA:636,37,0,0
BRDA:636,37,1,0
BRDA:642,38,0,0
BRDA:642,38,1,0
BRDA:643,39,0,0
BRDA:643,39,1,0
BRDA:643,39,2,0
BRDA:643,39,3,0
BRDA:652,40,0,0
BRDA:652,40,1,0
BRDA:684,41,0,0
BRDA:684,41,1,0
BRDA:719,42,0,0
BRDA:719,42,1,0
BRDA:729,43,0,0
BRDA:732,44,0,0
BRDA:732,44,1,0
BRDA:736,45,0,0
BRDA:736,45,1,0
BRDA:744,46,0,0
BRDA:744,46,1,0
BRDA:751,47,0,0
BRDA:751,47,1,0
BRDA:767,48,0,0
BRDA:771,49,0,0
BRDA:771,49,1,0
BRDA:777,50,0,0
BRDA:777,50,1,0
BRDA:782,51,0,0
BRDA:782,51,1,0
BRDA:794,52,0,0
BRDA:794,52,1,0
BRDA:822,53,0,0
BRDA:822,53,1,0
BRDA:823,54,0,0
BRDA:823,54,1,0
BRDA:825,55,0,0
BRDA:825,55,1,0
BRDA:838,56,0,16
BRDA:840,57,0,0
BRDA:840,57,1,25
BRDA:845,58,0,0
BRDA:845,58,1,25
BRDA:845,59,0,25
BRDA:845,59,1,25
BRDA:848,60,0,7
BRDA:848,60,1,18
BRDA:851,61,0,4
BRDA:851,61,1,14
BRDA:857,62,0,9
BRDA:857,62,1,16
BRDA:868,63,0,0
BRDA:868,63,1,0
BRDA:872,64,0,0
BRDA:872,64,1,0
BRDA:877,65,0,0
BRDA:877,65,1,0
BRDA:880,66,0,0
BRDA:880,66,1,0
BRDA:884,67,0,0
BRDA:884,67,1,0
BRDA:900,68,0,0
BRDA:900,68,1,0
BRDA:901,69,0,0
BRDA:901,69,1,0
BRDA:913,70,0,0
BRDA:913,70,1,0
BRDA:918,71,0,0
BRDA:918,71,1,0
BRDA:921,72,0,0
BRDA:921,72,1,0
BRDA:946,73,0,0
BRDA:946,73,1,0
BRDA:948,74,0,0
BRDA:948,74,1,0
BRDA:956,75,0,0
BRDA:956,75,1,0
BRDA:977,76,0,0
BRDA:977,76,1,18
BRDA:986,77,0,0
BRDA:986,77,1,0
BRDA:990,78,0,0
BRDA:990,78,1,0
BRDA:1003,79,0,0
BRDA:1003,79,1,0
BRDA:1034,80,0,0
BRDA:1034,80,1,0
BRDA:1069,81,0,0
BRDA:1069,81,1,0
BRDA:1080,82,0,0
BRDA:1099,83,0,0
BRDA:1099,83,1,0
BRDA:1103,84,0,0
BRDA:1103,84,1,0
BRDA:1105,85,0,0
BRDA:1105,85,1,0
BRDA:1147,86,0,0
BRDA:1147,86,1,0
BRDA:1152,87,0,0
BRDA:1152,87,1,0
BRDA:1157,88,0,0
BRDA:1157,88,1,0
BRDA:1160,89,0,0
BRDA:1160,89,1,0
BRDA:1172,90,0,0
BRDA:1172,90,1,0
BRDA:1173,91,0,0
BRDA:1173,91,1,0
BRDA:1173,92,0,0
BRDA:1173,92,1,0
BRDA:1175,93,0,0
BRDA:1175,93,1,0
BRDA:1176,94,0,0
BRDA:1176,94,1,0
BRDA:1179,95,0,0
BRDA:1179,95,1,0
BRDA:1182,96,0,0
BRDA:1182,96,1,0
BRDA:1188,97,0,0
BRDA:1188,97,1,0
BRDA:1194,98,0,0
BRDA:1194,98,1,0
BRDA:1201,99,0,0
BRDA:1201,99,1,0
BRDA:1217,100,0,0
BRDA:1217,100,1,0
BRDA:1225,101,0,0
BRDA:1225,102,0,0
BRDA:1249,103,0,0
BRDA:1250,104,0,0
BRDA:1250,104,1,0
BRDA:1275,105,0,0
BRDA:1297,106,0,0
BRDA:1299,107,0,0
BRDA:1299,107,1,0
BRDA:1305,108,0,0
BRDA:1305,108,1,0
BRDA:1307,109,0,0
BRDA:1307,109,1,0
BRDA:1320,110,0,0
BRDA:1320,110,1,0
BRDA:1329,111,0,0
BRDA:1329,111,1,0
BRDA:1347,112,0,0
BRDA:1347,112,1,0
BRDA:1351,113,0,0
BRDA:1351,113,1,0
BRDA:1355,114,0,0
BRDA:1355,114,1,0
BRDA:1379,115,0,0
BRDA:1380,116,0,0
BRDA:1380,116,1,0
BRDA:1383,117,0,0
BRDA:1383,117,1,0
BRDA:1384,118,0,0
BRDA:1384,118,1,0
BRDA:1387,119,0,0
BRDA:1387,119,1,0
BRDA:1392,120,0,0
BRDA:1392,120,1,0
BRDA:1396,121,0,0
BRDA:1396,121,1,0
BRDA:1404,122,0,382
BRDA:1404,123,0,382
BRDA:1406,124,0,85
BRDA:1406,124,1,382
BRDA:1407,125,0,85
BRDA:1407,125,1,0
BRF:236
BRH:59
end_of_record
TN:
SF:/opt/app/src/js/diagram/DrawContext2D.js
FN:8,(anonymous_0)
FN:32,(anonymous_1)
FN:39,(anonymous_2)
FNF:3
FNH:0
FNDA:0,(anonymous_0)
FNDA:0,(anonymous_1)
FNDA:0,(anonymous_2)
DA:9,0
DA:10,0
DA:13,0
DA:23,0
DA:24,0
DA:25,0
DA:28,0
DA:29,0
DA:33,0
DA:34,0
DA:35,0
DA:36,0
DA:40,0
LF:13
LH:0
BRDA:13,0,0,0
BRDA:13,0,1,0
BRDA:13,0,2,0
BRDA:13,0,3,0
BRDA:13,0,4,0
BRDA:13,0,5,0
BRDA:23,1,0,0
BRDA:23,1,1,0
BRDA:24,2,0,0
BRDA:24,2,1,0
BRF:10
BRH:0
end_of_record
TN:
SF:/opt/app/src/js/diagram/Element.js
FN:268,(anonymous_0)
FN:316,(anonymous_1)
FN:320,(anonymous_2)
FN:324,(anonymous_3)
FN:328,(anonymous_4)
FN:332,(anonymous_5)
FN:336,(anonymous_6)
FN:340,(anonymous_7)
FN:349,(anonymous_8)
FN:360,(anonymous_9)
FN:371,(anonymous_10)
FN:382,(anonymous_11)
FN:393,(anonymous_12)
FN:395,(anonymous_13)
FN:454,(anonymous_14)
FN:479,(anonymous_15)
FN:486,(anonymous_16)
FN:513,(anonymous_17)
FN:536,(anonymous_18)
FN:567,(anonymous_19)
FN:574,(anonymous_20)
FN:593,(anonymous_21)
FN:611,(anonymous_22)
FN:665,(anonymous_23)
FN:771,(anonymous_24)
FN:774,(anonymous_25)
FN:814,(anonymous_26)
FN:893,(anonymous_27)
FN:897,(anonymous_28)
FN:902,(anonymous_29)
FN:906,(anonymous_30)
FN:910,(anonymous_31)
FN:914,(anonymous_32)
FN:924,(anonymous_33)
FN:930,(anonymous_34)
FN:946,(anonymous_35)
FN:978,(anonymous_36)
FN:1009,(anonymous_37)
FN:1012,(anonymous_38)
FN:1019,(anonymous_39)
FN:1026,(anonymous_40)
FN:1030,(anonymous_41)
FN:1034,(anonymous_42)
FN:1038,(anonymous_43)
FN:1043,(anonymous_44)
FN:1066,(anonymous_45)
FN:1106,(anonymous_46)
FN:1119,(anonymous_47)
FN:1125,(anonymous_48)
FN:1133,(anonymous_49)
FN:1137,(anonymous_50)
FN:1145,(anonymous_51)
FN:1158,(anonymous_52)
FN:1219,(anonymous_53)
FN:1283,(anonymous_54)
FN:1287,(anonymous_55)
FN:1293,(anonymous_56)
FN:1298,(anonymous_57)
FN:1309,(anonymous_58)
FN:1323,(anonymous_59)
FN:1336,(anonymous_60)
FN:1358,(anonymous_61)
FN:1380,(anonymous_62)
FN:1387,(anonymous_63)
FN:1412,(anonymous_64)
FN:1431,(anonymous_65)
FN:1490,(anonymous_66)
FN:1516,(anonymous_67)
FN:1529,(anonymous_68)
FN:1548,(anonymous_69)
FN:1565,(anonymous_70)
FN:1595,(anonymous_71)
FN:1601,(anonymous_72)
FN:1610,(anonymous_73)
FN:1626,(anonymous_74)
FN:1630,(anonymous_75)
FN:1639,(anonymous_76)
FN:1649,(anonymous_77)
FN:1654,(anonymous_78)
FN:1659,(anonymous_79)
FN:1664,(anonymous_80)
FN:1668,(anonymous_81)
FN:1688,(anonymous_82)
FN:1693,(anonymous_83)
FN:1698,(anonymous_84)
FN:1703,(anonymous_85)
FN:1717,(anonymous_86)
FN:1738,(anonymous_87)
FN:1752,(anonymous_88)
FN:1756,(anonymous_89)
FN:1770,(anonymous_90)
FN:1778,(anonymous_91)
FN:1787,(anonymous_92)
FN:1799,(anonymous_93)
FN:1819,(anonymous_94)
FN:1840,(anonymous_95)
FN:1868,(anonymous_96)
FN:1896,(anonymous_97)
FN:1904,(anonymous_98)
FN:1912,(anonymous_99)
FN:1916,(anonymous_100)
FN:1925,(anonymous_101)
FN:1933,(anonymous_102)
FN:1955,(anonymous_103)
FN:1960,(anonymous_104)
FN:1967,(anonymous_105)
FN:2030,(anonymous_106)
FN:2040,(anonymous_107)
FN:2051,(anonymous_108)
FN:2061,(anonymous_109)
FN:2083,(anonymous_110)
FN:2087,(anonymous_111)
FN:2097,(anonymous_112)
FN:2101,(anonymous_113)
FN:2105,(anonymous_114)
FN:2109,(anonymous_115)
FN:2117,(anonymous_116)
FN:2131,(anonymous_117)
FN:2149,(anonymous_118)
FN:2169,(anonymous_119)
FN:2179,(anonymous_120)
FN:2183,(anonymous_121)
FN:2191,(anonymous_122)
FN:2228,(anonymous_123)
FN:2247,(anonymous_124)
FN:2253,(anonymous_125)
FN:2266,(anonymous_126)
FN:2282,(anonymous_127)
FN:2298,(anonymous_128)
FN:2319,(anonymous_129)
FN:2331,(anonymous_130)
FN:2341,(anonymous_131)
FN:2347,(anonymous_132)
FN:2353,(anonymous_133)
FN:2427,(anonymous_134)
FN:2448,(anonymous_135)
FN:2472,(anonymous_136)
FN:2486,(anonymous_137)
FN:2524,(anonymous_138)
FN:2528,(anonymous_139)
FN:2532,(anonymous_140)
FN:2536,(anonymous_141)
FN:2541,(anonymous_142)
FN:2545,(anonymous_143)
FN:2549,(anonymous_144)
FN:2553,(anonymous_145)
FN:2557,(anonymous_146)
FN:2561,(anonymous_147)
FN:2565,(anonymous_148)
FN:2619,(anonymous_149)
FN:2632,(anonymous_150)
FN:2640,(anonymous_151)
FN:2647,(anonymous_152)
FN:2657,(anonymous_153)
FN:2659,(anonymous_154)
FN:2667,(anonymous_155)
FN:2675,(anonymous_156)
FN:2677,(anonymous_157)
FN:2685,(anonymous_158)
FN:2693,(anonymous_159)
FN:2716,(anonymous_160)
FN:2738,(anonymous_161)
FN:2751,(anonymous_162)
FN:2811,(anonymous_163)
FN:2861,(anonymous_164)
FN:2874,(anonymous_165)
FN:2887,(anonymous_166)
FN:2961,(anonymous_167)
FN:2972,(anonymous_168)
FN:3036,(anonymous_169)
FN:3046,(anonymous_170)
FN:3064,(anonymous_171)
FN:3066,(anonymous_172)
FN:3075,(anonymous_173)
FN:3077,(anonymous_174)
FN:3086,(anonymous_175)
FN:3088,(anonymous_176)
FN:3097,(anonymous_177)
FN:3108,(anonymous_178)
FN:3119,(anonymous_179)
FN:3132,(anonymous_180)
FN:3144,(anonymous_181)
FN:3169,(anonymous_182)
FN:3176,(anonymous_183)
FN:3184,(anonymous_184)
FN:3191,(anonymous_185)
FN:3203,(anonymous_186)
FN:3215,(anonymous_187)
FN:3223,(anonymous_188)
FN:3235,(anonymous_189)
FN:3248,(anonymous_190)
FN:3272,(anonymous_191)
FN:3301,(anonymous_192)
FN:3311,(anonymous_193)
FN:3323,(anonymous_194)
FN:3328,(anonymous_195)
FN:3335,(anonymous_196)
FN:3347,(anonymous_197)
FN:3360,(anonymous_198)
FN:3373,(anonymous_199)
FN:3385,(anonymous_200)
FN:3409,(anonymous_201)
FN:3434,(anonymous_202)
FN:3443,(anonymous_203)
FN:3450,(anonymous_204)
FN:3463,(anonymous_205)
FN:3472,(anonymous_206)
FN:3480,(anonymous_207)
FN:3494,(anonymous_208)
FN:3508,(anonymous_209)
FN:3513,(anonymous_210)
FN:3530,(anonymous_211)
FN:3539,(anonymous_212)
FN:3548,(anonymous_213)
FN:3560,(anonymous_214)
FN:3561,(anonymous_215)
FN:3577,(anonymous_216)
FN:3622,(anonymous_217)
FN:3635,(anonymous_218)
FN:3644,(anonymous_219)
FN:3685,(anonymous_220)
FN:3711,(anonymous_221)
FN:3721,(anonymous_222)
FN:3730,(anonymous_223)
FN:3745,(anonymous_224)
FN:3752,(anonymous_225)
FN:3761,(anonymous_226)
FN:3776,(anonymous_227)
FN:3788,(anonymous_228)
FN:3796,(anonymous_229)
FN:3806,(anonymous_230)
FN:3822,(anonymous_231)
FN:3830,(anonymous_232)
FN:3838,(anonymous_233)
FNF:234
FNH:37
FNDA:451,(anonymous_0)
FNDA:0,(anonymous_1)
FNDA:0,(anonymous_2)
FNDA:0,(anonymous_3)
FNDA:0,(anonymous_4)
FNDA:0,(anonymous_5)
FNDA:0,(anonymous_6)
FNDA:0,(anonymous_7)
FNDA:0,(anonymous_8)
FNDA:0,(anonymous_9)
FNDA:0,(anonymous_10)
FNDA:0,(anonymous_11)
FNDA:0,(anonymous_12)
FNDA:0,(anonymous_13)
FNDA:0,(anonymous_14)
FNDA:0,(anonymous_15)
FNDA:0,(anonymous_16)
FNDA:0,(anonymous_17)
FNDA:0,(anonymous_18)
FNDA:13,(anonymous_19)
FNDA:825,(anonymous_20)
FNDA:825,(anonymous_21)
FNDA:597,(anonymous_22)
FNDA:0,(anonymous_23)
FNDA:0,(anonymous_24)
FNDA:0,(anonymous_25)
FNDA:0,(anonymous_26)
FNDA:0,(anonymous_27)
FNDA:0,(anonymous_28)
FNDA:0,(anonymous_29)
FNDA:155,(anonymous_30)
FNDA:327,(anonymous_31)
FNDA:68,(anonymous_32)
FNDA:27,(anonymous_33)
FNDA:0,(anonymous_34)
FNDA:95,(anonymous_35)
FNDA:0,(anonymous_36)
FNDA:0,(anonymous_37)
FNDA:0,(anonymous_38)
FNDA:0,(anonymous_39)
FNDA:0,(anonymous_40)
FNDA:0,(anonymous_41)
FNDA:0,(anonymous_42)
FNDA:0,(anonymous_43)
FNDA:0,(anonymous_44)
FNDA:0,(anonymous_45)
FNDA:0,(anonymous_46)
FNDA:0,(anonymous_47)
FNDA:0,(anonymous_48)
FNDA:0,(anonymous_49)
FNDA:0,(anonymous_50)
FNDA:0,(anonymous_51)
FNDA:0,(anonymous_52)
FNDA:0,(anonymous_53)
FNDA:0,(anonymous_54)
FNDA:0,(anonymous_55)
FNDA:0,(anonymous_56)
FNDA:1167,(anonymous_57)
FNDA:0,(anonymous_58)
FNDA:0,(anonymous_59)
FNDA:0,(anonymous_60)
FNDA:0,(anonymous_61)
FNDA:0,(anonymous_62)
FNDA:0,(anonymous_63)
FNDA:0,(anonymous_64)
FNDA:0,(anonymous_65)
FNDA:0,(anonymous_66)
FNDA:0,(anonymous_67)
FNDA:0,(anonymous_68)
FNDA:0,(anonymous_69)
FNDA:0,(anonymous_70)
FNDA:0,(anonymous_71)
FNDA:0,(anonymous_72)
FNDA:0,(anonymous_73)
FNDA:0,(anonymous_74)
FNDA:0,(anonymous_75)
FNDA:0,(anonymous_76)
FNDA:0,(anonymous_77)
FNDA:0,(anonymous_78)
FNDA:0,(anonymous_79)
FNDA:0,(anonymous_80)
FNDA:0,(anonymous_81)
FNDA:0,(anonymous_82)
FNDA:0,(anonymous_83)
FNDA:0,(anonymous_84)
FNDA:0,(anonymous_85)
FNDA:0,(anonymous_86)
FNDA:0,(anonymous_87)
FNDA:0,(anonymous_88)
FNDA:0,(anonymous_89)
FNDA:0,(anonymous_90)
FNDA:0,(anonymous_91)
FNDA:0,(anonymous_92)
FNDA:0,(anonymous_93)
FNDA:43,(anonymous_94)
FNDA:0,(anonymous_95)
FNDA:43,(anonymous_96)
FNDA:0,(anonymous_97)
FNDA:0,(anonymous_98)
FNDA:0,(anonymous_99)
FNDA:0,(anonymous_100)
FNDA:0,(anonymous_101)
FNDA:0,(anonymous_102)
FNDA:0,(anonymous_103)
FNDA:0,(anonymous_104)
FNDA:601,(anonymous_105)
FNDA:12,(anonymous_106)
FNDA:0,(anonymous_107)
FNDA:0,(anonymous_108)
FNDA:0,(anonymous_109)
FNDA:0,(anonymous_110)
FNDA:0,(anonymous_111)
FNDA:11,(anonymous_112)
FNDA:25,(anonymous_113)
FNDA:0,(anonymous_114)
FNDA:0,(anonymous_115)
FNDA:0,(anonymous_116)
FNDA:601,(anonymous_117)
FNDA:268,(anonymous_118)
FNDA:483,(anonymous_119)
FNDA:0,(anonymous_120)
FNDA:0,(anonymous_121)
FNDA:0,(anonymous_122)
FNDA:0,(anonymous_123)
FNDA:0,(anonymous_124)
FNDA:0,(anonymous_125)
FNDA:0,(anonymous_126)
FNDA:13,(anonymous_127)
FNDA:11,(anonymous_128)
FNDA:11,(anonymous_129)
FNDA:0,(anonymous_130)
FNDA:0,(anonymous_131)
FNDA:0,(anonymous_132)
FNDA:0,(anonymous_133)
FNDA:0,(anonymous_134)
FNDA:0,(anonymous_135)
FNDA:307,(anonymous_136)
FNDA:0,(anonymous_137)
FNDA:0,(anonymous_138)
FNDA:0,(anonymous_139)
FNDA:0,(anonymous_140)
FNDA:0,(anonymous_141)
FNDA:0,(anonymous_142)
FNDA:0,(anonymous_143)
FNDA:0,(anonymous_144)
FNDA:0,(anonymous_145)
FNDA:0,(anonymous_146)
FNDA:0,(anonymous_147)
FNDA:0,(anonymous_148)
FNDA:183,(anonymous_149)
FNDA:342,(anonymous_150)
FNDA:0,(anonymous_151)
FNDA:0,(anonymous_152)
FNDA:0,(anonymous_153)
FNDA:0,(anonymous_154)
FNDA:0,(anonymous_155)
FNDA:0,(anonymous_156)
FNDA:0,(anonymous_157)
FNDA:0,(anonymous_158)
FNDA:0,(anonymous_159)
FNDA:366,(anonymous_160)
FNDA:0,(anonymous_161)
FNDA:0,(anonymous_162)
FNDA:0,(anonymous_163)
FNDA:0,(anonymous_164)
FNDA:0,(anonymous_165)
FNDA:0,(anonymous_166)
FNDA:0,(anonymous_167)
FNDA:0,(anonymous_168)
FNDA:421,(anonymous_169)
FNDA:534,(anonymous_170)
FNDA:0,(anonymous_171)
FNDA:0,(anonymous_172)
FNDA:1,(anonymous_173)
FNDA:0,(anonymous_174)
FNDA:14,(anonymous_175)
FNDA:0,(anonymous_176)
FNDA:0,(anonymous_177)
FNDA:0,(anonymous_178)
FNDA:0,(anonymous_179)
FNDA:0,(anonymous_180)
FNDA:0,(anonymous_181)
FNDA:0,(anonymous_182)
FNDA:0,(anonymous_183)
FNDA:0,(anonymous_184)
FNDA:294,(anonymous_185)
FNDA:0,(anonymous_186)
FNDA:0,(anonymous_187)
FNDA:0,(anonymous_188)
FNDA:0,(anonymous_189)
FNDA:0,(anonymous_190)
FNDA:0,(anonymous_191)
FNDA:0,(anonymous_192)
FNDA:0,(anonymous_193)
FNDA:0,(anonymous_194)
FNDA:0,(anonymous_195)
FNDA:0,(anonymous_196)
FNDA:0,(anonymous_197)
FNDA:0,(anonymous_198)
FNDA:0,(anonymous_199)
FNDA:0,(anonymous_200)
FNDA:0,(anonymous_201)
FNDA:0,(anonymous_202)
FNDA:0,(anonymous_203)
FNDA:183,(anonymous_204)
FNDA:0,(anonymous_205)
FNDA:0,(anonymous_206)
FNDA:0,(anonymous_207)
FNDA:0,(anonymous_208)
FNDA:0,(anonymous_209)
FNDA:0,(anonymous_210)
FNDA:1,(anonymous_211)
FNDA:0,(anonymous_212)
FNDA:0,(anonymous_213)
FNDA:0,(anonymous_214)
FNDA:0,(anonymous_215)
FNDA:0,(anonymous_216)
FNDA:0,(anonymous_217)
FNDA:0,(anonymous_218)
FNDA:0,(anonymous_219)
FNDA:0,(anonymous_220)
FNDA:0,(anonymous_221)
FNDA:0,(anonymous_222)
FNDA:0,(anonymous_223)
FNDA:0,(anonymous_224)
FNDA:0,(anonymous_225)
FNDA:0,(anonymous_226)
FNDA:0,(anonymous_227)
FNDA:0,(anonymous_228)
FNDA:0,(anonymous_229)
FNDA:0,(anonymous_230)
FNDA:246,(anonymous_231)
FNDA:62,(anonymous_232)
FNDA:133,(anonymous_233)
DA:273,451
DA:274,451
DA:275,451
DA:276,451
DA:277,451
DA:278,451
DA:279,451
DA:280,451
DA:281,451
DA:282,451
DA:283,451
DA:284,451
DA:285,451
DA:286,451
DA:287,451
DA:288,451
DA:289,451
DA:290,451
DA:291,451
DA:292,451
DA:297,451
DA:298,451
DA:299,451
DA:300,451
DA:301,451
DA:302,451
DA:307,451
DA:312,451
DA:315,451
DA:317,0
DA:318,0
DA:321,0
DA:322,0
DA:325,0
DA:326,0
DA:329,0
DA:330,0
DA:333,0
DA:334,0
DA:337,0
DA:338,0
DA:341,0
DA:342,0
DA:345,0
DA:346,0
DA:350,0
DA:352,0
DA:353,0
DA:355,0
DA:357,0
DA:361,0
DA:363,0
DA:364,0
DA:366,0
DA:368,0
DA:372,0
DA:374,0
DA:375,0
DA:377,0
DA:379,0
DA:383,0
DA:385,0
DA:386,0
DA:388,0
DA:390,0
DA:393,0
DA:400,0
DA:401,0
DA:402,0
DA:403,0
DA:404,0
DA:406,0
DA:407,0
DA:408,0
DA:410,0
DA:411,0
DA:412,0
DA:413,0
DA:414,0
DA:415,0
DA:421,0
DA:422,0
DA:423,0
DA:424,0
DA:426,0
DA:427,0
DA:428,0
DA:431,0
DA:432,0
DA:434,0
DA:435,0
DA:437,0
DA:438,0
DA:440,0
DA:441,0
DA:443,0
DA:448,0
DA:452,0
DA:456,0
DA:457,0
DA:458,0
DA:461,0
DA:462,0
DA:464,0
DA:467,0
DA:468,0
DA:470,0
DA:473,0
DA:474,0
DA:476,0
DA:480,0
DA:481,0
DA:482,0
DA:483,0
DA:484,0
DA:485,0
DA:486,0
DA:487,0
DA:489,0
DA:492,451
DA:493,451
DA:511,451
DA:513,451
DA:514,0
DA:515,0
DA:517,0
DA:522,451
DA:523,451
DA:524,451
DA:525,451
DA:526,451
DA:539,451
DA:553,451
DA:554,451
DA:555,451
DA:561,451
DA:562,451
DA:563,451
DA:564,451
DA:568,13
DA:575,825
DA:594,825
DA:612,597
DA:613,0
DA:615,597
DA:616,0
DA:618,597
DA:619,0
DA:669,0
DA:670,0
DA:672,0
DA:673,0
DA:674,0
DA:675,0
DA:676,0
DA:677,0
DA:678,0
DA:679,0
DA:680,0
DA:682,0
DA:686,0
DA:690,0
DA:691,0
DA:692,0
DA:693,0
DA:694,0
DA:695,0
DA:697,0
DA:699,0
DA:700,0
DA:701,0
DA:702,0
DA:705,0
DA:706,0
DA:707,0
DA:709,0
DA:710,0
DA:711,0
DA:715,0
DA:716,0
DA:717,0
DA:718,0
DA:719,0
DA:720,0
DA:722,0
DA:723,0
DA:724,0
DA:729,0
DA:730,0
DA:731,0
DA:736,0
DA:737,0
DA:742,0
DA:747,0
DA:751,0
DA:752,0
DA:754,0
DA:755,0
DA:759,0
DA:762,0
DA:766,0
DA:780,0
DA:781,0
DA:783,0
DA:787,0
DA:788,0
DA:790,0
DA:793,0
DA:824,0
DA:829,0
DA:833,0
DA:834,0
DA:835,0
DA:837,0
DA:848,0
DA:850,0
DA:851,0
DA:852,0
DA:853,0
DA:854,0
DA:855,0
DA:857,0
DA:858,0
DA:860,0
DA:864,0
DA:868,0
DA:894,0
DA:898,0
DA:903,0
DA:907,155
DA:911,327
DA:915,68
DA:916,68
DA:917,50
DA:919,68
DA:920,68
DA:921,68
DA:925,27
DA:926,27
DA:927,27
DA:931,0
DA:932,0
DA:933,0
DA:934,0
DA:936,0
DA:939,0
DA:940,0
DA:941,0
DA:947,95
DA:948,0
DA:950,95
DA:956,95
DA:957,0
DA:959,95
DA:982,0
DA:985,0
DA:986,0
DA:987,0
DA:991,0
DA:993,0
DA:994,0
DA:995,0
DA:999,0
DA:1000,0
DA:1001,0
DA:1003,0
DA:1013,0
DA:1014,0
DA:1016,0
DA:1020,0
DA:1021,0
DA:1022,0
DA:1027,0
DA:1031,0
DA:1035,0
DA:1040,0
DA:1046,0
DA:1047,0
DA:1048,0
DA:1049,0
DA:1050,0
DA:1052,0
DA:1053,0
DA:1056,0
DA:1057,0
DA:1059,0
DA:1060,0
DA:1063,0
DA:1069,0
DA:1070,0
DA:1071,0
DA:1072,0
DA:1073,0
DA:1074,0
DA:1075,0
DA:1076,0
DA:1078,0
DA:1079,0
DA:1082,0
DA:1083,0
DA:1085,0
DA:1086,0
DA:1088,0
DA:1089,0
DA:1094,0
DA:1095,0
DA:1098,0
DA:1107,0
DA:1108,0
DA:1109,0
DA:1111,0
DA:1112,0
DA:1114,0
DA:1120,0
DA:1121,0
DA:1126,0
DA:1134,0
DA:1138,0
DA:1139,0
DA:1141,0
DA:1149,0
DA:1150,0
DA:1151,0
DA:1152,0
DA:1153,0
DA:1154,0
DA:1155,0
DA:1173,0
DA:1182,0
DA:1183,0
DA:1184,0
DA:1185,0
DA:1186,0
DA:1188,0
DA:1189,0
DA:1190,0
DA:1192,0
DA:1193,0
DA:1195,0
DA:1196,0
DA:1198,0
DA:1199,0
DA:1205,0
DA:1208,0
DA:1209,0
DA:1211,0
DA:1212,0
DA:1214,0
DA:1220,0
DA:1226,0
DA:1227,0
DA:1228,0
DA:1229,0
DA:1230,0
DA:1231,0
DA:1232,0
DA:1241,0
DA:1242,0
DA:1243,0
DA:1245,0
DA:1246,0
DA:1247,0
DA:1249,0
DA:1252,0
DA:1253,0
DA:1254,0
DA:1256,0
DA:1259,0
DA:1261,0
DA:1265,0
DA:1266,0
DA:1267,0
DA:1269,0
DA:1272,0
DA:1275,0
DA:1277,0
DA:1284,0
DA:1285,0
DA:1286,0
DA:1287,0
DA:1288,0
DA:1290,0
DA:1294,0
DA:1295,0
DA:1299,1167
DA:1300,141
DA:1302,1026
DA:1303,684
DA:1305,342
DA:1311,0
DA:1312,0
DA:1313,0
DA:1314,0
DA:1315,0
DA:1316,0
DA:1317,0
DA:1318,0
DA:1319,0
DA:1324,0
DA:1325,0
DA:1326,0
DA:1327,0
DA:1337,0
DA:1340,0
DA:1341,0
DA:1342,0
DA:1345,0
DA:1346,0
DA:1354,0
DA:1355,0
DA:1359,0
DA:1360,0
DA:1361,0
DA:1362,0
DA:1365,0
DA:1368,0
DA:1369,0
DA:1371,0
DA:1377,0
DA:1381,0
DA:1382,0
DA:1383,0
DA:1389,0
DA:1390,0
DA:1391,0
DA:1393,0
DA:1395,0
DA:1396,0
DA:1397,0
DA:1401,0
DA:1402,0
DA:1414,0
DA:1415,0
DA:1416,0
DA:1417,0
DA:1418,0
DA:1432,0
DA:1436,0
DA:1438,0
DA:1439,0
DA:1443,0
DA:1448,0
DA:1450,0
DA:1451,0
DA:1456,0
DA:1458,0
DA:1468,0
DA:1479,0
DA:1480,0
DA:1485,0
DA:1487,0
DA:1495,0
DA:1496,0
DA:1497,0
DA:1499,0
DA:1500,0
DA:1502,0
DA:1503,0
DA:1506,0
DA:1507,0
DA:1508,0
DA:1509,0
DA:1510,0
DA:1512,0
DA:1513,0
DA:1524,0
DA:1525,0
DA:1526,0
DA:1540,0
DA:1541,0
DA:1543,0
DA:1545,0
DA:1558,0
DA:1559,0
DA:1561,0
DA:1569,0
DA:1570,0
DA:1571,0
DA:1572,0
DA:1573,0
DA:1574,0
DA:1575,0
DA:1576,0
DA:1577,0
DA:1578,0
DA:1579,0
DA:1582,0
DA:1583,0
DA:1584,0
DA:1585,0
DA:1586,0
DA:1587,0
DA:1588,0
DA:1596,0
DA:1597,0
DA:1598,0
DA:1602,0
DA:1603,0
DA:1604,0
DA:1605,0
DA:1606,0
DA:1614,0
DA:1615,0
DA:1616,0
DA:1617,0
DA:1619,0
DA:1621,0
DA:1622,0
DA:1623,0
DA:1627,0
DA:1634,0
DA:1635,0
DA:1640,0
DA:1641,0
DA:1650,0
DA:1655,0
DA:1660,0
DA:1665,0
DA:1669,0
DA:1670,0
DA:1672,0
DA:1673,0
DA:1675,0
DA:1676,0
DA:1678,0
DA:1679,0
DA:1681,0
DA:1689,0
DA:1694,0
DA:1699,0
DA:1704,0
DA:1705,0
DA:1709,0
DA:1720,0
DA:1721,0
DA:1723,0
DA:1724,0
DA:1726,0
DA:1727,0
DA:1729,0
DA:1730,0
DA:1732,0
DA:1741,0
DA:1742,0
DA:1743,0
DA:1753,0
DA:1757,0
DA:1758,0
DA:1762,0
DA:1771,0
DA:1772,0
DA:1779,0
DA:1780,0
DA:1781,0
DA:1782,0
DA:1784,0
DA:1788,0
DA:1789,0
DA:1790,0
DA:1791,0
DA:1793,0
DA:1794,0
DA:1796,0
DA:1800,0
DA:1801,0
DA:1805,0
DA:1815,0
DA:1816,0
DA:1820,43
DA:1821,43
DA:1822,43
DA:1823,43
DA:1825,43
DA:1845,0
DA:1846,0
DA:1847,0
DA:1848,0
DA:1849,0
DA:1850,0
DA:1851,0
DA:1852,0
DA:1853,0
DA:1854,0
DA:1856,0
DA:1857,0
DA:1858,0
DA:1859,0
DA:1860,0
DA:1861,0
DA:1862,0
DA:1863,0
DA:1865,0
DA:1874,43
DA:1875,0
DA:1877,43
DA:1878,0
DA:1880,43
DA:1881,43
DA:1883,0
DA:1886,0
DA:1888,0
DA:1891,0
DA:1893,0
DA:1897,0
DA:1898,0
DA:1899,0
DA:1900,0
DA:1901,0
DA:1905,0
DA:1906,0
DA:1913,0
DA:1918,0
DA:1922,0
DA:1926,0
DA:1930,0
DA:1934,0
DA:1938,0
DA:1948,0
DA:1949,0
DA:1950,0
DA:1951,0
DA:1952,0
DA:1956,0
DA:1957,0
DA:1961,0
DA:1962,0
DA:1963,0
DA:1971,601
DA:1972,601
DA:1974,0
DA:1975,0
DA:1977,0
DA:1978,0
DA:1981,0
DA:1982,0
DA:1983,0
DA:1984,0
DA:1985,0
DA:1987,0
DA:1990,0
DA:1994,0
DA:2004,0
DA:2005,0
DA:2006,0
DA:2010,0
DA:2011,0
DA:2013,0
DA:2014,0
DA:2016,0
DA:2017,0
DA:2018,0
DA:2019,0
DA:2020,0
DA:2024,0
DA:2031,12
DA:2032,12
DA:2033,12
DA:2034,12
DA:2035,1
DA:2041,0
DA:2042,0
DA:2044,0
DA:2046,0
DA:2047,0
DA:2052,0
DA:2053,0
DA:2054,0
DA:2056,0
DA:2057,0
DA:2063,0
DA:2064,0
DA:2065,0
DA:2066,0
DA:2069,0
DA:2070,0
DA:2071,0
DA:2073,0
DA:2075,0
DA:2076,0
DA:2078,0
DA:2084,0
DA:2088,0
DA:2089,0
DA:2090,0
DA:2092,0
DA:2093,0
DA:2098,11
DA:2102,25
DA:2106,0
DA:2110,0
DA:2111,0
DA:2113,0
DA:2118,0
DA:2120,0
DA:2132,601
DA:2156,268
DA:2157,268
DA:2158,268
DA:2159,268
DA:2160,268
DA:2161,268
DA:2162,268
DA:2163,268
DA:2164,268
DA:2165,268
DA:2170,483
DA:2180,0
DA:2184,0
DA:2185,0
DA:2186,0
DA:2187,0
DA:2192,0
DA:2193,0
DA:2196,0
DA:2198,0
DA:2199,0
DA:2200,0
DA:2201,0
DA:2202,0
DA:2203,0
DA:2204,0
DA:2205,0
DA:2206,0
DA:2207,0
DA:2208,0
DA:2209,0
DA:2214,0
DA:2215,0
DA:2219,0
DA:2230,0
DA:2240,0
DA:2241,0
DA:2242,0
DA:2244,0
DA:2248,0
DA:2249,0
DA:2254,0
DA:2255,0
DA:2257,0
DA:2258,0
DA:2260,0
DA:2267,0
DA:2268,0
DA:2269,0
DA:2271,0
DA:2272,0
DA:2273,0
DA:2275,0
DA:2277,0
DA:2284,13
DA:2285,13
DA:2286,13
DA:2287,0
DA:2289,13
DA:2293,0
DA:2299,11
DA:2300,11
DA:2301,0
DA:2311,0
DA:2320,11
DA:2321,11
DA:2322,0
DA:2323,0
DA:2332,0
DA:2333,0
DA:2335,0
DA:2336,0
DA:2338,0
DA:2342,0
DA:2343,0
DA:2348,0
DA:2349,0
DA:2354,0
DA:2355,0
DA:2356,0
DA:2357,0
DA:2359,0
DA:2362,0
DA:2363,0
DA:2365,0
DA:2366,0
DA:2367,0
DA:2370,0
DA:2371,0
DA:2373,0
DA:2378,0
DA:2379,0
DA:2380,0
DA:2383,0
DA:2428,0
DA:2429,0
DA:2430,0
DA:2431,0
DA:2432,0
DA:2433,0
DA:2435,0
DA:2436,0
DA:2438,0
DA:2439,0
DA:2442,0
DA:2445,0
DA:2446,0
DA:2448,0
DA:2450,0
DA:2455,0
DA:2456,0
DA:2457,0
DA:2459,0
DA:2460,0
DA:2461,0
DA:2466,0
DA:2467,0
DA:2473,307
DA:2478,307
DA:2479,307
DA:2480,307
DA:2481,0
DA:2483,307
DA:2487,0
DA:2496,0
DA:2498,0
DA:2525,0
DA:2529,0
DA:2533,0
DA:2537,0
DA:2542,0
DA:2546,0
DA:2550,0
DA:2554,0
DA:2558,0
DA:2562,0
DA:2571,0
DA:2572,0
DA:2573,0
DA:2575,0
DA:2576,0
DA:2577,0
DA:2579,0
DA:2582,0
DA:2583,0
DA:2584,0
DA:2585,0
DA:2586,0
DA:2587,0
DA:2624,183
DA:2625,183
DA:2626,183
DA:2627,183
DA:2628,183
DA:2629,183
DA:2633,342
DA:2641,0
DA:2647,0
DA:2648,0
DA:2649,0
DA:2650,0
DA:2651,0
DA:2654,0
DA:2658,0
DA:2659,0
DA:2660,0
DA:2661,0
DA:2663,0
DA:2666,0
DA:2667,0
DA:2668,0
DA:2669,0
DA:2672,0
DA:2676,0
DA:2677,0
DA:2678,0
DA:2679,0
DA:2681,0
DA:2684,0
DA:2685,0
DA:2686,0
DA:2687,0
DA:2690,0
DA:2694,0
DA:2695,0
DA:2697,0
DA:2701,0
DA:2703,0
DA:2704,0
DA:2705,0
DA:2706,0
DA:2707,0
DA:2709,0
DA:2710,0
DA:2713,0
DA:2722,366
DA:2723,366
DA:2724,366
DA:2726,366
DA:2727,366
DA:2728,0
DA:2734,366
DA:2739,0
DA:2740,0
DA:2741,0
DA:2743,0
DA:2744,0
DA:2745,0
DA:2748,0
DA:2752,0
DA:2753,0
DA:2754,0
DA:2755,0
DA:2757,0
DA:2760,0
DA:2761,0
DA:2764,0
DA:2765,0
DA:2766,0
DA:2770,0
DA:2771,0
DA:2774,0
DA:2778,0
DA:2779,0
DA:2780,0
DA:2783,0
DA:2788,0
DA:2789,0
DA:2790,0
DA:2812,0
DA:2814,0
DA:2815,0
DA:2818,0
DA:2819,0
DA:2820,0
DA:2822,0
DA:2823,0
DA:2824,0
DA:2829,0
DA:2831,0
DA:2865,0
DA:2866,0
DA:2867,0
DA:2870,0
DA:2871,0
DA:2874,0
DA:2876,0
DA:2877,0
DA:2879,0
DA:2881,0
DA:2882,0
DA:2901,0
DA:2905,0
DA:2906,0
DA:2908,0
DA:2913,0
DA:2917,0
DA:2918,0
DA:2919,0
DA:2921,0
DA:2936,0
DA:2937,0
DA:2938,0
DA:2939,0
DA:2941,0
DA:2942,0
DA:2943,0
DA:2944,0
DA:2945,0
DA:2947,0
DA:2948,0
DA:2950,0
DA:2951,0
DA:2954,0
DA:2955,0
DA:2956,0
DA:2957,0
DA:2960,0
DA:2961,0
DA:2962,0
DA:2963,0
DA:2964,0
DA:2965,0
DA:2970,0
DA:2972,0
DA:2974,0
DA:2975,0
DA:2977,0
DA:2979,0
DA:2981,0
DA:3037,421
DA:3038,0
DA:3040,421
DA:3041,0
DA:3046,421
DA:3047,534
DA:3048,534
DA:3049,534
DA:3051,0
DA:3053,534
DA:3054,0
DA:3056,534
DA:3057,113
DA:3059,421
DA:3061,421
DA:3065,0
DA:3066,0
DA:3067,0
DA:3068,0
DA:3069,0
DA:3072,0
DA:3076,1
DA:3077,1
DA:3078,0
DA:3079,0
DA:3081,0
DA:3087,14
DA:3088,14
DA:3089,0
DA:3090,0
DA:3092,0
DA:3098,0
DA:3099,0
DA:3100,0
DA:3101,0
DA:3102,0
DA:3103,0
DA:3109,0
DA:3110,0
DA:3111,0
DA:3112,0
DA:3113,0
DA:3114,0
DA:3120,0
DA:3121,0
DA:3122,0
DA:3123,0
DA:3124,0
DA:3125,0
DA:3127,0
DA:3133,0
DA:3134,0
DA:3135,0
DA:3136,0
DA:3145,0
DA:3146,0
DA:3148,0
DA:3149,0
DA:3150,0
DA:3155,0
DA:3158,0
DA:3159,0
DA:3160,0
DA:3161,0
DA:3162,0
DA:3166,0
DA:3170,0
DA:3171,0
DA:3172,0
DA:3177,0
DA:3178,0
DA:3179,0
DA:3180,0
DA:3185,0
DA:3186,0
DA:3187,0
DA:3193,294
DA:3194,294
DA:3196,294
DA:3197,418
DA:3198,418
DA:3200,294
DA:3204,0
DA:3205,0
DA:3206,0
DA:3207,0
DA:3208,0
DA:3209,0
DA:3212,0
DA:3219,0
DA:3220,0
DA:3221,0
DA:3223,0
DA:3224,0
DA:3225,0
DA:3226,0
DA:3228,0
DA:3229,0
DA:3231,0
DA:3236,0
DA:3237,0
DA:3238,0
DA:3239,0
DA:3240,0
DA:3241,0
DA:3244,0
DA:3249,0
DA:3250,0
DA:3251,0
DA:3252,0
DA:3253,0
DA:3254,0
DA:3257,0
DA:3278,0
DA:3279,0
DA:3280,0
DA:3281,0
DA:3282,0
DA:3283,0
DA:3284,0
DA:3285,0
DA:3286,0
DA:3287,0
DA:3289,0
DA:3290,0
DA:3291,0
DA:3292,0
DA:3293,0
DA:3294,0
DA:3295,0
DA:3296,0
DA:3298,0
DA:3305,0
DA:3306,0
DA:3307,0
DA:3310,0
DA:3311,0
DA:3312,0
DA:3313,0
DA:3314,0
DA:3316,0
DA:3317,0
DA:3318,0
DA:3320,0
DA:3324,0
DA:3325,0
DA:3329,0
DA:3331,0
DA:3332,0
DA:3334,0
DA:3335,0
DA:3336,0
DA:3337,0
DA:3338,0
DA:3340,0
DA:3341,0
DA:3342,0
DA:3344,0
DA:3348,0
DA:3349,0
DA:3351,0
DA:3361,0
DA:3363,0
DA:3365,0
DA:3377,0
DA:3378,0
DA:3379,0
DA:3381,0
DA:3382,0
DA:3388,0
DA:3391,0
DA:3392,0
DA:3393,0
DA:3410,0
DA:3411,0
DA:3413,0
DA:3414,0
DA:3415,0
DA:3416,0
DA:3419,0
DA:3420,0
DA:3421,0
DA:3422,0
DA:3431,0
DA:3435,0
DA:3436,0
DA:3437,0
DA:3438,0
DA:3444,0
DA:3445,0
DA:3446,0
DA:3451,183
DA:3452,183
DA:3453,0
DA:3454,0
DA:3456,183
DA:3457,183
DA:3458,183
DA:3464,0
DA:3465,0
DA:3466,0
DA:3467,0
DA:3469,0
DA:3473,0
DA:3474,0
DA:3475,0
DA:3476,0
DA:3481,0
DA:3484,0
DA:3485,0
DA:3486,0
DA:3487,0
DA:3489,0
DA:3491,0
DA:3495,0
DA:3496,0
DA:3497,0
DA:3500,0
DA:3501,0
DA:3504,0
DA:3505,0
DA:3509,0
DA:3510,0
DA:3512,0
DA:3513,0
DA:3515,0
DA:3516,0
DA:3518,0
DA:3520,0
DA:3521,0
DA:3523,0
DA:3524,0
DA:3525,0
DA:3527,0
DA:3531,1
DA:3532,2
DA:3533,2
DA:3536,1
DA:3540,0
DA:3541,0
DA:3542,0
DA:3543,0
DA:3545,0
DA:3549,0
DA:3550,0
DA:3551,0
DA:3552,0
DA:3553,0
DA:3554,0
DA:3561,0
DA:3562,0
DA:3563,0
DA:3564,0
DA:3569,0
DA:3570,0
DA:3571,0
DA:3572,0
DA:3586,0
DA:3587,0
DA:3588,0
DA:3589,0
DA:3590,0
DA:3591,0
DA:3592,0
DA:3593,0
DA:3604,0
DA:3605,0
DA:3608,0
DA:3609,0
DA:3610,0
DA:3615,0
DA:3616,0
DA:3619,0
DA:3623,0
DA:3624,0
DA:3625,0
DA:3626,0
DA:3627,0
DA:3629,0
DA:3632,0
DA:3636,0
DA:3637,0
DA:3638,0
DA:3639,0
DA:3641,0
DA:3645,0
DA:3646,0
DA:3647,0
DA:3648,0
DA:3649,0
DA:3651,0
DA:3652,0
DA:3655,0
DA:3686,0
DA:3687,0
DA:3688,0
DA:3690,0
DA:3691,0
DA:3696,0
DA:3699,0
DA:3703,0
DA:3706,0
DA:3712,0
DA:3713,0
DA:3714,0
DA:3715,0
DA:3716,0
DA:3717,0
DA:3721,0
DA:3722,0
DA:3723,0
DA:3725,0
DA:3731,0
DA:3732,0
DA:3733,0
DA:3746,0
DA:3747,0
DA:3748,0
DA:3754,0
DA:3755,0
DA:3756,0
DA:3758,0
DA:3762,0
DA:3763,0
DA:3764,0
DA:3765,0
DA:3766,0
DA:3767,0
DA:3770,0
DA:3773,0
DA:3777,0
DA:3778,0
DA:3779,0
DA:3780,0
DA:3781,0
DA:3783,0
DA:3789,0
DA:3790,0
DA:3791,0
DA:3792,0
DA:3797,0
DA:3798,0
DA:3799,0
DA:3800,0
DA:3801,0
DA:3807,0
DA:3808,0
DA:3809,0
DA:3810,0
DA:3823,246
DA:3824,246
DA:3825,492
DA:3826,492
DA:3831,62
DA:3832,62
DA:3833,124
DA:3834,124
DA:3839,133
DA:3840,133
DA:3841,266
DA:3842,266
LF:1346
LH:170
BRDA:269,0,0,0
BRDA:270,1,0,0
BRDA:271,2,0,0
BRDA:349,3,0,0
BRDA:352,4,0,0
BRDA:352,4,1,0
BRDA:360,5,0,0
BRDA:363,6,0,0
BRDA:363,6,1,0
BRDA:371,7,0,0
BRDA:374,8,0,0
BRDA:374,8,1,0
BRDA:382,9,0,0
BRDA:385,10,0,0
BRDA:385,10,1,0
BRDA:402,11,0,0
BRDA:402,11,1,0
BRDA:402,12,0,0
BRDA:402,12,1,0
BRDA:406,13,0,0
BRDA:406,13,1,0
BRDA:406,14,0,0
BRDA:406,14,1,0
BRDA:413,15,0,0
BRDA:413,15,1,0
BRDA:421,16,0,0
BRDA:421,16,1,0
BRDA:431,17,0,0
BRDA:431,17,1,0
BRDA:431,18,0,0
BRDA:431,18,1,0
BRDA:434,19,0,0
BRDA:434,19,1,0
BRDA:434,20,0,0
BRDA:434,20,1,0
BRDA:437,21,0,0
BRDA:437,21,1,0
BRDA:437,22,0,0
BRDA:437,22,1,0
BRDA:440,23,0,0
BRDA:440,23,1,0
BRDA:440,24,0,0
BRDA:440,24,1,0
BRDA:458,25,0,0
BRDA:458,25,1,0
BRDA:458,26,0,0
BRDA:458,26,1,0
BRDA:464,27,0,0
BRDA:464,27,1,0
BRDA:464,28,0,0
BRDA:464,28,1,0
BRDA:470,29,0,0
BRDA:470,29,1,0
BRDA:470,30,0,0
BRDA:470,30,1,0
BRDA:514,31,0,0
BRDA:514,31,1,0
BRDA:514,32,0,0
BRDA:514,32,1,0
BRDA:514,32,2,0
BRDA:567,33,0,13
BRDA:612,34,0,0
BRDA:612,34,1,597
BRDA:615,35,0,0
BRDA:615,35,1,597
BRDA:618,36,0,0
BRDA:618,36,1,597
BRDA:669,37,0,0
BRDA:669,37,1,0
BRDA:672,38,0,0
BRDA:672,38,1,0
BRDA:705,39,0,0
BRDA:705,39,1,0
BRDA:715,40,0,0
BRDA:715,40,1,0
BRDA:717,41,0,0
BRDA:717,41,1,0
BRDA:729,42,0,0
BRDA:729,42,1,0
BRDA:736,43,0,0
BRDA:736,43,1,0
BRDA:736,44,0,0
BRDA:736,44,1,0
BRDA:747,45,0,0
BRDA:747,45,1,0
BRDA:748,46,0,0
BRDA:748,46,1,0
BRDA:748,46,2,0
BRDA:748,46,3,0
BRDA:780,47,0,0
BRDA:780,47,1,0
BRDA:787,48,0,0
BRDA:787,48,1,0
BRDA:787,49,0,0
BRDA:787,49,1,0
BRDA:788,50,0,0
BRDA:788,50,1,0
BRDA:814,51,0,0
BRDA:829,52,0,0
BRDA:829,52,1,0
BRDA:830,53,0,0
BRDA:830,53,1,0
BRDA:850,54,0,0
BRDA:850,54,1,0
BRDA:850,55,0,0
BRDA:850,55,1,0
BRDA:853,56,0,0
BRDA:853,56,1,0
BRDA:860,57,0,0
BRDA:860,57,1,0
BRDA:861,58,0,0
BRDA:861,58,1,0
BRDA:914,59,0,18
BRDA:916,60,0,50
BRDA:916,60,1,18
BRDA:930,61,0,0
BRDA:932,62,0,0
BRDA:932,62,1,0
BRDA:933,63,0,0
BRDA:933,63,1,0
BRDA:947,64,0,0
BRDA:947,64,1,95
BRDA:956,65,0,0
BRDA:956,65,1,95
BRDA:982,66,0,0
BRDA:982,66,1,0
BRDA:985,67,0,0
BRDA:985,67,1,0
BRDA:999,68,0,0
BRDA:999,68,1,0
BRDA:1013,69,0,0
BRDA:1013,69,1,0
BRDA:1019,70,0,0
BRDA:1020,71,0,0
BRDA:1020,71,1,0
BRDA:1021,72,0,0
BRDA:1021,72,1,0
BRDA:1031,73,0,0
BRDA:1031,73,1,0
BRDA:1047,74,0,0
BRDA:1047,74,1,0
BRDA:1049,75,0,0
BRDA:1049,75,1,0
BRDA:1052,76,0,0
BRDA:1052,76,1,0
BRDA:1056,77,0,0
BRDA:1056,77,1,0
BRDA:1059,78,0,0
BRDA:1059,78,1,0
BRDA:1073,79,0,0
BRDA:1073,79,1,0
BRDA:1075,80,0,0
BRDA:1075,80,1,0
BRDA:1078,81,0,0
BRDA:1078,81,1,0
BRDA:1082,82,0,0
BRDA:1082,82,1,0
BRDA:1085,83,0,0
BRDA:1085,83,1,0
BRDA:1088,84,0,0
BRDA:1088,84,1,0
BRDA:1094,85,0,0
BRDA:1094,85,1,0
BRDA:1107,86,0,0
BRDA:1107,86,1,0
BRDA:1111,87,0,0
BRDA:1111,87,1,0
BRDA:1120,88,0,0
BRDA:1120,88,1,0
BRDA:1138,89,0,0
BRDA:1138,89,1,0
BRDA:1147,90,0,0
BRDA:1171,91,0,0
BRDA:1185,92,0,0
BRDA:1185,92,1,0
BRDA:1189,93,0,0
BRDA:1189,93,1,0
BRDA:1192,94,0,0
BRDA:1192,94,1,0
BRDA:1195,95,0,0
BRDA:1195,95,1,0
BRDA:1198,96,0,0
BRDA:1198,96,1,0
BRDA:1208,97,0,0
BRDA:1208,97,1,0
BRDA:1211,98,0,0
BRDA:1211,98,1,0
BRDA:1226,99,0,0
BRDA:1226,99,1,0
BRDA:1232,100,0,0
BRDA:1232,100,1,0
BRDA:1232,101,0,0
BRDA:1232,101,1,0
BRDA:1232,101,2,0
BRDA:1232,101,3,0
BRDA:1232,101,4,0
BRDA:1232,101,5,0
BRDA:1232,101,6,0
BRDA:1232,101,7,0
BRDA:1242,102,0,0
BRDA:1242,102,1,0
BRDA:1245,103,0,0
BRDA:1245,103,1,0
BRDA:1245,104,0,0
BRDA:1245,104,1,0
BRDA:1245,104,2,0
BRDA:1246,105,0,0
BRDA:1246,105,1,0
BRDA:1252,106,0,0
BRDA:1252,106,1,0
BRDA:1252,107,0,0
BRDA:1252,107,1,0
BRDA:1252,107,2,0
BRDA:1253,108,0,0
BRDA:1253,108,1,0
BRDA:1261,109,0,0
BRDA:1261,109,1,0
BRDA:1261,110,0,0
BRDA:1261,110,1,0
BRDA:1261,110,2,0
BRDA:1261,110,3,0
BRDA:1265,111,0,0
BRDA:1265,111,1,0
BRDA:1265,112,0,0
BRDA:1265,112,1,0
BRDA:1266,113,0,0
BRDA:1266,113,1,0
BRDA:1299,114,0,141
BRDA:1299,114,1,1026
BRDA:1302,115,0,684
BRDA:1302,115,1,342
BRDA:1302,116,0,1026
BRDA:1302,116,1,342
BRDA:1318,117,0,0
BRDA:1318,117,1,0
BRDA:1326,118,0,0
BRDA:1326,118,1,0
BRDA:1340,119,0,0
BRDA:1340,119,1,0
BRDA:1341,120,0,0
BRDA:1341,120,1,0
BRDA:1345,121,0,0
BRDA:1345,121,1,0
BRDA:1345,122,0,0
BRDA:1345,122,1,0
BRDA:1360,123,0,0
BRDA:1360,123,1,0
BRDA:1368,124,0,0
BRDA:1368,124,1,0
BRDA:1387,125,0,0
BRDA:1391,126,0,0
BRDA:1391,126,1,0
BRDA:1401,127,0,0
BRDA:1401,127,1,0
BRDA:1412,128,0,0
BRDA:1416,129,0,0
BRDA:1416,129,1,0
BRDA:1436,130,0,0
BRDA:1436,130,1,0
BRDA:1438,131,0,0
BRDA:1438,131,1,0
BRDA:1448,132,0,0
BRDA:1448,132,1,0
BRDA:1448,133,0,0
BRDA:1448,133,1,0
BRDA:1462,134,0,0
BRDA:1462,134,1,0
BRDA:1463,135,0,0
BRDA:1463,135,1,0
BRDA:1464,136,0,0
BRDA:1464,136,1,0
BRDA:1479,137,0,0
BRDA:1479,137,1,0
BRDA:1492,138,0,0
BRDA:1492,139,0,0
BRDA:1493,140,0,0
BRDA:1496,141,0,0
BRDA:1496,141,1,0
BRDA:1496,142,0,0
BRDA:1496,142,1,0
BRDA:1499,143,0,0
BRDA:1499,143,1,0
BRDA:1502,144,0,0
BRDA:1502,144,1,0
BRDA:1502,145,0,0
BRDA:1502,145,1,0
BRDA:1521,146,0,0
BRDA:1522,147,0,0
BRDA:1536,148,0,0
BRDA:1537,149,0,0
BRDA:1540,150,0,0
BRDA:1540,150,1,0
BRDA:1555,151,0,0
BRDA:1556,152,0,0
BRDA:1558,153,0,0
BRDA:1558,153,1,0
BRDA:1558,154,0,0
BRDA:1558,154,1,0
BRDA:1567,155,0,0
BRDA:1567,156,0,0
BRDA:1571,157,0,0
BRDA:1571,157,1,0
BRDA:1603,158,0,0
BRDA:1603,158,1,0
BRDA:1611,159,0,0
BRDA:1612,160,0,0
BRDA:1614,161,0,0
BRDA:1614,161,1,0
BRDA:1614,162,0,0
BRDA:1614,162,1,0
BRDA:1616,163,0,0
BRDA:1616,163,1,0
BRDA:1616,164,0,0
BRDA:1616,164,1,0
BRDA:1626,165,0,0
BRDA:1632,166,0,0
BRDA:1639,167,0,0
BRDA:1640,168,0,0
BRDA:1640,168,1,0
BRDA:1640,169,0,0
BRDA:1640,169,1,0
BRDA:1668,170,0,0
BRDA:1669,171,0,0
BRDA:1669,171,1,0
BRDA:1672,172,0,0
BRDA:1672,172,1,0
BRDA:1675,173,0,0
BRDA:1675,173,1,0
BRDA:1678,174,0,0
BRDA:1678,174,1,0
BRDA:1718,175,0,0
BRDA:1720,176,0,0
BRDA:1720,176,1,0
BRDA:1723,177,0,0
BRDA:1723,177,1,0
BRDA:1726,178,0,0
BRDA:1726,178,1,0
BRDA:1729,179,0,0
BRDA:1729,179,1,0
BRDA:1739,180,0,0
BRDA:1781,181,0,0
BRDA:1781,181,1,0
BRDA:1787,182,0,0
BRDA:1790,183,0,0
BRDA:1790,183,1,0
BRDA:1793,184,0,0
BRDA:1793,184,1,0
BRDA:1793,185,0,0
BRDA:1793,185,1,0
BRDA:1822,186,0,43
BRDA:1822,186,1,0
BRDA:1841,187,0,0
BRDA:1847,188,0,0
BRDA:1847,188,1,0
BRDA:1849,189,0,0
BRDA:1849,189,1,0
BRDA:1851,190,0,0
BRDA:1851,190,1,0
BRDA:1853,191,0,0
BRDA:1853,191,1,0
BRDA:1856,192,0,0
BRDA:1856,192,1,0
BRDA:1858,193,0,0
BRDA:1858,193,1,0
BRDA:1860,194,0,0
BRDA:1860,194,1,0
BRDA:1862,195,0,0
BRDA:1862,195,1,0
BRDA:1869,196,0,43
BRDA:1870,197,0,43
BRDA:1871,198,0,43
BRDA:1874,199,0,0
BRDA:1874,199,1,43
BRDA:1874,200,0,43
BRDA:1874,200,1,43
BRDA:1877,201,0,0
BRDA:1877,201,1,43
BRDA:1880,202,0,43
BRDA:1880,202,1,0
BRDA:1883,203,0,0
BRDA:1883,203,1,0
BRDA:1888,204,0,0
BRDA:1888,204,1,0
BRDA:1962,205,0,0
BRDA:1962,205,1,0
BRDA:1968,206,0,601
BRDA:1969,207,0,601
BRDA:1971,208,0,601
BRDA:1971,208,1,0
BRDA:1974,209,0,0
BRDA:1974,209,1,0
BRDA:1977,210,0,0
BRDA:1977,210,1,0
BRDA:1981,211,0,0
BRDA:1981,211,1,0
BRDA:1984,212,0,0
BRDA:1984,212,1,0
BRDA:2033,213,0,12
BRDA:2033,213,1,0
BRDA:2034,214,0,1
BRDA:2034,214,1,11
BRDA:2040,215,0,0
BRDA:2041,216,0,0
BRDA:2041,216,1,0
BRDA:2046,217,0,0
BRDA:2046,217,1,0
BRDA:2051,218,0,0
BRDA:2052,219,0,0
BRDA:2052,219,1,0
BRDA:2064,220,0,0
BRDA:2064,220,1,0
BRDA:2069,221,0,0
BRDA:2069,221,1,0
BRDA:2071,222,0,0
BRDA:2071,222,1,0
BRDA:2076,223,0,0
BRDA:2076,223,1,0
BRDA:2088,224,0,0
BRDA:2088,224,1,0
BRDA:2092,225,0,0
BRDA:2092,225,1,0
BRDA:2110,226,0,0
BRDA:2110,226,1,0
BRDA:2118,227,0,0
BRDA:2118,227,1,0
BRDA:2118,228,0,0
BRDA:2118,228,1,0
BRDA:2151,229,0,0
BRDA:2152,230,0,0
BRDA:2153,231,0,0
BRDA:2154,232,0,268
BRDA:2158,233,0,268
BRDA:2158,233,1,0
BRDA:2179,234,0,0
BRDA:2185,235,0,0
BRDA:2185,235,1,0
BRDA:2192,236,0,0
BRDA:2192,236,1,0
BRDA:2201,237,0,0
BRDA:2201,237,1,0
BRDA:2203,238,0,0
BRDA:2203,238,1,0
BRDA:2206,239,0,0
BRDA:2206,239,1,0
BRDA:2206,240,0,0
BRDA:2206,240,1,0
BRDA:2207,241,0,0
BRDA:2207,241,1,0
BRDA:2214,242,0,0
BRDA:2214,242,1,0
BRDA:2228,243,0,0
BRDA:2241,244,0,0
BRDA:2241,244,1,0
BRDA:2247,245,0,0
BRDA:2248,246,0,0
BRDA:2248,246,1,0
BRDA:2253,247,0,0
BRDA:2257,248,0,0
BRDA:2257,248,1,0
BRDA:2266,249,0,0
BRDA:2267,250,0,0
BRDA:2267,250,1,0
BRDA:2268,251,0,0
BRDA:2268,251,1,0
BRDA:2271,252,0,0
BRDA:2271,252,1,0
BRDA:2272,253,0,0
BRDA:2272,253,1,0
BRDA:2275,254,0,0
BRDA:2275,254,1,0
BRDA:2285,255,0,13
BRDA:2285,255,1,0
BRDA:2286,256,0,0
BRDA:2286,256,1,13
BRDA:2289,257,0,0
BRDA:2289,257,1,13
BRDA:2300,258,0,0
BRDA:2300,258,1,11
BRDA:2321,259,0,0
BRDA:2321,259,1,11
BRDA:2332,260,0,0
BRDA:2332,260,1,0
BRDA:2335,261,0,0
BRDA:2335,261,1,0
BRDA:2342,262,0,0
BRDA:2342,262,1,0
BRDA:2348,263,0,0
BRDA:2348,263,1,0
BRDA:2353,264,0,0
BRDA:2353,265,0,0
BRDA:2354,266,0,0
BRDA:2354,266,1,0
BRDA:2355,267,0,0
BRDA:2355,267,1,0
BRDA:2356,268,0,0
BRDA:2356,268,1,0
BRDA:2362,269,0,0
BRDA:2362,269,1,0
BRDA:2365,270,0,0
BRDA:2365,270,1,0
BRDA:2370,271,0,0
BRDA:2370,271,1,0
BRDA:2427,272,0,0
BRDA:2428,273,0,0
BRDA:2428,273,1,0
BRDA:2430,274,0,0
BRDA:2430,274,1,0
BRDA:2432,275,0,0
BRDA:2432,275,1,0
BRDA:2435,276,0,0
BRDA:2435,276,1,0
BRDA:2438,277,0,0
BRDA:2438,277,1,0
BRDA:2446,278,0,0
BRDA:2446,278,1,0
BRDA:2455,279,0,0
BRDA:2455,279,1,0
BRDA:2459,280,0,0
BRDA:2459,280,1,0
BRDA:2466,281,0,0
BRDA:2466,281,1,0
BRDA:2472,282,0,0
BRDA:2480,283,0,0
BRDA:2480,283,1,307
BRDA:2487,284,0,0
BRDA:2487,284,1,0
BRDA:2489,285,0,0
BRDA:2489,285,1,0
BRDA:2489,285,2,0
BRDA:2489,285,3,0
BRDA:2566,286,0,0
BRDA:2567,287,0,0
BRDA:2571,288,0,0
BRDA:2571,288,1,0
BRDA:2576,289,0,0
BRDA:2576,289,1,0
BRDA:2582,290,0,0
BRDA:2582,290,1,0
BRDA:2620,291,0,0
BRDA:2621,292,0,0
BRDA:2622,293,0,183
BRDA:2660,294,0,0
BRDA:2660,294,1,0
BRDA:2668,295,0,0
BRDA:2668,295,1,0
BRDA:2678,296,0,0
BRDA:2678,296,1,0
BRDA:2686,297,0,0
BRDA:2686,297,1,0
BRDA:2694,298,0,0
BRDA:2694,298,1,0
BRDA:2697,299,0,0
BRDA:2697,299,1,0
BRDA:2697,300,0,0
BRDA:2697,300,1,0
BRDA:2697,300,2,0
BRDA:2697,300,3,0
BRDA:2705,301,0,0
BRDA:2705,301,1,0
BRDA:2706,302,0,0
BRDA:2706,302,1,0
BRDA:2709,303,0,0
BRDA:2709,303,1,0
BRDA:2709,304,0,0
BRDA:2709,304,1,0
BRDA:2709,304,2,0
BRDA:2719,305,0,366
BRDA:2727,306,0,0
BRDA:2727,306,1,366
BRDA:2740,307,0,0
BRDA:2740,307,1,0
BRDA:2744,308,0,0
BRDA:2744,308,1,0
BRDA:2751,309,0,0
BRDA:2751,310,0,0
BRDA:2751,311,0,0
BRDA:2752,312,0,0
BRDA:2752,312,1,0
BRDA:2753,313,0,0
BRDA:2753,313,1,0
BRDA:2754,314,0,0
BRDA:2754,314,1,0
BRDA:2760,315,0,0
BRDA:2760,315,1,0
BRDA:2764,316,0,0
BRDA:2764,316,1,0
BRDA:2770,317,0,0
BRDA:2770,317,1,0
BRDA:2811,318,0,0
BRDA:2812,319,0,0
BRDA:2812,319,1,0
BRDA:2818,320,0,0
BRDA:2818,320,1,0
BRDA:2822,321,0,0
BRDA:2822,321,1,0
BRDA:2829,322,0,0
BRDA:2829,322,1,0
BRDA:2863,323,0,0
BRDA:2865,324,0,0
BRDA:2865,324,1,0
BRDA:2870,325,0,0
BRDA:2870,325,1,0
BRDA:2870,326,0,0
BRDA:2870,326,1,0
BRDA:2876,327,0,0
BRDA:2876,327,1,0
BRDA:2881,328,0,0
BRDA:2881,328,1,0
BRDA:2888,329,0,0
BRDA:2899,330,0,0
BRDA:2901,331,0,0
BRDA:2901,331,1,0
BRDA:2901,332,0,0
BRDA:2901,332,1,0
BRDA:2901,332,2,0
BRDA:2913,333,0,0
BRDA:2913,333,1,0
BRDA:2914,334,0,0
BRDA:2914,334,1,0
BRDA:2936,335,0,0
BRDA:2936,335,1,0
BRDA:2944,336,0,0
BRDA:2944,336,1,0
BRDA:2947,337,0,0
BRDA:2947,337,1,0
BRDA:2950,338,0,0
BRDA:2950,338,1,0
BRDA:2955,339,0,0
BRDA:2955,339,1,0
BRDA:2955,340,0,0
BRDA:2955,340,1,0
BRDA:2963,341,0,0
BRDA:2963,341,1,0
BRDA:2964,342,0,0
BRDA:2964,342,1,0
BRDA:2974,343,0,0
BRDA:2974,343,1,0
BRDA:2979,344,0,0
BRDA:2979,344,1,0
BRDA:3036,345,0,0
BRDA:3037,346,0,0
BRDA:3037,346,1,421
BRDA:3040,347,0,0
BRDA:3040,347,1,421
BRDA:3049,348,0,0
BRDA:3049,348,1,534
BRDA:3053,349,0,0
BRDA:3053,349,1,534
BRDA:3056,350,0,113
BRDA:3056,350,1,421
BRDA:3068,351,0,0
BRDA:3068,351,1,0
BRDA:3075,352,0,1
BRDA:3078,353,0,0
BRDA:3078,353,1,0
BRDA:3086,354,0,14
BRDA:3089,355,0,0
BRDA:3089,355,1,0
BRDA:3102,356,0,0
BRDA:3102,356,1,0
BRDA:3113,357,0,0
BRDA:3113,357,1,0
BRDA:3124,358,0,0
BRDA:3124,358,1,0
BRDA:3145,359,0,0
BRDA:3145,359,1,0
BRDA:3148,360,0,0
BRDA:3148,360,1,0
BRDA:3150,361,0,0
BRDA:3150,361,1,0
BRDA:3150,362,0,0
BRDA:3150,362,1,0
BRDA:3150,362,2,0
BRDA:3150,362,3,0
BRDA:3160,363,0,0
BRDA:3160,363,1,0
BRDA:3161,364,0,0
BRDA:3161,364,1,0
BRDA:3176,365,0,0
BRDA:3184,366,0,0
BRDA:3191,367,0,0
BRDA:3203,368,0,0
BRDA:3207,369,0,0
BRDA:3207,369,1,0
BRDA:3216,370,0,0
BRDA:3217,371,0,0
BRDA:3220,372,0,0
BRDA:3220,372,1,0
BRDA:3225,373,0,0
BRDA:3225,373,1,0
BRDA:3239,374,0,0
BRDA:3239,374,1,0
BRDA:3252,375,0,0
BRDA:3252,375,1,0
BRDA:3273,376,0,0
BRDA:3276,377,0,0
BRDA:3280,378,0,0
BRDA:3280,378,1,0
BRDA:3282,379,0,0
BRDA:3282,379,1,0
BRDA:3284,380,0,0
BRDA:3284,380,1,0
BRDA:3286,381,0,0
BRDA:3286,381,1,0
BRDA:3289,382,0,0
BRDA:3289,382,1,0
BRDA:3291,383,0,0
BRDA:3291,383,1,0
BRDA:3293,384,0,0
BRDA:3293,384,1,0
BRDA:3295,385,0,0
BRDA:3295,385,1,0
BRDA:3302,386,0,0
BRDA:3303,387,0,0
BRDA:3305,388,0,0
BRDA:3305,388,1,0
BRDA:3313,389,0,0
BRDA:3313,389,1,0
BRDA:3328,390,0,0
BRDA:3329,391,0,0
BRDA:3329,391,1,0
BRDA:3337,392,0,0
BRDA:3337,392,1,0
BRDA:3375,393,0,0
BRDA:3410,394,0,0
BRDA:3410,394,1,0
BRDA:3410,395,0,0
BRDA:3410,395,1,0
BRDA:3414,396,0,0
BRDA:3414,396,1,0
BRDA:3414,397,0,0
BRDA:3414,397,1,0
BRDA:3415,398,0,0
BRDA:3415,398,1,0
BRDA:3421,399,0,0
BRDA:3421,399,1,0
BRDA:3434,400,0,0
BRDA:3434,401,0,0
BRDA:3450,402,0,0
BRDA:3450,403,0,183
BRDA:3451,404,0,183
BRDA:3451,404,1,0
BRDA:3457,405,0,183
BRDA:3457,405,1,0
BRDA:3463,406,0,0
BRDA:3464,407,0,0
BRDA:3464,407,1,0
BRDA:3481,408,0,0
BRDA:3481,408,1,0
BRDA:3481,409,0,0
BRDA:3481,409,1,0
BRDA:3481,409,2,0
BRDA:3494,410,0,0
BRDA:3495,411,0,0
BRDA:3495,411,1,0
BRDA:3500,412,0,0
BRDA:3500,412,1,0
BRDA:3500,413,0,0
BRDA:3500,413,1,0
BRDA:3508,414,0,0
BRDA:3509,415,0,0
BRDA:3509,415,1,0
BRDA:3515,416,0,0
BRDA:3515,416,1,0
BRDA:3520,417,0,0
BRDA:3520,417,1,0
BRDA:3551,418,0,0
BRDA:3551,418,1,0
BRDA:3553,419,0,0
BRDA:3553,419,1,0
BRDA:3571,420,0,0
BRDA:3571,420,1,0
BRDA:3579,421,0,0
BRDA:3580,422,0,0
BRDA:3581,423,0,0
BRDA:3582,424,0,0
BRDA:3583,425,0,0
BRDA:3590,426,0,0
BRDA:3590,426,1,0
BRDA:3591,427,0,0
BRDA:3591,427,1,0
BRDA:3592,428,0,0
BRDA:3592,428,1,0
BRDA:3609,429,0,0
BRDA:3609,429,1,0
BRDA:3615,430,0,0
BRDA:3615,430,1,0
BRDA:3615,431,0,0
BRDA:3615,431,1,0
BRDA:3626,432,0,0
BRDA:3626,432,1,0
BRDA:3648,433,0,0
BRDA:3648,433,1,0
BRDA:3651,434,0,0
BRDA:3651,434,1,0
BRDA:3690,435,0,0
BRDA:3690,435,1,0
BRDA:3691,436,0,0
BRDA:3691,436,1,0
BRDA:3691,437,0,0
BRDA:3691,437,1,0
BRDA:3691,437,2,0
BRDA:3691,437,3,0
BRDA:3691,437,4,0
BRDA:3699,438,0,0
BRDA:3699,438,1,0
BRDA:3699,439,0,0
BRDA:3699,439,1,0
BRDA:3699,439,2,0
BRDA:3714,440,0,0
BRDA:3714,440,1,0
BRDA:3715,441,0,0
BRDA:3715,441,1,0
BRDA:3722,442,0,0
BRDA:3722,442,1,0
BRDA:3730,443,0,0
BRDA:3732,444,0,0
BRDA:3732,444,1,0
BRDA:3765,445,0,0
BRDA:3765,445,1,0
BRDA:3766,446,0,0
BRDA:3766,446,1,0
BRDA:3780,447,0,0
BRDA:3780,447,1,0
BRDA:3790,448,0,0
BRDA:3790,448,1,0
BRDA:3796,449,0,0
BRDA:3800,450,0,0
BRDA:3800,450,1,0
BRDA:3800,451,0,0
BRDA:3800,451,1,0
BRDA:3800,451,2,0
BRF:832
BRH:52
end_of_record
TN:
SF:/opt/app/src/js/diagram/FunctionMap.js
FN:15,(anonymous_0)
FN:19,(anonymous_1)
FN:28,(anonymous_2)
FN:47,(anonymous_3)
FN:73,(anonymous_4)
FN:92,(anonymous_5)
FN:97,(anonymous_6)
FN:106,(anonymous_7)
FNF:8
FNH:7
FNDA:537,(anonymous_0)
FNDA:1856,(anonymous_1)
FNDA:0,(anonymous_2)
FNDA:95,(anonymous_3)
FNDA:536,(anonymous_4)
FNDA:536,(anonymous_5)
FNDA:95,(anonymous_6)
FNDA:95,(anonymous_7)
DA:16,537
DA:20,1856
DA:21,0
DA:23,1856
DA:29,0
DA:30,0
DA:32,0
DA:34,0
DA:35,0
DA:36,0
DA:38,0
DA:41,0
DA:42,0
DA:44,0
DA:48,95
DA:49,95
DA:51,0
DA:52,0
DA:53,0
DA:54,0
DA:55,0
DA:56,0
DA:57,0
DA:59,0
DA:63,0
DA:64,0
DA:66,0
DA:76,536
DA:77,1
DA:78,1
DA:79,1
DA:81,536
DA:93,536
DA:94,536
DA:103,95
DA:107,95
LF:36
LH:14
BRDA:20,0,0,0
BRDA:20,0,1,1856
BRDA:29,1,0,0
BRDA:29,1,1,0
BRDA:32,2,0,0
BRDA:32,2,1,0
BRDA:34,3,0,0
BRDA:34,3,1,0
BRDA:35,4,0,0
BRDA:35,4,1,0
BRDA:41,5,0,0
BRDA:41,5,1,0
BRDA:48,6,0,95
BRDA:48,6,1,0
BRDA:51,7,0,0
BRDA:51,7,1,0
BRDA:55,8,0,0
BRDA:55,8,1,0
BRDA:56,9,0,0
BRDA:56,9,1,0
BRDA:63,10,0,0
BRDA:63,10,1,0
BRDA:76,11,0,1
BRDA:76,11,1,535
BRF:24
BRH:4
end_of_record
TN:
SF:/opt/app/src/js/diagram/Gesture.js
FN:18,(anonymous_0)
FN:54,(anonymous_1)
FN:62,(anonymous_2)
FN:70,(anonymous_3)
FN:79,(anonymous_4)
FN:84,(anonymous_5)
FN:97,(anonymous_6)
FN:105,(anonymous_7)
FN:112,(anonymous_8)
FN:117,(anonymous_9)
FN:121,(anonymous_10)
FN:125,(anonymous_11)
FN:129,(anonymous_12)
FN:138,(anonymous_13)
FNF:14
FNH:0
FNDA:0,(anonymous_0)
FNDA:0,(anonymous_1)
FNDA:0,(anonymous_2)
FNDA:0,(anonymous_3)
FNDA:0,(anonymous_4)
FNDA:0,(anonymous_5)
FNDA:0,(anonymous_6)
FNDA:0,(anonymous_7)
FNDA:0,(anonymous_8)
FNDA:0,(anonymous_9)
FNDA:0,(anonymous_10)
FNDA:0,(anonymous_11)
FNDA:0,(anonymous_12)
FNDA:0,(anonymous_13)
DA:19,0
DA:25,0
DA:26,0
DA:27,0
DA:28,0
DA:29,0
DA:31,0
DA:32,0
DA:33,0
DA:34,0
DA:35,0
DA:36,0
DA:38,0
DA:51,0
DA:55,0
DA:63,0
DA:71,0
DA:72,0
DA:73,0
DA:74,0
DA:76,0
DA:80,0
DA:81,0
DA:85,0
DA:86,0
DA:87,0
DA:88,0
DA:90,0
DA:92,0
DA:98,0
DA:99,0
DA:100,0
DA:101,0
DA:106,0
DA:107,0
DA:108,0
DA:113,0
DA:114,0
DA:118,0
DA:122,0
DA:126,0
DA:130,0
DA:131,0
DA:132,0
DA:133,0
DA:134,0
DA:139,0
DA:140,0
DA:141,0
DA:142,0
DA:143,0
DA:144,0
DA:146,0
LF:53
LH:0
BRDA:71,0,0,0
BRDA:71,0,1,0
BRDA:85,1,0,0
BRDA:85,1,1,0
BRDA:85,2,0,0
BRDA:85,2,1,0
BRDA:87,3,0,0
BRDA:87,3,1,0
BRDA:100,4,0,0
BRDA:100,4,1,0
BRDA:107,5,0,0
BRDA:107,5,1,0
BRDA:132,6,0,0
BRDA:132,6,1,0
BRDA:132,7,0,0
BRDA:132,7,1,0
BRF:16
BRH:0
end_of_record
TN:
SF:/opt/app/src/js/diagram/Recorder.js
FN:26,download
FN:42,getIndexOfEarliestTime
FN:63,getIndexOfLatestTime
FN:83,getIndexRangeForTime
FN:125,getNextIndexForTime
FN:140,getPrevIndexForTime
FN:223,(anonymous_6)
FN:238,(anonymous_7)
FN:239,(anonymous_8)
FN:240,(anonymous_9)
FN:241,(anonymous_10)
FN:242,(anonymous_11)
FN:243,(anonymous_12)
FN:244,(anonymous_13)
FN:257,(anonymous_14)
FN:261,(anonymous_15)
FN:265,(anonymous_16)
FN:272,(anonymous_17)
FN:276,(anonymous_18)
FN:282,(anonymous_19)
FN:288,(anonymous_20)
FN:315,(anonymous_21)
FN:318,(anonymous_22)
FN:337,(anonymous_23)
FN:343,(anonymous_24)
FN:352,(anonymous_25)
FN:361,(anonymous_26)
FN:365,(anonymous_27)
FN:375,(anonymous_28)
FN:386,(anonymous_29)
FN:404,(anonymous_30)
FN:471,(anonymous_31)
FN:486,(anonymous_32)
FN:491,(anonymous_33)
FN:505,(anonymous_34)
FN:509,(anonymous_35)
FN:543,(anonymous_36)
FN:544,(anonymous_37)
FN:555,(anonymous_38)
FN:567,(anonymous_39)
FN:574,(anonymous_40)
FN:583,(anonymous_41)
FN:597,(anonymous_42)
FN:612,(anonymous_43)
FN:616,(anonymous_44)
FN:620,(anonymous_45)
FN:647,(anonymous_46)
FN:648,(anonymous_47)
FN:658,(anonymous_48)
FN:663,(anonymous_49)
FN:711,(anonymous_50)
FN:716,(anonymous_51)
FN:729,(anonymous_52)
FN:738,(anonymous_53)
FN:765,(anonymous_54)
FN:765,(anonymous_55)
FN:779,(anonymous_56)
FN:780,(anonymous_57)
FN:797,(anonymous_58)
FN:812,(anonymous_59)
FN:887,(anonymous_60)
FN:907,(anonymous_61)
FN:921,(anonymous_62)
FN:922,(anonymous_63)
FN:941,(anonymous_64)
FN:945,(anonymous_65)
FN:967,(anonymous_66)
FN:993,(anonymous_67)
FN:1007,(anonymous_68)
FN:1014,(anonymous_69)
FN:1032,(anonymous_70)
FN:1052,(anonymous_71)
FN:1090,(anonymous_72)
FNF:73
FNH:62
FNDA:0,download
FNDA:453,getIndexOfEarliestTime
FNDA:37,getIndexOfLatestTime
FNDA:523,getIndexRangeForTime
FNDA:159,getNextIndexForTime
FNDA:282,getPrevIndexForTime
FNDA:536,(anonymous_6)
FNDA:0,(anonymous_7)
FNDA:0,(anonymous_8)
FNDA:0,(anonymous_9)
FNDA:0,(anonymous_10)
FNDA:0,(anonymous_11)
FNDA:0,(anonymous_12)
FNDA:0,(anonymous_13)
FNDA:1490,(anonymous_14)
FNDA:1429,(anonymous_15)
FNDA:1152,(anonymous_16)
FNDA:61,(anonymous_17)
FNDA:351,(anonymous_18)
FNDA:1308,(anonymous_19)
FNDA:410,(anonymous_20)
FNDA:107,(anonymous_21)
FNDA:354,(anonymous_22)
FNDA:1,(anonymous_23)
FNDA:6,(anonymous_24)
FNDA:7,(anonymous_25)
FNDA:1,(anonymous_26)
FNDA:6,(anonymous_27)
FNDA:1,(anonymous_28)
FNDA:9,(anonymous_29)
FNDA:11,(anonymous_30)
FNDA:54,(anonymous_31)
FNDA:128,(anonymous_32)
FNDA:288,(anonymous_33)
FNDA:128,(anonymous_34)
FNDA:126,(anonymous_35)
FNDA:54,(anonymous_36)
FNDA:72,(anonymous_37)
FNDA:54,(anonymous_38)
FNDA:73,(anonymous_39)
FNDA:54,(anonymous_40)
FNDA:313,(anonymous_41)
FNDA:107,(anonymous_42)
FNDA:107,(anonymous_43)
FNDA:2,(anonymous_44)
FNDA:186,(anonymous_45)
FNDA:141,(anonymous_46)
FNDA:87,(anonymous_47)
FNDA:33,(anonymous_48)
FNDA:0,(anonymous_49)
FNDA:0,(anonymous_50)
FNDA:12,(anonymous_51)
FNDA:19,(anonymous_52)
FNDA:81,(anonymous_53)
FNDA:38,(anonymous_54)
FNDA:18,(anonymous_55)
FNDA:38,(anonymous_56)
FNDA:26,(anonymous_57)
FNDA:19,(anonymous_58)
FNDA:19,(anonymous_59)
FNDA:7,(anonymous_60)
FNDA:0,(anonymous_61)
FNDA:7,(anonymous_62)
FNDA:29,(anonymous_63)
FNDA:25,(anonymous_64)
FNDA:130,(anonymous_65)
FNDA:47,(anonymous_66)
FNDA:1019,(anonymous_67)
FNDA:1007,(anonymous_68)
FNDA:1000,(anonymous_69)
FNDA:19,(anonymous_70)
FNDA:51,(anonymous_71)
FNDA:33,(anonymous_72)
DA:27,0
DA:28,0
DA:32,0
DA:33,0
DA:34,0
DA:35,0
DA:36,0
DA:37,0
DA:38,0
DA:46,453
DA:47,377
DA:49,76
DA:50,76
DA:51,76
DA:52,76
DA:53,81
DA:54,81
DA:55,75
DA:57,6
DA:60,76
DA:67,37
DA:68,37
DA:69,37
DA:70,37
DA:71,40
DA:72,12
DA:73,28
DA:74,3
DA:76,25
DA:79,37
DA:89,523
DA:90,256
DA:92,267
DA:93,267
DA:94,22
DA:96,245
DA:97,44
DA:100,201
DA:101,201
DA:102,6
DA:104,195
DA:105,38
DA:108,157
DA:110,157
DA:111,57
DA:114,100
DA:115,100
DA:116,100
DA:117,18
DA:119,82
DA:120,41
DA:122,41
DA:132,159
DA:134,159
DA:135,159
DA:137,0
DA:147,282
DA:148,282
DA:149,282
DA:151,0
DA:226,536
DA:227,1
DA:229,1
DA:230,1
DA:231,1
DA:234,1
DA:235,1
DA:237,1
DA:239,0
DA:246,1
DA:247,1
DA:249,536
DA:258,1490
DA:262,1429
DA:266,1152
DA:267,1137
DA:269,15
DA:273,61
DA:277,351
DA:278,351
DA:279,351
DA:280,351
DA:281,351
DA:282,351
DA:283,1308
DA:284,1308
DA:285,230
DA:288,351
DA:289,410
DA:290,410
DA:291,410
DA:294,351
DA:295,99
DA:297,351
DA:298,289
DA:301,351
DA:302,0
DA:304,351
DA:305,128
DA:307,223
DA:316,107
DA:317,107
DA:318,107
DA:319,354
DA:322,107
DA:323,107
DA:324,107
DA:325,107
DA:326,107
DA:327,107
DA:328,107
DA:329,107
DA:330,107
DA:331,107
DA:332,107
DA:333,107
DA:341,1
DA:342,1
DA:343,1
DA:344,6
DA:345,0
DA:347,6
DA:349,1
DA:357,7
DA:358,7
DA:364,1
DA:365,1
DA:366,6
DA:368,1
DA:369,1
DA:371,0
DA:379,1
DA:380,1
DA:382,0
DA:392,9
DA:393,5
DA:395,4
DA:397,9
DA:398,9
DA:400,0
DA:409,11
DA:410,11
DA:411,11
DA:413,11
DA:414,6
DA:415,6
DA:416,6
DA:418,11
DA:419,11
DA:420,11
DA:421,11
DA:422,11
DA:423,11
DA:472,54
DA:473,54
DA:475,54
DA:476,54
DA:477,54
DA:478,54
DA:479,54
DA:480,54
DA:481,54
DA:482,54
DA:483,54
DA:487,128
DA:488,128
DA:489,128
DA:491,128
DA:492,288
DA:493,288
DA:494,288
DA:495,288
DA:496,0
DA:498,288
DA:502,128
DA:506,128
DA:513,126
DA:514,126
DA:515,126
DA:516,0
DA:518,126
DA:519,126
DA:520,5
DA:521,5
DA:522,4
DA:525,126
DA:526,126
DA:527,2
DA:528,2
DA:529,0
DA:532,126
DA:533,126
DA:534,126
DA:535,6
DA:537,126
DA:538,4
DA:540,126
DA:544,54
DA:545,72
DA:548,72
DA:549,0
DA:551,72
DA:556,54
DA:559,54
DA:560,0
DA:562,54
DA:563,54
DA:564,54
DA:568,73
DA:569,61
DA:570,61
DA:575,54
DA:576,54
DA:577,54
DA:578,54
DA:579,54
DA:580,54
DA:588,313
DA:593,313
DA:598,107
DA:600,107
DA:601,103
DA:602,103
DA:604,107
DA:605,107
DA:606,107
DA:607,107
DA:608,0
DA:613,107
DA:617,2
DA:624,186
DA:625,1
DA:627,185
DA:628,72
DA:632,185
DA:633,185
DA:634,169
DA:635,169
DA:637,185
DA:640,185
DA:641,185
DA:642,163
DA:648,141
DA:649,87
DA:650,87
DA:651,87
DA:654,141
DA:655,54
DA:656,54
DA:658,87
DA:659,33
DA:664,0
DA:665,0
DA:666,0
DA:667,0
DA:668,0
DA:669,0
DA:671,0
DA:672,0
DA:712,0
DA:713,0
DA:717,12
DA:718,12
DA:719,1
DA:721,12
DA:722,0
DA:724,12
DA:725,12
DA:726,12
DA:730,19
DA:731,19
DA:736,19
DA:737,19
DA:738,19
DA:739,81
DA:740,81
DA:741,24
DA:743,57
DA:744,57
DA:745,31
DA:747,26
DA:748,26
DA:749,26
DA:750,26
DA:754,1
DA:756,26
DA:760,25
DA:765,38
DA:766,18
DA:767,10
DA:769,8
DA:770,8
DA:772,0
DA:776,19
DA:777,19
DA:779,19
DA:780,38
DA:781,26
DA:782,26
DA:785,19
DA:786,19
DA:787,19
DA:788,19
DA:789,0
DA:791,19
DA:793,19
DA:794,19
DA:798,19
DA:799,19
DA:800,0
DA:802,19
DA:803,19
DA:804,4
DA:805,15
DA:806,3
DA:808,12
DA:813,19
DA:818,0
DA:821,19
DA:822,19
DA:823,19
DA:825,19
DA:826,19
DA:827,19
DA:828,19
DA:829,19
DA:830,19
DA:831,7
DA:832,7
DA:833,7
DA:834,3
DA:835,3
DA:836,3
DA:837,3
DA:839,4
DA:843,19
DA:844,9
DA:845,9
DA:846,9
DA:847,7
DA:848,7
DA:853,4
DA:854,4
DA:855,4
DA:858,2
DA:862,19
DA:863,11
DA:864,11
DA:865,11
DA:870,9
DA:874,19
DA:888,7
DA:889,7
DA:890,0
DA:893,7
DA:894,7
DA:897,7
DA:898,7
DA:900,7
DA:902,7
DA:903,7
DA:904,0
DA:905,0
DA:906,0
DA:907,0
DA:908,0
DA:909,0
DA:911,0
DA:912,0
DA:913,0
DA:914,0
DA:918,7
DA:922,7
DA:923,29
DA:924,17
DA:926,12
DA:927,12
DA:928,12
DA:929,12
DA:930,1
DA:932,12
DA:933,0
DA:935,12
DA:938,7
DA:942,25
DA:943,25
DA:944,25
DA:945,25
DA:946,130
DA:951,79
DA:953,51
DA:954,51
DA:959,31
DA:960,31
DA:961,31
DA:964,25
DA:968,47
DA:969,47
DA:971,47
DA:972,22
DA:975,22
DA:979,25
DA:980,25
DA:981,25
DA:982,12
DA:983,12
DA:984,7
DA:985,7
DA:988,13
DA:990,18
DA:994,1019
DA:995,1019
DA:996,3032
DA:997,3032
DA:1001,5
DA:1004,1014
DA:1008,1007
DA:1009,0
DA:1012,1007
DA:1013,1007
DA:1014,1000
DA:1015,1000
DA:1017,1000
DA:1024,7
DA:1025,7
DA:1033,19
DA:1034,19
DA:1035,19
DA:1037,19
DA:1042,19
DA:1043,0
DA:1044,0
DA:1046,19
DA:1047,0
DA:1053,51
DA:1054,51
DA:1055,0
DA:1057,51
DA:1091,33
DA:1092,0
DA:1094,33
DA:1095,33
LF:442
LH:386
BRDA:35,0,0,0
BRDA:35,0,1,0
BRDA:46,1,0,377
BRDA:46,1,1,76
BRDA:52,2,0,157
BRDA:52,2,1,156
BRDA:54,3,0,75
BRDA:54,3,1,6
BRDA:71,4,0,12
BRDA:71,4,1,28
BRDA:73,5,0,3
BRDA:73,5,1,25
BRDA:86,6,0,0
BRDA:87,7,0,0
BRDA:89,8,0,256
BRDA:89,8,1,267
BRDA:93,9,0,22
BRDA:93,9,1,245
BRDA:96,10,0,44
BRDA:96,10,1,201
BRDA:101,11,0,6
BRDA:101,11,1,195
BRDA:104,12,0,38
BRDA:104,12,1,157
BRDA:110,13,0,57
BRDA:110,13,1,100
BRDA:116,14,0,18
BRDA:116,14,1,82
BRDA:119,15,0,41
BRDA:119,15,1,41
BRDA:128,16,0,159
BRDA:129,17,0,159
BRDA:130,18,0,159
BRDA:134,19,0,159
BRDA:134,19,1,0
BRDA:143,20,0,282
BRDA:144,21,0,282
BRDA:145,22,0,282
BRDA:148,23,0,282
BRDA:148,23,1,0
BRDA:226,24,0,1
BRDA:226,24,1,535
BRDA:266,25,0,1137
BRDA:266,25,1,15
BRDA:272,26,0,0
BRDA:276,27,0,223
BRDA:284,28,0,230
BRDA:284,28,1,1078
BRDA:290,29,0,410
BRDA:290,29,1,0
BRDA:294,30,0,99
BRDA:294,30,1,252
BRDA:297,31,0,289
BRDA:297,31,1,62
BRDA:301,32,0,0
BRDA:301,32,1,351
BRDA:301,33,0,351
BRDA:301,33,1,0
BRDA:304,34,0,128
BRDA:304,34,1,223
BRDA:339,35,0,1
BRDA:344,36,0,0
BRDA:344,36,1,6
BRDA:354,37,0,0
BRDA:355,38,0,0
BRDA:362,39,0,1
BRDA:368,40,0,1
BRDA:368,40,1,0
BRDA:377,41,0,0
BRDA:379,42,0,1
BRDA:379,42,1,0
BRDA:387,43,0,0
BRDA:388,44,0,0
BRDA:389,45,0,0
BRDA:392,46,0,5
BRDA:392,46,1,4
BRDA:397,47,0,9
BRDA:397,47,1,0
BRDA:406,48,0,0
BRDA:407,49,0,0
BRDA:410,50,0,11
BRDA:410,50,1,0
BRDA:413,51,0,6
BRDA:413,51,1,5
BRDA:471,52,0,46
BRDA:488,53,0,128
BRDA:488,53,1,0
BRDA:493,54,0,288
BRDA:493,54,1,0
BRDA:495,55,0,0
BRDA:495,55,1,288
BRDA:515,56,0,0
BRDA:515,56,1,126
BRDA:515,57,0,126
BRDA:515,57,1,126
BRDA:519,58,0,5
BRDA:519,58,1,121
BRDA:519,59,0,126
BRDA:519,59,1,10
BRDA:521,60,0,4
BRDA:521,60,1,1
BRDA:526,61,0,2
BRDA:526,61,1,124
BRDA:526,62,0,126
BRDA:526,62,1,4
BRDA:528,63,0,0
BRDA:528,63,1,2
BRDA:534,64,0,6
BRDA:534,64,1,120
BRDA:537,65,0,4
BRDA:537,65,1,122
BRDA:548,66,0,0
BRDA:548,66,1,72
BRDA:559,67,0,0
BRDA:559,67,1,54
BRDA:568,68,0,61
BRDA:568,68,1,12
BRDA:586,69,0,255
BRDA:600,70,0,103
BRDA:600,70,1,4
BRDA:600,71,0,107
BRDA:600,71,1,53
BRDA:607,72,0,0
BRDA:607,72,1,107
BRDA:624,73,0,1
BRDA:624,73,1,185
BRDA:627,74,0,72
BRDA:627,74,1,113
BRDA:633,75,0,169
BRDA:633,75,1,16
BRDA:633,76,0,185
BRDA:633,76,1,185
BRDA:641,77,0,163
BRDA:641,77,1,22
BRDA:647,78,0,0
BRDA:649,79,0,87
BRDA:649,79,1,0
BRDA:654,80,0,54
BRDA:654,80,1,87
BRDA:668,81,0,0
BRDA:668,81,1,0
BRDA:671,82,0,0
BRDA:671,82,1,0
BRDA:718,83,0,1
BRDA:718,83,1,11
BRDA:721,84,0,0
BRDA:721,84,1,12
BRDA:740,85,0,24
BRDA:740,85,1,57
BRDA:744,86,0,31
BRDA:744,86,1,26
BRDA:750,87,0,1
BRDA:750,87,1,25
BRDA:751,88,0,26
BRDA:751,88,1,26
BRDA:751,88,2,2
BRDA:756,89,0,25
BRDA:756,89,1,1
BRDA:757,90,0,26
BRDA:757,90,1,2
BRDA:757,90,2,2
BRDA:766,91,0,10
BRDA:766,91,1,8
BRDA:766,92,0,18
BRDA:766,92,1,8
BRDA:766,92,2,0
BRDA:769,93,0,8
BRDA:769,93,1,0
BRDA:769,94,0,8
BRDA:769,94,1,0
BRDA:769,94,2,0
BRDA:788,95,0,0
BRDA:788,95,1,19
BRDA:799,96,0,0
BRDA:799,96,1,19
BRDA:803,97,0,4
BRDA:803,97,1,15
BRDA:803,98,0,19
BRDA:803,98,1,7
BRDA:805,99,0,3
BRDA:805,99,1,12
BRDA:805,100,0,15
BRDA:805,100,1,3
BRDA:813,101,0,0
BRDA:813,101,1,19
BRDA:814,102,0,19
BRDA:814,102,1,19
BRDA:814,102,2,19
BRDA:830,103,0,7
BRDA:830,103,1,12
BRDA:833,104,0,3
BRDA:833,104,1,4
BRDA:843,105,0,9
BRDA:843,105,1,10
BRDA:846,106,0,7
BRDA:846,106,1,2
BRDA:848,107,0,4
BRDA:848,107,1,3
BRDA:849,108,0,7
BRDA:849,108,1,3
BRDA:849,108,2,3
BRDA:849,108,3,0
BRDA:862,109,0,11
BRDA:862,109,1,8
BRDA:865,110,0,9
BRDA:865,110,1,2
BRDA:866,111,0,11
BRDA:866,111,1,6
BRDA:866,111,2,2
BRDA:866,111,3,0
BRDA:875,112,0,10
BRDA:875,112,1,9
BRDA:876,113,0,12
BRDA:876,113,1,7
BRDA:877,114,0,7
BRDA:877,114,1,12
BRDA:887,115,0,0
BRDA:889,116,0,0
BRDA:889,116,1,7
BRDA:903,117,0,0
BRDA:903,117,1,7
BRDA:912,118,0,0
BRDA:912,118,1,0
BRDA:923,119,0,17
BRDA:923,119,1,12
BRDA:929,120,0,1
BRDA:929,120,1,11
BRDA:932,121,0,0
BRDA:932,121,1,12
BRDA:946,122,0,79
BRDA:946,122,1,51
BRDA:947,123,0,130
BRDA:947,123,1,60
BRDA:947,123,2,51
BRDA:954,124,0,31
BRDA:954,124,1,20
BRDA:955,125,0,51
BRDA:955,125,1,26
BRDA:955,125,2,21
BRDA:955,125,3,3
BRDA:971,126,0,22
BRDA:971,126,1,25
BRDA:981,127,0,12
BRDA:981,127,1,13
BRDA:983,128,0,7
BRDA:983,128,1,5
BRDA:997,129,0,5
BRDA:997,129,1,3027
BRDA:998,130,0,3032
BRDA:998,130,1,3032
BRDA:1008,131,0,0
BRDA:1008,131,1,1007
BRDA:1013,132,0,1000
BRDA:1013,132,1,7
BRDA:1042,133,0,0
BRDA:1042,133,1,19
BRDA:1046,134,0,0
BRDA:1046,134,1,19
BRDA:1054,135,0,0
BRDA:1054,135,1,51
BRDA:1091,136,0,0
BRDA:1091,136,1,33
BRF:262
BRH:204
end_of_record
TN:
SF:/opt/app/src/js/diagram/parseState.js
FN:16,assignAsLinkOnly
FN:23,parseState
FN:39,(anonymous_2)
FN:149,(anonymous_3)
FNF:4
FNH:4
FNDA:270,assignAsLinkOnly
FNDA:21241,parseState
FNDA:3240,(anonymous_2)
FNDA:17957,(anonymous_3)
DA:17,270
DA:18,270
DA:20,270
DA:24,21241
DA:25,8244
DA:27,12997
DA:28,1080
DA:30,11917
DA:31,2568
DA:33,9349
DA:34,2210
DA:37,7139
DA:38,1080
DA:39,1080
DA:40,3240
DA:42,1080
DA:44,6059
DA:45,1915
DA:46,0
DA:48,1915
DA:49,295
DA:51,1620
DA:52,1350
DA:54,270
DA:55,0
DA:57,270
DA:58,0
DA:60,270
DA:61,0
DA:63,270
DA:64,0
DA:66,270
DA:67,270
DA:69,0
DA:70,0
DA:75,0
DA:76,0
DA:81,0
DA:82,0
DA:87,0
DA:88,0
DA:93,0
DA:94,0
DA:99,0
DA:100,0
DA:105,0
DA:106,0
DA:111,0
DA:112,0
DA:117,0
DA:118,0
DA:123,0
DA:124,0
DA:129,0
DA:130,0
DA:135,0
DA:136,0
DA:141,0
DA:142,0
DA:148,4144
DA:149,4144
DA:155,17957
DA:157,4144
LF:63
LH:32
BRDA:17,0,0,270
BRDA:17,0,1,0
BRDA:24,1,0,8244
BRDA:24,1,1,12997
BRDA:27,2,0,1080
BRDA:27,2,1,11917
BRDA:30,3,0,2568
BRDA:30,3,1,9349
BRDA:33,4,0,2210
BRDA:33,4,1,7139
BRDA:37,5,0,1080
BRDA:37,5,1,6059
BRDA:44,6,0,1915
BRDA:44,6,1,4144
BRDA:45,7,0,0
BRDA:45,7,1,1915
BRDA:48,8,0,295
BRDA:48,8,1,1620
BRDA:51,9,0,1350
BRDA:51,9,1,270
BRDA:54,10,0,0
BRDA:54,10,1,270
BRDA:57,11,0,0
BRDA:57,11,1,270
BRDA:60,12,0,0
BRDA:60,12,1,270
BRDA:63,13,0,0
BRDA:63,13,1,270
BRDA:66,14,0,270
BRDA:66,14,1,0
BRDA:69,15,0,0
BRDA:69,15,1,0
BRDA:75,16,0,0
BRDA:75,16,1,0
BRDA:81,17,0,0
BRDA:81,17,1,0
BRDA:87,18,0,0
BRDA:87,18,1,0
BRDA:93,19,0,0
BRDA:93,19,1,0
BRDA:99,20,0,0
BRDA:99,20,1,0
BRDA:105,21,0,0
BRDA:105,21,1,0
BRDA:111,22,0,0
BRDA:111,22,1,0
BRDA:117,23,0,0
BRDA:117,23,1,0
BRDA:123,24,0,0
BRDA:123,24,1,0
BRDA:129,25,0,0
BRDA:129,25,1,0
BRDA:135,26,0,0
BRDA:135,26,1,0
BRDA:141,27,0,0
BRDA:141,27,1,0
BRF:56
BRH:23
end_of_record
TN:
SF:/opt/app/src/js/diagram/state.js
FN:20,getState
FN:28,(anonymous_1)
FN:49,(anonymous_2)
FN:63,(anonymous_3)
FN:70,(anonymous_4)
FN:71,(anonymous_5)
FN:209,setState
FNF:7
FNH:7
FNDA:2274,getState
FNDA:56358,(anonymous_1)
FNDA:9900,(anonymous_2)
FNDA:29034,(anonymous_3)
FNDA:17424,(anonymous_4)
FNDA:17424,(anonymous_5)
FNDA:44,setState
DA:27,2274
DA:28,2274
DA:29,56358
DA:30,3300
DA:32,53058
DA:33,17706
DA:35,35352
DA:36,7827
DA:38,27525
DA:39,6720
DA:41,20805
DA:42,0
DA:44,20805
DA:45,7143
DA:47,13662
DA:48,3300
DA:49,3300
DA:51,9900
DA:53,3300
DA:59,10362
DA:60,2475
DA:62,7887
DA:63,7887
DA:64,29034
DA:66,7887
DA:70,2274
DA:71,17424
DA:72,17424
DA:73,17424
DA:74,17424
DA:76,0
DA:77,0
DA:79,0
DA:80,0
DA:82,0
DA:84,17424
DA:85,17424
DA:86,0
DA:88,17424
DA:89,17424
DA:91,2274
DA:210,44
LF:42
LH:35
BRDA:23,0,0,2274
BRDA:29,1,0,3300
BRDA:29,1,1,53058
BRDA:32,2,0,17706
BRDA:32,2,1,35352
BRDA:35,3,0,7827
BRDA:35,3,1,27525
BRDA:38,4,0,6720
BRDA:38,4,1,20805
BRDA:41,5,0,0
BRDA:41,5,1,20805
BRDA:44,6,0,7143
BRDA:44,6,1,13662
BRDA:47,7,0,3300
BRDA:47,7,1,10362
BRDA:59,8,0,2475
BRDA:59,8,1,7887
BRDA:73,9,0,17424
BRDA:73,9,1,0
BRDA:76,10,0,0
BRDA:76,10,1,0
BRDA:79,11,0,0
BRDA:79,11,1,0
BRDA:85,12,0,0
BRDA:85,12,1,17424
BRF:25
BRH:18
end_of_record
TN:
SF:/opt/app/src/js/diagram/Animation/Animation.js
FNF:0
FNH:0
LF:0
LH:0
BRF:0
BRH:0
end_of_record
TN:
SF:/opt/app/src/js/diagram/Animation/AnimationBuilder.js
FN:29,(anonymous_0)
FN:74,(anonymous_1)
FN:88,(anonymous_2)
FN:103,(anonymous_3)
FN:107,(anonymous_4)
FN:125,(anonymous_5)
FN:136,(anonymous_6)
FN:145,(anonymous_7)
FN:154,(anonymous_8)
FN:171,(anonymous_9)
FN:180,(anonymous_10)
FN:191,(anonymous_11)
FN:202,(anonymous_12)
FN:211,(anonymous_13)
FN:220,(anonymous_14)
FN:235,(anonymous_15)
FN:250,(anonymous_16)
FN:265,(anonymous_17)
FN:280,(anonymous_18)
FN:288,(anonymous_19)
FN:303,(anonymous_20)
FN:311,(anonymous_21)
FN:319,(anonymous_22)
FN:326,(anonymous_23)
FN:336,(anonymous_24)
FNF:25
FNH:0
FNDA:0,(anonymous_0)
FNDA:0,(anonymous_1)
FNDA:0,(anonymous_2)
FNDA:0,(anonymous_3)
FNDA:0,(anonymous_4)
FNDA:0,(anonymous_5)
FNDA:0,(anonymous_6)
FNDA:0,(anonymous_7)
FNDA:0,(anonymous_8)
FNDA:0,(anonymous_9)
FNDA:0,(anonymous_10)
FNDA:0,(anonymous_11)
FNDA:0,(anonymous_12)
FNDA:0,(anonymous_13)
FNDA:0,(anonymous_14)
FNDA:0,(anonymous_15)
FNDA:0,(anonymous_16)
FNDA:0,(anonymous_17)
FNDA:0,(anonymous_18)
FNDA:0,(anonymous_19)
FNDA:0,(anonymous_20)
FNDA:0,(anonymous_21)
FNDA:0,(anonymous_22)
FNDA:0,(anonymous_23)
FNDA:0,(anonymous_24)
DA:33,0
DA:35,0
DA:36,0
DA:37,0
DA:39,0
DA:41,0
DA:42,0
DA:43,0
DA:44,0
DA:80,0
DA:81,0
DA:85,0
DA:90,0
DA:91,0
DA:92,0
DA:94,0
DA:104,0
DA:108,0
DA:113,0
DA:114,0
DA:122,0
DA:126,0
DA:127,0
DA:128,0
DA:129,0
DA:131,0
DA:133,0
DA:137,0
DA:138,0
DA:139,0
DA:140,0
DA:142,0
DA:146,0
DA:147,0
DA:148,0
DA:149,0
DA:151,0
DA:155,0
DA:156,0
DA:157,0
DA:158,0
DA:160,0
DA:172,0
DA:173,0
DA:174,0
DA:175,0
DA:177,0
DA:183,0
DA:184,0
DA:185,0
DA:186,0
DA:188,0
DA:194,0
DA:195,0
DA:196,0
DA:197,0
DA:199,0
DA:203,0
DA:204,0
DA:205,0
DA:206,0
DA:208,0
DA:212,0
DA:213,0
DA:214,0
DA:215,0
DA:217,0
DA:224,0
DA:226,0
DA:227,0
DA:229,0
DA:231,0
DA:232,0
DA:239,0
DA:241,0
DA:242,0
DA:244,0
DA:246,0
DA:247,0
DA:254,0
DA:256,0
DA:257,0
DA:259,0
DA:261,0
DA:262,0
DA:269,0
DA:271,0
DA:272,0
DA:274,0
DA:276,0
DA:277,0
DA:284,0
DA:285,0
DA:292,0
DA:293,0
DA:294,0
DA:295,0
DA:297,0
DA:300,0
DA:307,0
DA:308,0
DA:315,0
DA:316,0
DA:320,0
DA:321,0
DA:322,0
DA:323,0
DA:327,0
DA:328,0
DA:337,0
DA:338,0
DA:339,0
DA:340,0
LF:113
LH:0
BRDA:30,0,0,0
BRDA:35,1,0,0
BRDA:35,1,1,0
BRDA:80,2,0,0
BRDA:80,2,1,0
BRDA:91,3,0,0
BRDA:91,3,1,0
BRDA:91,4,0,0
BRDA:91,4,1,0
BRDA:91,4,2,0
BRDA:113,5,0,0
BRDA:113,5,1,0
BRDA:126,6,0,0
BRDA:126,6,1,0
BRDA:137,7,0,0
BRDA:137,7,1,0
BRDA:146,8,0,0
BRDA:146,8,1,0
BRDA:155,9,0,0
BRDA:155,9,1,0
BRDA:172,10,0,0
BRDA:172,10,1,0
BRDA:183,11,0,0
BRDA:183,11,1,0
BRDA:194,12,0,0
BRDA:194,12,1,0
BRDA:203,13,0,0
BRDA:203,13,1,0
BRDA:212,14,0,0
BRDA:212,14,1,0
BRDA:221,15,0,0
BRDA:226,16,0,0
BRDA:226,16,1,0
BRDA:236,17,0,0
BRDA:241,18,0,0
BRDA:241,18,1,0
BRDA:251,19,0,0
BRDA:256,20,0,0
BRDA:256,20,1,0
BRDA:266,21,0,0
BRDA:271,22,0,0
BRDA:271,22,1,0
BRDA:281,23,0,0
BRDA:289,24,0,0
BRDA:292,25,0,0
BRDA:292,25,1,0
BRDA:304,26,0,0
BRDA:312,27,0,0
BRF:48
BRH:0
end_of_record
TN:
SF:/opt/app/src/js/diagram/Animation/AnimationManager.js
FN:36,(anonymous_0)
FN:55,(anonymous_1)
FN:98,(anonymous_2)
FN:99,(anonymous_3)
FN:104,(anonymous_4)
FN:110,(anonymous_5)
FN:118,(anonymous_6)
FN:123,(anonymous_7)
FN:159,(anonymous_8)
FN:182,(anonymous_9)
FN:196,(anonymous_10)
FN:203,(anonymous_11)
FN:222,(anonymous_12)
FN:235,(anonymous_13)
FN:245,(anonymous_14)
FN:264,(anonymous_15)
FNF:16
FNH:2
FNDA:451,(anonymous_0)
FNDA:825,(anonymous_1)
FNDA:0,(anonymous_2)
FNDA:0,(anonymous_3)
FNDA:0,(anonymous_4)
FNDA:0,(anonymous_5)
FNDA:0,(anonymous_6)
FNDA:0,(anonymous_7)
FNDA:0,(anonymous_8)
FNDA:0,(anonymous_9)
FNDA:0,(anonymous_10)
FNDA:0,(anonymous_11)
FNDA:0,(anonymous_12)
FNDA:0,(anonymous_13)
FNDA:0,(anonymous_14)
FNDA:0,(anonymous_15)
DA:40,451
DA:42,451
DA:43,451
DA:44,451
DA:46,0
DA:48,451
DA:49,451
DA:50,451
DA:51,451
DA:52,451
DA:56,825
DA:61,825
DA:62,825
DA:67,825
DA:99,0
DA:100,0
DA:105,0
DA:106,0
DA:109,0
DA:110,0
DA:111,0
DA:112,0
DA:115,0
DA:120,0
DA:121,0
DA:122,0
DA:123,0
DA:124,0
DA:125,0
DA:126,0
DA:127,0
DA:128,0
DA:130,0
DA:131,0
DA:133,0
DA:135,0
DA:136,0
DA:137,0
DA:139,0
DA:140,0
DA:143,0
DA:144,0
DA:146,0
DA:148,0
DA:149,0
DA:156,0
DA:160,0
DA:161,0
DA:162,0
DA:163,0
DA:164,0
DA:165,0
DA:167,0
DA:170,0
DA:171,0
DA:173,0
DA:174,0
DA:176,0
DA:183,0
DA:184,0
DA:186,0
DA:187,0
DA:188,0
DA:189,0
DA:192,0
DA:197,0
DA:198,0
DA:200,0
DA:204,0
DA:205,0
DA:207,0
DA:208,0
DA:209,0
DA:210,0
DA:211,0
DA:212,0
DA:213,0
DA:214,0
DA:223,0
DA:224,0
DA:225,0
DA:226,0
DA:227,0
DA:228,0
DA:229,0
DA:236,0
DA:237,0
DA:238,0
DA:239,0
DA:242,0
DA:246,0
DA:247,0
DA:248,0
DA:249,0
DA:251,0
DA:252,0
DA:254,0
DA:255,0
DA:256,0
DA:258,0
DA:259,0
DA:261,0
DA:265,0
DA:266,0
DA:267,0
DA:268,0
LF:106
LH:13
BRDA:37,0,0,0
BRDA:42,1,0,451
BRDA:42,1,1,0
BRDA:61,2,0,825
BRDA:61,2,1,0
BRDA:105,3,0,0
BRDA:105,3,1,0
BRDA:111,4,0,0
BRDA:111,4,1,0
BRDA:111,5,0,0
BRDA:111,5,1,0
BRDA:125,6,0,0
BRDA:125,6,1,0
BRDA:125,7,0,0
BRDA:125,7,1,0
BRDA:127,8,0,0
BRDA:127,8,1,0
BRDA:130,9,0,0
BRDA:130,9,1,0
BRDA:135,10,0,0
BRDA:135,10,1,0
BRDA:135,11,0,0
BRDA:135,11,1,0
BRDA:139,12,0,0
BRDA:139,12,1,0
BRDA:143,13,0,0
BRDA:143,13,1,0
BRDA:164,14,0,0
BRDA:164,14,1,0
BRDA:164,15,0,0
BRDA:164,15,1,0
BRDA:173,16,0,0
BRDA:173,16,1,0
BRDA:182,17,0,0
BRDA:183,18,0,0
BRDA:183,18,1,0
BRDA:188,19,0,0
BRDA:188,19,1,0
BRDA:196,20,0,0
BRDA:204,21,0,0
BRDA:204,21,1,0
BRDA:209,22,0,0
BRDA:209,22,1,0
BRDA:210,23,0,0
BRDA:210,23,1,0
BRDA:213,24,0,0
BRDA:213,24,1,0
BRDA:225,25,0,0
BRDA:225,25,1,0
BRDA:228,26,0,0
BRDA:228,26,1,0
BRDA:238,27,0,0
BRDA:238,27,1,0
BRDA:246,28,0,0
BRDA:246,28,1,0
BRDA:246,29,0,0
BRDA:246,29,1,0
BRDA:248,30,0,0
BRDA:248,30,1,0
BRDA:251,31,0,0
BRDA:251,31,1,0
BRDA:258,32,0,0
BRDA:258,32,1,0
BRF:63
BRH:2
end_of_record
TN:
SF:/opt/app/src/js/diagram/Animation/AnimationStep.js
FN:45,(anonymous_0)
FN:102,(anonymous_1)
FN:107,(anonymous_2)
FN:150,(anonymous_3)
FN:161,(anonymous_4)
FN:179,(anonymous_5)
FN:183,(anonymous_6)
FN:205,(anonymous_7)
FN:212,(anonymous_8)
FN:240,(anonymous_9)
FN:243,(anonymous_10)
FN:248,(anonymous_11)
FN:253,(anonymous_12)
FN:260,(anonymous_13)
FN:264,(anonymous_14)
FN:302,(anonymous_15)
FN:305,(anonymous_16)
FN:309,(anonymous_17)
FN:315,(anonymous_18)
FN:320,(anonymous_19)
FN:325,(anonymous_20)
FNF:21
FNH:0
FNDA:0,(anonymous_0)
FNDA:0,(anonymous_1)
FNDA:0,(anonymous_2)
FNDA:0,(anonymous_3)
FNDA:0,(anonymous_4)
FNDA:0,(anonymous_5)
FNDA:0,(anonymous_6)
FNDA:0,(anonymous_7)
FNDA:0,(anonymous_8)
FNDA:0,(anonymous_9)
FNDA:0,(anonymous_10)
FNDA:0,(anonymous_11)
FNDA:0,(anonymous_12)
FNDA:0,(anonymous_13)
FNDA:0,(anonymous_14)
FNDA:0,(anonymous_15)
FNDA:0,(anonymous_16)
FNDA:0,(anonymous_17)
FNDA:0,(anonymous_18)
FNDA:0,(anonymous_19)
FNDA:0,(anonymous_20)
DA:46,0
DA:56,0
DA:57,0
DA:58,0
DA:59,0
DA:60,0
DA:61,0
DA:62,0
DA:63,0
DA:64,0
DA:65,0
DA:67,0
DA:76,0
DA:77,0
DA:78,0
DA:79,0
DA:80,0
DA:81,0
DA:82,0
DA:83,0
DA:103,0
DA:104,0
DA:108,0
DA:151,0
DA:152,0
DA:163,0
DA:180,0
DA:184,0
DA:206,0
DA:207,0
DA:213,0
DA:214,0
DA:217,0
DA:218,0
DA:219,0
DA:220,0
DA:221,0
DA:222,0
DA:223,0
DA:225,0
DA:226,0
DA:228,0
DA:229,0
DA:230,0
DA:232,0
DA:233,0
DA:236,0
DA:244,0
DA:249,0
DA:250,0
DA:254,0
DA:255,0
DA:267,0
DA:268,0
DA:270,0
DA:271,0
DA:272,0
DA:273,0
DA:274,0
DA:275,0
DA:277,0
DA:278,0
DA:279,0
DA:280,0
DA:282,0
DA:283,0
DA:284,0
DA:288,0
DA:289,0
DA:290,0
DA:292,0
DA:295,0
DA:296,0
DA:306,0
DA:310,0
DA:311,0
DA:312,0
DA:316,0
DA:317,0
DA:321,0
DA:322,0
DA:326,0
DA:327,0
LF:83
LH:0
BRDA:45,0,0,0
BRDA:102,1,0,0
BRDA:151,2,0,0
BRDA:151,2,1,0
BRDA:183,3,0,0
BRDA:213,4,0,0
BRDA:213,4,1,0
BRDA:219,5,0,0
BRDA:219,5,1,0
BRDA:221,6,0,0
BRDA:221,6,1,0
BRDA:225,7,0,0
BRDA:225,7,1,0
BRDA:229,8,0,0
BRDA:229,8,1,0
BRDA:232,9,0,0
BRDA:232,9,1,0
BRDA:248,10,0,0
BRDA:254,11,0,0
BRDA:254,11,1,0
BRDA:254,12,0,0
BRDA:254,12,1,0
BRDA:264,13,0,0
BRDA:264,14,0,0
BRDA:267,15,0,0
BRDA:267,15,1,0
BRDA:267,16,0,0
BRDA:267,16,1,0
BRDA:272,17,0,0
BRDA:272,17,1,0
BRDA:273,18,0,0
BRDA:273,18,1,0
BRDA:274,19,0,0
BRDA:274,19,1,0
BRDA:278,20,0,0
BRDA:278,20,1,0
BRDA:278,21,0,0
BRDA:278,21,1,0
BRDA:279,22,0,0
BRDA:279,22,1,0
BRDA:283,23,0,0
BRDA:283,23,1,0
BRDA:288,24,0,0
BRDA:288,24,1,0
BRDA:289,25,0,0
BRDA:289,25,1,0
BRDA:295,26,0,0
BRDA:295,26,1,0
BRDA:305,27,0,0
BRF:49
BRH:0
end_of_record
TN:
SF:/opt/app/src/js/diagram/Animation/AnimationStep/CustomStep.js
FN:23,(anonymous_0)
FN:60,(anonymous_1)
FN:74,(anonymous_2)
FN:82,(anonymous_3)
FN:90,(anonymous_4)
FN:101,(anonymous_5)
FN:105,(anonymous_6)
FN:111,(anonymous_7)
FN:125,(anonymous_8)
FN:153,(anonymous_9)
FN:160,custom
FNF:11
FNH:0
FNDA:0,(anonymous_0)
FNDA:0,(anonymous_1)
FNDA:0,(anonymous_2)
FNDA:0,(anonymous_3)
FNDA:0,(anonymous_4)
FNDA:0,(anonymous_5)
FNDA:0,(anonymous_6)
FNDA:0,(anonymous_7)
FNDA:0,(anonymous_8)
FNDA:0,(anonymous_9)
FNDA:0,custom
DA:24,0
DA:25,0
DA:26,0
DA:32,0
DA:33,0
DA:34,0
DA:35,0
DA:36,0
DA:37,0
DA:38,0
DA:39,0
DA:40,0
DA:41,0
DA:42,0
DA:44,0
DA:45,0
DA:49,0
DA:50,0
DA:66,0
DA:67,0
DA:71,0
DA:75,0
DA:83,0
DA:84,0
DA:85,0
DA:87,0
DA:91,0
DA:92,0
DA:93,0
DA:98,0
DA:102,0
DA:106,0
DA:107,0
DA:108,0
DA:112,0
DA:113,0
DA:114,0
DA:115,0
DA:117,0
DA:119,0
DA:120,0
DA:122,0
DA:126,0
DA:154,0
DA:155,0
DA:156,0
DA:161,0
LF:47
LH:0
BRDA:35,0,0,0
BRDA:35,0,1,0
BRDA:37,1,0,0
BRDA:37,1,1,0
BRDA:39,2,0,0
BRDA:39,2,1,0
BRDA:41,3,0,0
BRDA:41,3,1,0
BRDA:66,4,0,0
BRDA:66,4,1,0
BRDA:84,5,0,0
BRDA:84,5,1,0
BRDA:84,6,0,0
BRDA:84,6,1,0
BRDA:84,6,2,0
BRDA:92,7,0,0
BRDA:92,7,1,0
BRDA:111,8,0,0
BRDA:112,9,0,0
BRDA:112,9,1,0
BRDA:114,10,0,0
BRDA:114,10,1,0
BRDA:119,11,0,0
BRDA:119,11,1,0
BRF:24
BRH:0
end_of_record
TN:
SF:/opt/app/src/js/diagram/Animation/AnimationStep/DelayStep.js
FN:15,(anonymous_0)
FN:30,(anonymous_1)
FN:44,(anonymous_2)
FN:49,delay
FNF:4
FNH:0
FNDA:0,(anonymous_0)
FNDA:0,(anonymous_1)
FNDA:0,(anonymous_2)
FNDA:0,delay
DA:19,0
DA:20,0
DA:21,0
DA:22,0
DA:24,0
DA:26,0
DA:31,0
DA:32,0
DA:33,0
DA:45,0
DA:53,0
LF:11
LH:0
BRDA:16,0,0,0
BRDA:21,1,0,0
BRDA:21,1,1,0
BRDA:50,2,0,0
BRF:4
BRH:0
end_of_record
TN:
SF:/opt/app/src/js/diagram/Animation/AnimationStep/ElementAnimationStep.js
FN:21,(anonymous_0)
FN:53,(anonymous_1)
FN:67,(anonymous_2)
FN:77,(anonymous_3)
FN:86,(anonymous_4)
FN:100,(anonymous_5)
FN:114,(anonymous_6)
FNF:7
FNH:0
FNDA:0,(anonymous_0)
FNDA:0,(anonymous_1)
FNDA:0,(anonymous_2)
FNDA:0,(anonymous_3)
FNDA:0,(anonymous_4)
FNDA:0,(anonymous_5)
FNDA:0,(anonymous_6)
DA:22,0
DA:23,0
DA:24,0
DA:25,0
DA:27,0
DA:34,0
DA:35,0
DA:36,0
DA:37,0
DA:38,0
DA:39,0
DA:40,0
DA:41,0
DA:42,0
DA:43,0
DA:44,0
DA:45,0
DA:46,0
DA:47,0
DA:49,0
DA:59,0
DA:60,0
DA:64,0
DA:69,0
DA:79,0
DA:80,0
DA:81,0
DA:83,0
DA:87,0
DA:88,0
DA:89,0
DA:97,0
DA:101,0
DA:102,0
DA:103,0
DA:104,0
DA:106,0
DA:108,0
DA:109,0
DA:111,0
DA:115,0
DA:116,0
DA:117,0
DA:118,0
LF:44
LH:0
BRDA:21,0,0,0
BRDA:24,1,0,0
BRDA:24,1,1,0
BRDA:24,2,0,0
BRDA:24,2,1,0
BRDA:40,3,0,0
BRDA:40,3,1,0
BRDA:42,4,0,0
BRDA:42,4,1,0
BRDA:44,5,0,0
BRDA:44,5,1,0
BRDA:46,6,0,0
BRDA:46,6,1,0
BRDA:59,7,0,0
BRDA:59,7,1,0
BRDA:80,8,0,0
BRDA:80,8,1,0
BRDA:80,9,0,0
BRDA:80,9,1,0
BRDA:80,9,2,0
BRDA:88,10,0,0
BRDA:88,10,1,0
BRDA:101,11,0,0
BRDA:101,11,1,0
BRDA:103,12,0,0
BRDA:103,12,1,0
BRDA:108,13,0,0
BRDA:108,13,1,0
BRF:28
BRH:0
end_of_record
TN:
[...]
DA:463,0
DA:464,0
DA:465,0
DA:466,0
DA:467,0
DA:468,0
DA:469,0
DA:470,0
DA:471,0
DA:472,0
DA:473,0
DA:475,0
DA:479,0
DA:480,0
DA:481,0
DA:482,0
DA:493,0
DA:495,0
DA:496,0
LF:200
LH:1
BRDA:8,0,0,0
BRDA:12,1,0,0
BRDA:12,1,1,0
BRDA:15,2,0,0
BRDA:15,2,1,0
BRDA:17,3,0,0
BRDA:17,3,1,0
BRDA:19,4,0,0
BRDA:19,4,1,0
BRDA:32,5,0,0
BRDA:37,6,0,0
BRDA:44,7,0,0
BRDA:51,8,0,0
BRDA:58,9,0,0
BRDA:72,10,0,0
BRDA:83,11,0,0
BRDA:83,11,1,0
BRDA:86,12,0,0
BRDA:86,12,1,0
BRDA:89,13,0,0
BRDA:89,13,1,0
BRDA:92,14,0,0
BRDA:92,14,1,0
BRDA:95,15,0,0
BRDA:95,15,1,0
BRDA:98,16,0,0
BRDA:98,16,1,0
BRDA:101,17,0,0
BRDA:101,17,1,0
BRDA:104,18,0,0
BRDA:104,18,1,0
BRDA:107,19,0,0
BRDA:107,19,1,0
BRDA:110,20,0,0
BRDA:110,20,1,0
BRDA:113,21,0,0
BRDA:113,21,1,0
BRDA:126,22,0,0
BRDA:126,22,1,0
BRDA:127,23,0,0
BRDA:127,23,1,0
BRDA:132,24,0,0
BRDA:132,24,1,0
BRDA:138,25,0,0
BRDA:138,25,1,0
BRDA:145,26,0,0
BRDA:145,26,1,0
BRDA:148,27,0,0
BRDA:148,27,1,0
BRDA:155,28,0,0
BRDA:156,29,0,0
BRDA:157,30,0,0
BRDA:173,31,0,0
BRDA:174,32,0,0
BRDA:175,33,0,0
BRDA:176,34,0,0
BRDA:179,35,0,0
BRDA:179,35,1,0
BRDA:183,36,0,0
BRDA:183,36,1,0
BRDA:187,37,0,0
BRDA:187,37,1,0
BRDA:195,38,0,0
BRDA:197,39,0,0
BRDA:197,39,1,0
BRDA:201,40,0,0
BRDA:201,40,1,0
BRDA:211,41,0,0
BRDA:230,42,0,0
BRDA:230,42,1,0
BRDA:232,43,0,0
BRDA:232,43,1,0
BRDA:238,44,0,0
BRDA:238,44,1,0
BRDA:242,45,0,0
BRDA:242,45,1,0
BRDA:246,46,0,0
BRDA:246,46,1,0
BRDA:250,47,0,0
BRDA:250,47,1,0
BRDA:251,48,0,0
BRDA:251,48,1,0
BRDA:253,49,0,0
BRDA:253,49,1,0
BRDA:260,50,0,0
BRDA:262,51,0,0
BRDA:262,51,1,0
BRDA:266,52,0,0
BRDA:266,52,1,0
BRDA:274,53,0,0
BRDA:281,54,0,0
BRDA:291,55,0,0
BRDA:309,56,0,0
BRDA:309,56,1,0
BRDA:311,57,0,0
BRDA:311,57,1,0
BRDA:317,58,0,0
BRDA:317,58,1,0
BRDA:320,59,0,0
BRDA:320,59,1,0
BRDA:323,60,0,0
BRDA:323,60,1,0
BRDA:328,61,0,0
BRDA:328,61,1,0
BRDA:339,62,0,0
BRDA:349,63,0,0
BRDA:350,64,0,0
BRDA:351,65,0,0
BRDA:354,66,0,0
BRDA:354,66,1,0
BRDA:357,67,0,0
BRDA:357,67,1,0
BRDA:361,68,0,0
BRDA:361,68,1,0
BRDA:378,69,0,0
BRDA:378,69,1,0
BRDA:380,70,0,0
BRDA:380,70,1,0
BRDA:393,71,0,0
BRDA:396,72,0,0
BRDA:396,72,1,0
BRDA:399,73,0,0
BRDA:399,73,1,0
BRDA:405,74,0,0
BRDA:405,74,1,0
BRDA:453,75,0,0
BRDA:454,76,0,0
BRDA:465,77,0,0
BRDA:465,77,1,0
BRDA:478,78,0,0
BRDA:481,79,0,0
BRDA:481,79,1,0
BRDA:481,80,0,0
BRDA:481,80,1,0
BRDA:490,81,0,0
BRDA:491,82,0,0
BRF:136
BRH:0
end_of_record
TN:
SF:/opt/app/src/js/tools/m2.js
FN:5,mul
FN:18,t
FN:25,identity
FN:32,copy
FN:39,translationMatrix
FN:46,translate
FN:49,rotationMatrix
FN:58,rotate
FN:62,scaleMatrix
FN:70,scale
FN:74,transform
FN:81,inverse
FNF:12
FNH:6
FNDA:28931,mul
FNDA:0,t
FNDA:17358,identity
FNDA:0,copy
FNDA:7407,translationMatrix
FNDA:0,translate
FNDA:7969,rotationMatrix
FNDA:0,rotate
FNDA:12954,scaleMatrix
FNDA:0,scale
FNDA:93,transform
FNDA:0,inverse
DA:6,28931
DA:19,0
DA:26,17358
DA:33,0
DA:40,7407
DA:47,0
DA:50,7969
DA:51,7969
DA:52,7969
DA:59,0
DA:63,12954
DA:71,0
DA:75,93
DA:82,0
DA:85,0
DA:87,0
DA:88,0
DA:89,0
DA:90,0
DA:91,0
DA:92,0
DA:93,0
DA:94,0
DA:95,0
DA:97,0
LF:25
LH:8
BRF:0
BRH:0
end_of_record
TN:
SF:/opt/app/src/js/tools/math.js
FN:3,(anonymous_0)
FN:10,(anonymous_1)
FN:44,round
FN:50,(anonymous_3)
FN:105,clipMag
FN:138,clipValue
FN:158,getPositionVelocityFromDecAndTime
FN:224,(anonymous_7)
FN:231,(anonymous_8)
FN:242,easeout
FN:256,easein
FN:269,sinusoid
FN:297,range
FN:305,randSign
FN:309,randInt
FN:323,rand
FN:337,randElement
FN:342,removeRandElement
FN:347,randElements
FN:357,rand2D
FNF:20
FNH:3
FNDA:427299,(anonymous_0)
FNDA:427299,(anonymous_1)
FNDA:0,round
FNDA:0,(anonymous_3)
FNDA:0,clipMag
FNDA:448,clipValue
FNDA:0,getPositionVelocityFromDecAndTime
FNDA:0,(anonymous_7)
FNDA:0,(anonymous_8)
FNDA:0,easeout
FNDA:0,easein
FNDA:0,sinusoid
FNDA:0,range
FNDA:0,randSign
FNDA:0,randInt
FNDA:0,rand
FNDA:0,randElement
FNDA:0,removeRandElement
FNDA:0,randElements
FNDA:0,rand2D
DA:3,3
DA:4,427299
DA:5,427299
DA:10,427299
DA:11,427299
DA:13,42650
DA:21,384649
DA:23,427299
DA:24,4080
DA:31,427299
DA:48,0
DA:49,0
DA:50,0
DA:52,0
DA:53,0
DA:54,0
DA:55,0
DA:58,0
DA:110,0
DA:111,0
DA:112,0
DA:114,0
DA:115,0
DA:117,0
DA:118,0
DA:120,0
DA:121,0
DA:123,0
DA:124,0
DA:126,0
DA:127,0
DA:129,0
DA:130,0
DA:132,0
DA:133,0
DA:135,0
DA:143,448
DA:144,448
DA:145,448
DA:146,0
DA:150,448
DA:151,448
DA:152,0
DA:155,448
DA:158,3
DA:165,0
DA:166,0
DA:167,0
DA:169,0
DA:170,0
DA:171,0
DA:175,0
DA:176,0
DA:177,0
DA:183,0
DA:184,0
DA:185,0
DA:188,0
DA:189,0
DA:194,0
DA:195,0
DA:196,0
DA:198,0
DA:205,0
DA:206,0
DA:207,0
DA:208,0
DA:209,0
DA:210,0
DA:212,0
DA:215,0
DA:217,0
DA:224,3
DA:225,0
DA:226,0
DA:228,0
DA:231,3
DA:232,0
DA:233,0
DA:234,0
DA:236,0
DA:237,0
DA:238,0
DA:243,0
DA:244,0
DA:245,0
DA:247,0
DA:249,0
DA:250,0
DA:251,0
DA:252,0
DA:257,0
DA:258,0
DA:259,0
DA:261,0
DA:263,0
DA:264,0
DA:265,0
DA:266,0
DA:276,0
DA:298,0
DA:299,0
DA:300,0
DA:302,0
DA:306,0
DA:310,0
DA:311,0
DA:312,0
DA:313,0
DA:315,0
DA:317,0
DA:318,0
DA:320,0
DA:324,0
DA:325,0
DA:326,0
DA:327,0
DA:329,0
DA:331,0
DA:332,0
DA:334,0
DA:338,0
DA:339,0
DA:343,0
DA:344,0
DA:348,0
DA:349,0
DA:350,0
DA:351,0
DA:352,0
DA:354,0
DA:358,0
LF:132
LH:19
BRDA:3,0,0,9180
BRDA:11,1,0,42650
BRDA:11,1,1,384649
BRDA:13,2,0,42650
BRDA:13,2,1,42650
BRDA:21,3,0,384649
BRDA:21,3,1,0
BRDA:23,4,0,4080
BRDA:23,4,1,423219
BRDA:46,5,0,0
BRDA:49,6,0,0
BRDA:49,6,1,0
BRDA:52,7,0,0
BRDA:52,7,1,0
BRDA:54,8,0,0
BRDA:54,8,1,0
BRDA:54,9,0,0
BRDA:54,9,1,0
BRDA:114,10,0,0
BRDA:114,10,1,0
BRDA:117,11,0,0
BRDA:117,11,1,0
BRDA:120,12,0,0
BRDA:120,12,1,0
BRDA:123,13,0,0
BRDA:123,13,1,0
BRDA:126,14,0,0
BRDA:126,14,1,0
BRDA:126,15,0,0
BRDA:126,15,1,0
BRDA:129,16,0,0
BRDA:129,16,1,0
BRDA:132,17,0,0
BRDA:132,17,1,0
BRDA:144,18,0,448
BRDA:144,18,1,0
BRDA:145,19,0,0
BRDA:145,19,1,448
BRDA:150,20,0,448
BRDA:150,20,1,0
BRDA:151,21,0,0
BRDA:151,21,1,448
BRDA:166,22,0,0
BRDA:166,22,1,0
BRDA:170,23,0,0
BRDA:170,23,1,0
BRDA:176,24,0,0
BRDA:176,24,1,0
BRDA:184,25,0,0
BRDA:184,25,1,0
BRDA:195,26,0,0
BRDA:195,26,1,0
BRDA:206,27,0,0
BRDA:206,27,1,0
BRDA:209,28,0,0
BRDA:209,28,1,0
BRDA:224,29,0,0
BRDA:225,30,0,0
BRDA:225,30,1,0
BRDA:231,31,0,0
BRDA:232,32,0,0
BRDA:232,32,1,0
BRDA:242,33,0,0
BRDA:243,34,0,0
BRDA:243,34,1,0
BRDA:256,35,0,0
BRDA:257,36,0,0
BRDA:257,36,1,0
BRDA:270,37,0,0
BRDA:271,38,0,0
BRDA:272,39,0,0
BRDA:273,40,0,0
BRDA:274,41,0,0
BRDA:297,42,0,0
BRDA:306,43,0,0
BRDA:306,43,1,0
BRDA:309,44,0,0
BRDA:309,45,0,0
BRDA:311,46,0,0
BRDA:311,46,1,0
BRDA:317,47,0,0
BRDA:317,47,1,0
BRDA:323,48,0,0
BRDA:323,49,0,0
BRDA:325,50,0,0
BRDA:325,50,1,0
BRDA:331,51,0,0
BRDA:331,51,1,0
BRF:88
BRH:12
end_of_record
TN:
SF:/opt/app/src/js/tools/tools.js
FN:4,(anonymous_0)
FN:8,add
FN:12,mulToString
FN:16,(anonymous_3)
FN:18,(anonymous_4)
FN:30,(anonymous_5)
FN:38,(anonymous_6)
FN:44,(anonymous_7)
FN:51,(anonymous_8)
FN:59,extractFrom
FN:70,(anonymous_10)
FN:84,(anonymous_11)
FN:91,(anonymous_12)
FN:104,getElement
FN:112,addToObject
FN:120,(anonymous_15)
FN:172,duplicate
FN:185,(anonymous_17)
FN:190,(anonymous_18)
FN:199,assignObjectFromTo
FN:207,(anonymous_20)
FN:255,joinObjectsWithOptions
FN:281,joinObjects
FN:285,duplicateFromTo
FN:293,generateUniqueId
FN:294,(anonymous_25)
FN:311,isTouchDevice
FN:313,(anonymous_27)
FN:328,loadRemote
FN:342,(anonymous_29)
FN:352,loadRemoteCSS
FN:367,(anonymous_31)
FN:387,(anonymous_32)
FN:417,deleteKeys
FN:418,(anonymous_34)
FN:426,copyKeysFromTo
FN:427,(anonymous_36)
FN:435,generateRandomString
FN:444,(anonymous_38)
FN:452,(anonymous_39)
FN:457,(anonymous_40)
FN:466,(anonymous_41)
FN:482,(anonymous_42)
FN:484,(anonymous_43)
FN:490,(anonymous_44)
FN:501,compressObject
FN:568,uncompressObject
FN:577,minify
FN:585,unminify
FN:601,objectToPaths
FN:628,(anonymous_50)
FN:633,(anonymous_51)
FN:639,getObjectDiff
FN:656,(anonymous_53)
FN:669,(anonymous_54)
FN:687,updateObjFromPath
FN:705,(anonymous_56)
FN:759,pathsToObj
FN:761,(anonymous_58)
FN:762,(anonymous_59)
FN:773,refAndDiffToObject
FN:782,(anonymous_61)
FN:784,(anonymous_62)
FN:786,(anonymous_63)
FN:796,(anonymous_64)
FN:815,diffPathsToObj
FN:829,diffObjToPaths
FN:860,(anonymous_67)
FN:865,(anonymous_68)
FN:867,(anonymous_69)
FN:873,(anonymous_70)
FN:883,(anonymous_71)
FN:885,(anonymous_72)
FN:894,(anonymous_73)
FN:897,(anonymous_74)
FN:904,(anonymous_75)
FN:909,(anonymous_76)
FN:926,(anonymous_77)
FN:938,(anonymous_78)
FN:943,(anonymous_79)
FN:951,(anonymous_80)
FN:960,(anonymous_81)
FN:968,(anonymous_82)
FNF:83
FNH:51
FNDA:0,(anonymous_0)
FNDA:0,add
FNDA:0,mulToString
FNDA:0,(anonymous_3)
FNDA:0,(anonymous_4)
FNDA:0,(anonymous_5)
FNDA:0,(anonymous_6)
FNDA:0,(anonymous_7)
FNDA:0,(anonymous_8)
FNDA:0,extractFrom
FNDA:0,(anonymous_10)
FNDA:0,(anonymous_11)
FNDA:0,(anonymous_12)
FNDA:0,getElement
FNDA:0,addToObject
FNDA:0,(anonymous_15)
FNDA:148912,duplicate
FNDA:62130,(anonymous_17)
FNDA:86463,(anonymous_18)
FNDA:7426,assignObjectFromTo
FNDA:34754,(anonymous_20)
FNDA:1626,joinObjectsWithOptions
FNDA:1613,joinObjects
FNDA:0,duplicateFromTo
FNDA:0,generateUniqueId
FNDA:0,(anonymous_25)
FNDA:0,isTouchDevice
FNDA:0,(anonymous_27)
FNDA:0,loadRemote
FNDA:0,(anonymous_29)
FNDA:0,loadRemoteCSS
FNDA:0,(anonymous_31)
FNDA:0,(anonymous_32)
FNDA:0,deleteKeys
FNDA:0,(anonymous_34)
FNDA:0,copyKeysFromTo
FNDA:0,(anonymous_36)
FNDA:0,generateRandomString
FNDA:11,(anonymous_38)
FNDA:0,(anonymous_39)
FNDA:5617,(anonymous_40)
FNDA:553,(anonymous_41)
FNDA:12,(anonymous_42)
FNDA:574,(anonymous_43)
FNDA:5672,(anonymous_44)
FNDA:13409,compressObject
FNDA:12,uncompressObject
FNDA:10,minify
FNDA:12,unminify
FNDA:207674,objectToPaths
FNDA:83212,(anonymous_50)
FNDA:124229,(anonymous_51)
FNDA:112,getObjectDiff
FNDA:68718,(anonymous_53)
FNDA:68718,(anonymous_54)
FNDA:232,updateObjFromPath
FNDA:68,(anonymous_56)
FNDA:8,pathsToObj
FNDA:16,(anonymous_58)
FNDA:73,(anonymous_59)
FNDA:40,refAndDiffToObject
FNDA:19,(anonymous_61)
FNDA:45,(anonymous_62)
FNDA:220,(anonymous_63)
FNDA:41,(anonymous_64)
FNDA:13,diffPathsToObj
FNDA:15,diffObjToPaths
FNDA:285,(anonymous_67)
FNDA:5,(anonymous_68)
FNDA:1,(anonymous_69)
FNDA:12,(anonymous_70)
FNDA:6,(anonymous_71)
FNDA:1,(anonymous_72)
FNDA:14,(anonymous_73)
FNDA:285,(anonymous_74)
FNDA:48,(anonymous_75)
FNDA:5,(anonymous_76)
FNDA:155,(anonymous_77)
FNDA:2,(anonymous_78)
FNDA:112,(anonymous_79)
FNDA:36,(anonymous_80)
FNDA:107,(anonymous_81)
FNDA:36,(anonymous_82)
DA:4,3
DA:5,0
DA:9,0
DA:13,0
DA:16,3
DA:18,3
DA:19,0
DA:20,0
DA:22,0
DA:23,0
DA:31,0
DA:32,0
DA:33,0
DA:34,0
DA:39,0
DA:40,0
DA:45,0
DA:46,0
DA:48,0
DA:52,0
DA:53,0
DA:55,0
DA:64,0
DA:65,0
DA:66,0
DA:67,0
DA:69,0
DA:70,0
DA:71,0
DA:72,0
DA:73,0
DA:75,0
DA:76,0
DA:77,0
DA:80,0
DA:83,0
DA:84,0
DA:85,0
DA:86,0
DA:87,0
DA:91,0
DA:92,0
DA:93,0
DA:101,0
DA:108,0
DA:118,0
DA:119,0
DA:120,0
DA:121,0
DA:122,0
DA:123,0
DA:125,0
DA:126,0
DA:128,0
DA:173,148912
DA:178,96339
DA:180,52573
DA:181,2184
DA:183,50389
DA:184,21005
DA:185,62130
DA:186,21005
DA:188,29384
DA:189,29384
DA:190,29384
DA:191,86463
DA:192,86463
DA:194,29384
DA:196,0
DA:206,7426
DA:207,7426
DA:208,34754
DA:209,34754
DA:210,0
DA:212,34754
DA:213,34754
DA:215,270
DA:216,270
DA:218,34484
DA:229,29704
DA:230,29704
DA:231,0
DA:233,29704
DA:239,4780
DA:240,4780
DA:248,833
DA:250,4780
DA:259,1626
DA:260,1626
DA:261,1626
DA:262,1613
DA:264,1626
DA:265,1626
DA:268,1626
DA:269,1626
DA:270,1626
DA:271,2646
DA:272,2646
DA:273,2646
DA:276,1626
DA:282,1613
DA:290,0
DA:294,0
DA:295,0
DA:296,0
DA:297,0
DA:299,0
DA:300,0
DA:301,0
DA:302,0
DA:303,0
DA:304,0
DA:305,0
DA:308,0
DA:312,0
DA:313,0
DA:317,0
DA:318,0
DA:324,0
DA:325,0
DA:333,0
DA:334,0
DA:335,0
DA:336,0
DA:337,0
DA:338,0
DA:339,0
DA:340,0
DA:342,0
DA:343,0
DA:344,0
DA:347,0
DA:348,0
DA:357,0
DA:358,0
DA:359,0
DA:360,0
DA:361,0
DA:362,0
DA:363,0
DA:364,0
DA:365,0
DA:367,0
DA:368,0
DA:369,0
DA:372,0
DA:373,0
DA:387,3
DA:388,0
DA:389,0
DA:390,0
DA:392,0
DA:393,0
DA:394,0
DA:397,0
DA:399,0
DA:400,0
DA:401,0
DA:402,0
DA:403,0
DA:412,0
DA:418,0
DA:419,0
DA:421,0
DA:427,0
DA:428,0
DA:430,0
DA:436,0
DA:445,11
DA:446,11
DA:447,11
DA:448,11
DA:449,11
DA:453,0
DA:454,0
DA:458,5617
DA:459,5064
DA:461,553
DA:462,553
DA:463,553
DA:467,553
DA:468,0
DA:470,553
DA:471,553
DA:472,553
DA:473,553
DA:474,937
DA:475,937
DA:476,937
DA:478,553
DA:479,553
DA:483,12
DA:484,12
DA:485,574
DA:486,574
DA:491,5672
DA:492,28
DA:494,5644
DA:495,5627
DA:497,17
DA:509,13409
DA:513,3300
DA:514,1667
DA:516,1633
DA:517,1633
DA:519,0
DA:521,10109
DA:522,4220
DA:523,2118
DA:525,2102
DA:527,5889
DA:532,1250
DA:535,4639
DA:536,28
DA:539,4611
DA:540,1822
DA:541,5398
DA:543,1822
DA:546,2789
DA:547,2789
DA:548,2789
DA:549,2789
DA:550,7989
DA:551,7989
DA:552,7989
DA:553,4005
DA:554,3984
DA:555,3984
DA:557,0
DA:560,2789
DA:561,2789
DA:563,0
DA:565,0
DA:574,12
DA:578,10
DA:579,10
DA:589,12
DA:590,12
DA:591,1
DA:592,1
DA:593,1
DA:594,1
DA:595,1
DA:597,12
DA:598,12
DA:602,207674
DA:608,63486
DA:609,63486
DA:611,144188
DA:612,64819
DA:613,64802
DA:615,17
DA:617,64819
DA:619,79369
DA:620,9148
DA:621,9148
DA:623,70221
DA:625,28
DA:627,70193
DA:628,28128
DA:629,83212
DA:631,28128
DA:633,42065
DA:634,124229
DA:636,42065
DA:647,112
DA:648,112
DA:649,2
DA:651,112
DA:652,112
DA:653,112
DA:654,112
DA:655,112
DA:656,112
DA:657,68718
DA:658,0
DA:659,0
DA:661,68718
DA:662,113
DA:663,0
DA:665,113
DA:669,112
DA:670,68718
DA:671,0
DA:674,112
DA:675,112
DA:676,67
DA:678,112
DA:679,0
DA:681,112
DA:682,0
DA:684,112
DA:694,232
DA:695,232
DA:696,0
DA:698,232
DA:699,232
DA:700,232
DA:701,0
DA:702,0
DA:704,232
DA:705,68
DA:708,68
DA:709,12
DA:713,68
DA:714,68
DA:715,68
DA:716,68
DA:717,68
DA:718,14
DA:719,22
DA:722,68
DA:724,0
DA:725,0
DA:727,0
DA:730,68
DA:731,0
DA:732,0
DA:734,68
DA:735,34
DA:736,34
DA:738,34
DA:739,6
DA:741,34
DA:742,34
DA:749,164
DA:750,27
DA:751,27
DA:753,137
DA:754,25
DA:756,137
DA:760,8
DA:761,8
DA:762,73
DA:763,16
DA:764,16
DA:765,0
DA:767,16
DA:770,8
DA:781,40
DA:782,40
DA:784,19
DA:786,220
DA:787,45
DA:788,45
DA:789,0
DA:791,45
DA:796,40
DA:798,41
DA:800,41
DA:801,0
DA:804,41
DA:805,0
DA:808,41
DA:809,19
DA:812,40
DA:816,13
DA:817,13
DA:818,8
DA:820,13
DA:821,0
DA:823,13
DA:824,0
DA:826,13
DA:830,15
DA:831,15
DA:832,9
DA:834,15
DA:835,0
DA:837,15
DA:838,0
DA:840,15
DA:861,285
DA:862,285
DA:866,5
DA:867,5
DA:868,1
DA:873,12
DA:874,5
DA:884,6
DA:885,6
DA:886,1
DA:891,6
DA:892,6
DA:893,6
DA:894,14
DA:898,285
DA:899,285
DA:900,285
DA:901,285
DA:905,48
DA:906,48
DA:914,5
DA:915,0
DA:917,5
DA:918,5
DA:922,5
DA:927,155
DA:928,150
DA:930,5
DA:931,0
DA:933,5
DA:939,2
DA:940,2
DA:947,112
DA:948,112
DA:955,36
DA:956,36
DA:957,36
DA:961,107
DA:962,45
DA:964,107
DA:965,107
DA:969,36
DA:970,0
DA:972,36
DA:973,36
LF:417
LH:265
BRDA:19,0,0,0
BRDA:19,0,1,0
BRDA:20,1,0,0
BRDA:20,1,1,0
BRDA:20,2,0,0
BRDA:20,2,1,0
BRDA:33,3,0,0
BRDA:33,3,1,0
BRDA:39,4,0,0
BRDA:39,4,1,0
BRDA:45,5,0,0
BRDA:45,5,1,0
BRDA:52,6,0,0
BRDA:52,6,1,0
BRDA:62,7,0,0
BRDA:65,8,0,0
BRDA:65,8,1,0
BRDA:66,9,0,0
BRDA:66,9,1,0
BRDA:71,10,0,0
BRDA:71,10,1,0
BRDA:72,11,0,0
BRDA:72,11,1,0
BRDA:75,12,0,0
BRDA:75,12,1,0
BRDA:76,13,0,0
BRDA:76,13,1,0
BRDA:83,14,0,0
BRDA:83,14,1,0
BRDA:86,15,0,0
BRDA:86,15,1,0
BRDA:92,16,0,0
BRDA:92,16,1,0
BRDA:116,17,0,0
BRDA:121,18,0,0
BRDA:121,18,1,0
BRDA:125,19,0,0
BRDA:125,19,1,0
BRDA:173,20,0,96339
BRDA:173,20,1,52573
BRDA:173,21,0,148912
BRDA:173,21,1,106917
BRDA:173,21,2,98900
BRDA:173,21,3,59486
BRDA:173,21,4,52573
BRDA:180,22,0,2184
BRDA:180,22,1,50389
BRDA:183,23,0,21005
BRDA:183,23,1,29384
BRDA:188,24,0,29384
BRDA:188,24,1,0
BRDA:202,25,0,0
BRDA:203,26,0,0
BRDA:204,27,0,0
BRDA:206,28,0,0
BRDA:206,28,1,7426
BRDA:208,29,0,18505
BRDA:208,29,1,16249
BRDA:209,30,0,0
BRDA:209,30,1,34754
BRDA:213,31,0,270
BRDA:213,31,1,34484
BRDA:213,32,0,34754
BRDA:213,32,1,14104
BRDA:213,32,2,11894
BRDA:218,33,0,29704
BRDA:218,33,1,4780
BRDA:218,34,0,34484
BRDA:218,34,1,22582
BRDA:218,34,2,17889
BRDA:218,34,3,13834
BRDA:218,34,4,11624
BRDA:218,34,5,11624
BRDA:218,34,6,8266
BRDA:229,35,0,29704
BRDA:229,35,1,0
BRDA:229,36,0,29704
BRDA:229,36,1,0
BRDA:230,37,0,0
BRDA:230,37,1,29704
BRDA:240,38,0,833
BRDA:240,38,1,3947
BRDA:240,39,0,4780
BRDA:240,39,1,4780
BRDA:240,39,2,4780
BRDA:240,39,3,4780
BRDA:240,39,4,4100
BRDA:240,39,5,3947
BRDA:261,40,0,1613
BRDA:261,40,1,13
BRDA:264,41,0,1626
BRDA:264,41,1,0
BRDA:272,42,0,2646
BRDA:272,42,1,0
BRDA:288,43,0,0
BRDA:293,44,0,0
BRDA:296,45,0,0
BRDA:296,45,1,0
BRDA:304,46,0,0
BRDA:304,46,1,0
BRDA:317,47,0,0
BRDA:317,47,1,0
BRDA:317,48,0,0
BRDA:317,48,1,0
BRDA:317,48,2,0
BRDA:331,49,0,0
BRDA:334,50,0,0
BRDA:334,50,1,0
BRDA:339,51,0,0
BRDA:339,51,1,0
BRDA:343,52,0,0
BRDA:343,52,1,0
BRDA:347,53,0,0
BRDA:347,53,1,0
BRDA:355,54,0,0
BRDA:358,55,0,0
BRDA:358,55,1,0
BRDA:364,56,0,0
BRDA:364,56,1,0
BRDA:368,57,0,0
BRDA:368,57,1,0
BRDA:372,58,0,0
BRDA:372,58,1,0
BRDA:389,59,0,0
BRDA:389,59,1,0
BRDA:392,60,0,0
BRDA:392,60,1,0
BRDA:393,61,0,0
BRDA:393,61,1,0
BRDA:403,62,0,0
BRDA:403,62,1,0
BRDA:404,63,0,0
BRDA:404,63,1,0
BRDA:404,63,2,0
BRDA:404,63,3,0
BRDA:404,63,4,0
BRDA:404,63,5,0
BRDA:404,63,6,0
BRDA:419,64,0,0
BRDA:419,64,1,0
BRDA:428,65,0,0
BRDA:428,65,1,0
BRDA:458,66,0,5064
BRDA:458,66,1,553
BRDA:467,67,0,0
BRDA:467,67,1,553
BRDA:491,68,0,28
BRDA:491,68,1,5644
BRDA:494,69,0,5627
BRDA:494,69,1,17
BRDA:504,70,0,0
BRDA:505,71,0,0
BRDA:506,72,0,0
BRDA:507,73,0,10
BRDA:509,74,0,3300
BRDA:509,74,1,10109
BRDA:513,75,0,1667
BRDA:513,75,1,1633
BRDA:513,76,0,3300
BRDA:513,76,1,3300
BRDA:516,77,0,1633
BRDA:516,77,1,0
BRDA:521,78,0,4220
BRDA:521,78,1,5889
BRDA:522,79,0,2118
BRDA:522,79,1,2102
BRDA:522,80,0,4220
BRDA:522,80,1,2102
BRDA:527,81,0,1250
BRDA:527,81,1,4639
BRDA:528,82,0,5889
BRDA:528,82,1,5219
BRDA:528,82,2,5219
BRDA:535,83,0,28
BRDA:535,83,1,4611
BRDA:539,84,0,1822
BRDA:539,84,1,2789
BRDA:546,85,0,2789
BRDA:546,85,1,0
BRDA:552,86,0,4005
BRDA:552,86,1,3984
BRDA:552,87,0,7989
BRDA:552,87,1,7989
BRDA:554,88,0,3984
BRDA:554,88,1,0
BRDA:560,89,0,2789
BRDA:560,89,1,0
BRDA:571,90,0,0
BRDA:572,91,0,0
BRDA:577,92,0,1
BRDA:590,93,0,1
BRDA:590,93,1,11
BRDA:601,94,0,9
BRDA:601,95,0,9
BRDA:601,96,0,9
BRDA:602,97,0,63486
BRDA:602,97,1,144188
BRDA:603,98,0,207674
BRDA:603,98,1,154884
BRDA:603,98,2,144188
BRDA:611,99,0,64819
BRDA:611,99,1,79369
BRDA:612,100,0,64802
BRDA:612,100,1,17
BRDA:619,101,0,9148
BRDA:619,101,1,70221
BRDA:623,102,0,28
BRDA:623,102,1,70193
BRDA:627,103,0,28128
BRDA:627,103,1,42065
BRDA:643,104,0,0
BRDA:644,105,0,112
BRDA:648,106,0,2
BRDA:648,106,1,110
BRDA:657,107,0,0
BRDA:657,107,1,68718
BRDA:661,108,0,113
BRDA:661,108,1,68605
BRDA:662,109,0,0
BRDA:662,109,1,113
BRDA:670,110,0,0
BRDA:670,110,1,68718
BRDA:675,111,0,67
BRDA:675,111,1,45
BRDA:678,112,0,0
BRDA:678,112,1,112
BRDA:681,113,0,0
BRDA:681,113,1,112
BRDA:691,114,0,16
BRDA:695,115,0,0
BRDA:695,115,1,232
BRDA:700,116,0,0
BRDA:700,116,1,232
BRDA:700,117,0,232
BRDA:700,117,1,61
BRDA:700,117,2,0
BRDA:704,118,0,68
BRDA:704,118,1,164
BRDA:708,119,0,12
BRDA:708,119,1,56
BRDA:708,120,0,68
BRDA:708,120,1,56
BRDA:717,121,0,14
BRDA:717,121,1,54
BRDA:722,122,0,0
BRDA:722,122,1,68
BRDA:724,123,0,0
BRDA:724,123,1,0
BRDA:730,124,0,0
BRDA:730,124,1,68
BRDA:730,125,0,68
BRDA:730,125,1,34
BRDA:734,126,0,34
BRDA:734,126,1,34
BRDA:738,127,0,6
BRDA:738,127,1,28
BRDA:738,128,0,34
BRDA:738,128,1,28
BRDA:749,129,0,27
BRDA:749,129,1,137
BRDA:753,130,0,25
BRDA:753,130,1,112
BRDA:764,131,0,0
BRDA:764,131,1,16
BRDA:782,132,0,19
BRDA:788,133,0,0
BRDA:788,133,1,45
BRDA:800,134,0,0
BRDA:800,134,1,41
BRDA:804,135,0,0
BRDA:804,135,1,41
BRDA:808,136,0,19
BRDA:808,136,1,22
BRDA:817,137,0,8
BRDA:817,137,1,5
BRDA:817,138,0,13
BRDA:817,138,1,8
BRDA:820,139,0,0
BRDA:820,139,1,13
BRDA:820,140,0,13
BRDA:820,140,1,0
BRDA:823,141,0,0
BRDA:823,141,1,13
BRDA:823,142,0,13
BRDA:823,142,1,0
BRDA:831,143,0,9
BRDA:831,143,1,6
BRDA:831,144,0,15
BRDA:831,144,1,9
BRDA:834,145,0,0
BRDA:834,145,1,15
BRDA:834,146,0,15
BRDA:834,146,1,0
BRDA:837,147,0,0
BRDA:837,147,1,15
BRDA:837,148,0,15
BRDA:837,148,1,0
BRDA:860,149,0,19
BRDA:912,150,0,5
BRDA:914,151,0,0
BRDA:914,151,1,5
BRDA:914,152,0,5
BRDA:914,152,1,5
BRDA:917,153,0,5
BRDA:917,153,1,0
BRDA:927,154,0,150
BRDA:927,154,1,5
BRDA:930,155,0,0
BRDA:930,155,1,5
BRDA:960,156,0,0
BRDA:960,157,0,0
BRDA:961,158,0,45
BRDA:961,158,1,62
BRDA:969,159,0,0
BRDA:969,159,1,36
BRF:315
BRH:177
end_of_record
